2021-12-31 12:03:28.629 INFO  com.zestfulYoghurt.zy.ZyApplication - Starting ZyApplication on zhangyi211123 with PID 4836 (C:\Users\860120017\Desktop\project\web-app-serve\web-app-serve\target\classes started by 860120017 in C:\Users\860120017\Desktop\project\web-app-serve)
2021-12-31 12:03:28.645 INFO  com.zestfulYoghurt.zy.ZyApplication - The following profiles are active: logger,mail,mybatisDev,mysql,redis
2021-12-31 12:03:28.692 INFO  o.s.b.d.env.DevToolsPropertyDefaultsPostProcessor - Devtools property defaults active! Set 'spring.devtools.add-properties' to 'false' to disable
2021-12-31 12:03:28.692 INFO  o.s.b.d.env.DevToolsPropertyDefaultsPostProcessor - For additional web related logging consider setting the 'logging.level.web' property to 'DEBUG'
2021-12-31 12:03:29.270 INFO  o.s.d.r.config.RepositoryConfigurationDelegate - Multiple Spring Data modules found, entering strict repository configuration mode!
2021-12-31 12:03:29.270 INFO  o.s.d.r.config.RepositoryConfigurationDelegate - Bootstrapping Spring Data Redis repositories in DEFAULT mode.
2021-12-31 12:03:29.301 INFO  o.s.d.r.config.RepositoryConfigurationDelegate - Finished Spring Data repository scanning in 13ms. Found 0 Redis repository interfaces.
2021-12-31 12:03:29.490 INFO  o.s.c.s.PostProcessorRegistrationDelegate$BeanPostProcessorChecker - Bean 'shiroConfiguration' of type [com.zestfulYoghurt.zy.configuration.ShiroConfiguration$$EnhancerBySpringCGLIB$$6d2946cc] is not eligible for getting processed by all BeanPostProcessors (for example: not eligible for auto-proxying)
2021-12-31 12:03:29.740 INFO  o.s.c.s.PostProcessorRegistrationDelegate$BeanPostProcessorChecker - Bean 'mybatis-org.mybatis.spring.boot.autoconfigure.MybatisProperties' of type [org.mybatis.spring.boot.autoconfigure.MybatisProperties] is not eligible for getting processed by all BeanPostProcessors (for example: not eligible for auto-proxying)
2021-12-31 12:03:29.755 INFO  o.s.c.s.PostProcessorRegistrationDelegate$BeanPostProcessorChecker - Bean 'org.mybatis.spring.boot.autoconfigure.MybatisAutoConfiguration' of type [org.mybatis.spring.boot.autoconfigure.MybatisAutoConfiguration$$EnhancerBySpringCGLIB$$294bdd9d] is not eligible for getting processed by all BeanPostProcessors (for example: not eligible for auto-proxying)
2021-12-31 12:03:29.755 INFO  o.s.c.s.PostProcessorRegistrationDelegate$BeanPostProcessorChecker - Bean 'org.springframework.boot.autoconfigure.jdbc.DataSourceConfiguration$Hikari' of type [org.springframework.boot.autoconfigure.jdbc.DataSourceConfiguration$Hikari] is not eligible for getting processed by all BeanPostProcessors (for example: not eligible for auto-proxying)
2021-12-31 12:03:29.755 INFO  o.s.c.s.PostProcessorRegistrationDelegate$BeanPostProcessorChecker - Bean 'spring.datasource-org.springframework.boot.autoconfigure.jdbc.DataSourceProperties' of type [org.springframework.boot.autoconfigure.jdbc.DataSourceProperties] is not eligible for getting processed by all BeanPostProcessors (for example: not eligible for auto-proxying)
2021-12-31 12:03:29.771 INFO  o.s.c.s.PostProcessorRegistrationDelegate$BeanPostProcessorChecker - Bean 'dataSource' of type [com.zaxxer.hikari.HikariDataSource] is not eligible for getting processed by all BeanPostProcessors (for example: not eligible for auto-proxying)
2021-12-31 12:03:29.849 INFO  o.s.c.s.PostProcessorRegistrationDelegate$BeanPostProcessorChecker - Bean 'sqlSessionFactory' of type [org.apache.ibatis.session.defaults.DefaultSqlSessionFactory] is not eligible for getting processed by all BeanPostProcessors (for example: not eligible for auto-proxying)
2021-12-31 12:03:29.849 INFO  o.s.c.s.PostProcessorRegistrationDelegate$BeanPostProcessorChecker - Bean 'sqlSessionTemplate' of type [org.mybatis.spring.SqlSessionTemplate] is not eligible for getting processed by all BeanPostProcessors (for example: not eligible for auto-proxying)
2021-12-31 12:03:29.849 INFO  o.s.c.s.PostProcessorRegistrationDelegate$BeanPostProcessorChecker - Bean 'userMapper' of type [org.mybatis.spring.mapper.MapperFactoryBean] is not eligible for getting processed by all BeanPostProcessors (for example: not eligible for auto-proxying)
2021-12-31 12:03:29.849 INFO  o.s.c.s.PostProcessorRegistrationDelegate$BeanPostProcessorChecker - Bean 'userMapper' of type [com.sun.proxy.$Proxy50] is not eligible for getting processed by all BeanPostProcessors (for example: not eligible for auto-proxying)
2021-12-31 12:03:29.849 INFO  o.s.c.s.PostProcessorRegistrationDelegate$BeanPostProcessorChecker - Bean 'myShiroRealm' of type [com.zestfulYoghurt.zy.shiro.LoginRealm] is not eligible for getting processed by all BeanPostProcessors (for example: not eligible for auto-proxying)
2021-12-31 12:03:29.865 INFO  o.s.c.s.PostProcessorRegistrationDelegate$BeanPostProcessorChecker - Bean 'securityManager' of type [org.apache.shiro.web.mgt.DefaultWebSecurityManager] is not eligible for getting processed by all BeanPostProcessors (for example: not eligible for auto-proxying)
2021-12-31 12:03:29.896 INFO  o.s.c.s.PostProcessorRegistrationDelegate$BeanPostProcessorChecker - Bean 'authorizationAttributeSourceAdvisor' of type [org.apache.shiro.spring.security.interceptor.AuthorizationAttributeSourceAdvisor] is not eligible for getting processed by all BeanPostProcessors (for example: not eligible for auto-proxying)
2021-12-31 12:03:30.330 INFO  o.s.boot.web.embedded.tomcat.TomcatWebServer - Tomcat initialized with port(s): 8086 (http)
2021-12-31 12:03:30.333 INFO  org.apache.coyote.http11.Http11NioProtocol - Initializing ProtocolHandler ["http-nio-8086"]
2021-12-31 12:03:30.333 INFO  org.apache.catalina.core.StandardService - Starting service [Tomcat]
2021-12-31 12:03:30.333 INFO  org.apache.catalina.core.StandardEngine - Starting Servlet engine: [Apache Tomcat/9.0.39]
2021-12-31 12:03:30.536 INFO  org.apache.jasper.servlet.TldScanner - At least one JAR was scanned for TLDs yet contained no TLDs. Enable debug logging for this logger for a complete list of JARs that were scanned but no TLDs were found in them. Skipping unneeded JARs during scanning can improve startup time and JSP compilation time.
2021-12-31 12:03:30.536 INFO  o.a.c.core.ContainerBase.[Tomcat].[localhost].[/] - Initializing Spring embedded WebApplicationContext
2021-12-31 12:03:30.536 INFO  o.s.b.w.s.c.ServletWebServerApplicationContext - Root WebApplicationContext: initialization completed in 1844 ms
2021-12-31 12:03:30.896 INFO  o.s.scheduling.concurrent.ThreadPoolTaskExecutor - Initializing ExecutorService 'applicationTaskExecutor'
2021-12-31 12:03:31.583 INFO  o.s.b.d.autoconfigure.OptionalLiveReloadServer - LiveReload server is running on port 35729
2021-12-31 12:03:31.599 INFO  org.apache.coyote.http11.Http11NioProtocol - Starting ProtocolHandler ["http-nio-8086"]
2021-12-31 12:03:31.630 INFO  o.s.boot.web.embedded.tomcat.TomcatWebServer - Tomcat started on port(s): 8086 (http) with context path ''
2021-12-31 12:03:31.646 INFO  com.zestfulYoghurt.zy.ZyApplication - Started ZyApplication in 3.394 seconds (JVM running for 4.99)
2021-12-31 12:04:00.806 INFO  o.a.c.core.ContainerBase.[Tomcat].[localhost].[/] - Initializing Spring DispatcherServlet 'dispatcherServlet'
2021-12-31 12:04:00.806 INFO  org.springframework.web.servlet.DispatcherServlet - Initializing Servlet 'dispatcherServlet'
2021-12-31 12:04:00.815 INFO  org.springframework.web.servlet.DispatcherServlet - Completed initialization in 9 ms
2021-12-31 12:05:14.557 INFO  o.s.scheduling.concurrent.ThreadPoolTaskExecutor - Shutting down ExecutorService 'applicationTaskExecutor'
2021-12-31 12:05:21.380 INFO  com.zestfulYoghurt.zy.ZyApplication - Starting ZyApplication on zhangyi211123 with PID 13376 (C:\Users\860120017\Desktop\project\web-app-serve\web-app-serve\target\classes started by 860120017 in C:\Users\860120017\Desktop\project\web-app-serve)
2021-12-31 12:05:21.380 INFO  com.zestfulYoghurt.zy.ZyApplication - The following profiles are active: logger,mail,mybatisDev,mysql,redis
2021-12-31 12:05:21.412 INFO  o.s.b.d.env.DevToolsPropertyDefaultsPostProcessor - Devtools property defaults active! Set 'spring.devtools.add-properties' to 'false' to disable
2021-12-31 12:05:21.412 INFO  o.s.b.d.env.DevToolsPropertyDefaultsPostProcessor - For additional web related logging consider setting the 'logging.level.web' property to 'DEBUG'
2021-12-31 12:05:21.927 INFO  o.s.d.r.config.RepositoryConfigurationDelegate - Multiple Spring Data modules found, entering strict repository configuration mode!
2021-12-31 12:05:21.927 INFO  o.s.d.r.config.RepositoryConfigurationDelegate - Bootstrapping Spring Data Redis repositories in DEFAULT mode.
2021-12-31 12:05:21.943 INFO  o.s.d.r.config.RepositoryConfigurationDelegate - Finished Spring Data repository scanning in 11ms. Found 0 Redis repository interfaces.
2021-12-31 12:05:22.083 INFO  o.s.c.s.PostProcessorRegistrationDelegate$BeanPostProcessorChecker - Bean 'shiroConfiguration' of type [com.zestfulYoghurt.zy.configuration.ShiroConfiguration$$EnhancerBySpringCGLIB$$313e73dc] is not eligible for getting processed by all BeanPostProcessors (for example: not eligible for auto-proxying)
2021-12-31 12:05:22.224 INFO  o.s.c.s.PostProcessorRegistrationDelegate$BeanPostProcessorChecker - Bean 'mybatis-org.mybatis.spring.boot.autoconfigure.MybatisProperties' of type [org.mybatis.spring.boot.autoconfigure.MybatisProperties] is not eligible for getting processed by all BeanPostProcessors (for example: not eligible for auto-proxying)
2021-12-31 12:05:22.240 INFO  o.s.c.s.PostProcessorRegistrationDelegate$BeanPostProcessorChecker - Bean 'org.mybatis.spring.boot.autoconfigure.MybatisAutoConfiguration' of type [org.mybatis.spring.boot.autoconfigure.MybatisAutoConfiguration$$EnhancerBySpringCGLIB$$ed610aad] is not eligible for getting processed by all BeanPostProcessors (for example: not eligible for auto-proxying)
2021-12-31 12:05:22.240 INFO  o.s.c.s.PostProcessorRegistrationDelegate$BeanPostProcessorChecker - Bean 'org.springframework.boot.autoconfigure.jdbc.DataSourceConfiguration$Hikari' of type [org.springframework.boot.autoconfigure.jdbc.DataSourceConfiguration$Hikari] is not eligible for getting processed by all BeanPostProcessors (for example: not eligible for auto-proxying)
2021-12-31 12:05:22.240 INFO  o.s.c.s.PostProcessorRegistrationDelegate$BeanPostProcessorChecker - Bean 'spring.datasource-org.springframework.boot.autoconfigure.jdbc.DataSourceProperties' of type [org.springframework.boot.autoconfigure.jdbc.DataSourceProperties] is not eligible for getting processed by all BeanPostProcessors (for example: not eligible for auto-proxying)
2021-12-31 12:05:22.255 INFO  o.s.c.s.PostProcessorRegistrationDelegate$BeanPostProcessorChecker - Bean 'dataSource' of type [com.zaxxer.hikari.HikariDataSource] is not eligible for getting processed by all BeanPostProcessors (for example: not eligible for auto-proxying)
2021-12-31 12:05:22.332 INFO  o.s.c.s.PostProcessorRegistrationDelegate$BeanPostProcessorChecker - Bean 'sqlSessionFactory' of type [org.apache.ibatis.session.defaults.DefaultSqlSessionFactory] is not eligible for getting processed by all BeanPostProcessors (for example: not eligible for auto-proxying)
2021-12-31 12:05:22.332 INFO  o.s.c.s.PostProcessorRegistrationDelegate$BeanPostProcessorChecker - Bean 'sqlSessionTemplate' of type [org.mybatis.spring.SqlSessionTemplate] is not eligible for getting processed by all BeanPostProcessors (for example: not eligible for auto-proxying)
2021-12-31 12:05:22.332 INFO  o.s.c.s.PostProcessorRegistrationDelegate$BeanPostProcessorChecker - Bean 'userMapper' of type [org.mybatis.spring.mapper.MapperFactoryBean] is not eligible for getting processed by all BeanPostProcessors (for example: not eligible for auto-proxying)
2021-12-31 12:05:22.332 INFO  o.s.c.s.PostProcessorRegistrationDelegate$BeanPostProcessorChecker - Bean 'userMapper' of type [com.sun.proxy.$Proxy50] is not eligible for getting processed by all BeanPostProcessors (for example: not eligible for auto-proxying)
2021-12-31 12:05:22.332 INFO  o.s.c.s.PostProcessorRegistrationDelegate$BeanPostProcessorChecker - Bean 'myShiroRealm' of type [com.zestfulYoghurt.zy.shiro.LoginRealm] is not eligible for getting processed by all BeanPostProcessors (for example: not eligible for auto-proxying)
2021-12-31 12:05:22.332 INFO  o.s.c.s.PostProcessorRegistrationDelegate$BeanPostProcessorChecker - Bean 'securityManager' of type [org.apache.shiro.web.mgt.DefaultWebSecurityManager] is not eligible for getting processed by all BeanPostProcessors (for example: not eligible for auto-proxying)
2021-12-31 12:05:22.363 INFO  o.s.c.s.PostProcessorRegistrationDelegate$BeanPostProcessorChecker - Bean 'authorizationAttributeSourceAdvisor' of type [org.apache.shiro.spring.security.interceptor.AuthorizationAttributeSourceAdvisor] is not eligible for getting processed by all BeanPostProcessors (for example: not eligible for auto-proxying)
2021-12-31 12:05:22.723 INFO  o.s.boot.web.embedded.tomcat.TomcatWebServer - Tomcat initialized with port(s): 8086 (http)
2021-12-31 12:05:22.738 INFO  org.apache.coyote.http11.Http11NioProtocol - Initializing ProtocolHandler ["http-nio-8086"]
2021-12-31 12:05:22.738 INFO  org.apache.catalina.core.StandardService - Starting service [Tomcat]
2021-12-31 12:05:22.738 INFO  org.apache.catalina.core.StandardEngine - Starting Servlet engine: [Apache Tomcat/9.0.39]
2021-12-31 12:05:22.894 INFO  org.apache.jasper.servlet.TldScanner - At least one JAR was scanned for TLDs yet contained no TLDs. Enable debug logging for this logger for a complete list of JARs that were scanned but no TLDs were found in them. Skipping unneeded JARs during scanning can improve startup time and JSP compilation time.
2021-12-31 12:05:22.894 INFO  o.a.c.core.ContainerBase.[Tomcat].[localhost].[/] - Initializing Spring embedded WebApplicationContext
2021-12-31 12:05:22.894 INFO  o.s.b.w.s.c.ServletWebServerApplicationContext - Root WebApplicationContext: initialization completed in 1482 ms
2021-12-31 12:05:23.254 INFO  o.s.scheduling.concurrent.ThreadPoolTaskExecutor - Initializing ExecutorService 'applicationTaskExecutor'
2021-12-31 12:05:23.896 INFO  o.s.b.d.autoconfigure.OptionalLiveReloadServer - LiveReload server is running on port 35729
2021-12-31 12:05:23.896 INFO  org.apache.coyote.http11.Http11NioProtocol - Starting ProtocolHandler ["http-nio-8086"]
2021-12-31 12:05:23.927 INFO  o.s.boot.web.embedded.tomcat.TomcatWebServer - Tomcat started on port(s): 8086 (http) with context path ''
2021-12-31 12:05:23.927 INFO  com.zestfulYoghurt.zy.ZyApplication - Started ZyApplication in 2.901 seconds (JVM running for 3.378)
2021-12-31 12:05:28.731 INFO  o.a.c.core.ContainerBase.[Tomcat].[localhost].[/] - Initializing Spring DispatcherServlet 'dispatcherServlet'
2021-12-31 12:05:28.732 INFO  org.springframework.web.servlet.DispatcherServlet - Initializing Servlet 'dispatcherServlet'
2021-12-31 12:05:28.740 INFO  org.springframework.web.servlet.DispatcherServlet - Completed initialization in 8 ms
2021-12-31 12:09:01.200 INFO  o.s.scheduling.concurrent.ThreadPoolTaskExecutor - Shutting down ExecutorService 'applicationTaskExecutor'
2021-12-31 12:09:03.198 INFO  com.zestfulYoghurt.zy.ZyApplication - Starting ZyApplication on zhangyi211123 with PID 8492 (C:\Users\860120017\Desktop\project\web-app-serve\web-app-serve\target\classes started by 860120017 in C:\Users\860120017\Desktop\project\web-app-serve)
2021-12-31 12:09:03.199 INFO  com.zestfulYoghurt.zy.ZyApplication - The following profiles are active: logger,mail,mybatisDev,mysql,redis
2021-12-31 12:09:03.231 INFO  o.s.b.d.env.DevToolsPropertyDefaultsPostProcessor - Devtools property defaults active! Set 'spring.devtools.add-properties' to 'false' to disable
2021-12-31 12:09:03.231 INFO  o.s.b.d.env.DevToolsPropertyDefaultsPostProcessor - For additional web related logging consider setting the 'logging.level.web' property to 'DEBUG'
2021-12-31 12:09:03.661 INFO  o.s.d.r.config.RepositoryConfigurationDelegate - Multiple Spring Data modules found, entering strict repository configuration mode!
2021-12-31 12:09:03.662 INFO  o.s.d.r.config.RepositoryConfigurationDelegate - Bootstrapping Spring Data Redis repositories in DEFAULT mode.
2021-12-31 12:09:03.690 INFO  o.s.d.r.config.RepositoryConfigurationDelegate - Finished Spring Data repository scanning in 11ms. Found 0 Redis repository interfaces.
2021-12-31 12:09:03.818 INFO  o.s.c.s.PostProcessorRegistrationDelegate$BeanPostProcessorChecker - Bean 'shiroConfiguration' of type [com.zestfulYoghurt.zy.configuration.ShiroConfiguration$$EnhancerBySpringCGLIB$$69a0f19a] is not eligible for getting processed by all BeanPostProcessors (for example: not eligible for auto-proxying)
2021-12-31 12:09:03.965 INFO  o.s.c.s.PostProcessorRegistrationDelegate$BeanPostProcessorChecker - Bean 'mybatis-org.mybatis.spring.boot.autoconfigure.MybatisProperties' of type [org.mybatis.spring.boot.autoconfigure.MybatisProperties] is not eligible for getting processed by all BeanPostProcessors (for example: not eligible for auto-proxying)
2021-12-31 12:09:03.969 INFO  o.s.c.s.PostProcessorRegistrationDelegate$BeanPostProcessorChecker - Bean 'org.mybatis.spring.boot.autoconfigure.MybatisAutoConfiguration' of type [org.mybatis.spring.boot.autoconfigure.MybatisAutoConfiguration$$EnhancerBySpringCGLIB$$25c3886b] is not eligible for getting processed by all BeanPostProcessors (for example: not eligible for auto-proxying)
2021-12-31 12:09:03.971 INFO  o.s.c.s.PostProcessorRegistrationDelegate$BeanPostProcessorChecker - Bean 'org.springframework.boot.autoconfigure.jdbc.DataSourceConfiguration$Hikari' of type [org.springframework.boot.autoconfigure.jdbc.DataSourceConfiguration$Hikari] is not eligible for getting processed by all BeanPostProcessors (for example: not eligible for auto-proxying)
2021-12-31 12:09:03.977 INFO  o.s.c.s.PostProcessorRegistrationDelegate$BeanPostProcessorChecker - Bean 'spring.datasource-org.springframework.boot.autoconfigure.jdbc.DataSourceProperties' of type [org.springframework.boot.autoconfigure.jdbc.DataSourceProperties] is not eligible for getting processed by all BeanPostProcessors (for example: not eligible for auto-proxying)
2021-12-31 12:09:03.989 INFO  o.s.c.s.PostProcessorRegistrationDelegate$BeanPostProcessorChecker - Bean 'dataSource' of type [com.zaxxer.hikari.HikariDataSource] is not eligible for getting processed by all BeanPostProcessors (for example: not eligible for auto-proxying)
2021-12-31 12:09:04.060 INFO  o.s.c.s.PostProcessorRegistrationDelegate$BeanPostProcessorChecker - Bean 'sqlSessionFactory' of type [org.apache.ibatis.session.defaults.DefaultSqlSessionFactory] is not eligible for getting processed by all BeanPostProcessors (for example: not eligible for auto-proxying)
2021-12-31 12:09:04.063 INFO  o.s.c.s.PostProcessorRegistrationDelegate$BeanPostProcessorChecker - Bean 'sqlSessionTemplate' of type [org.mybatis.spring.SqlSessionTemplate] is not eligible for getting processed by all BeanPostProcessors (for example: not eligible for auto-proxying)
2021-12-31 12:09:04.064 INFO  o.s.c.s.PostProcessorRegistrationDelegate$BeanPostProcessorChecker - Bean 'userMapper' of type [org.mybatis.spring.mapper.MapperFactoryBean] is not eligible for getting processed by all BeanPostProcessors (for example: not eligible for auto-proxying)
2021-12-31 12:09:04.064 INFO  o.s.c.s.PostProcessorRegistrationDelegate$BeanPostProcessorChecker - Bean 'userMapper' of type [com.sun.proxy.$Proxy50] is not eligible for getting processed by all BeanPostProcessors (for example: not eligible for auto-proxying)
2021-12-31 12:09:04.065 INFO  o.s.c.s.PostProcessorRegistrationDelegate$BeanPostProcessorChecker - Bean 'myShiroRealm' of type [com.zestfulYoghurt.zy.shiro.LoginRealm] is not eligible for getting processed by all BeanPostProcessors (for example: not eligible for auto-proxying)
2021-12-31 12:09:04.067 INFO  o.s.c.s.PostProcessorRegistrationDelegate$BeanPostProcessorChecker - Bean 'securityManager' of type [org.apache.shiro.web.mgt.DefaultWebSecurityManager] is not eligible for getting processed by all BeanPostProcessors (for example: not eligible for auto-proxying)
2021-12-31 12:09:04.092 INFO  o.s.c.s.PostProcessorRegistrationDelegate$BeanPostProcessorChecker - Bean 'authorizationAttributeSourceAdvisor' of type [org.apache.shiro.spring.security.interceptor.AuthorizationAttributeSourceAdvisor] is not eligible for getting processed by all BeanPostProcessors (for example: not eligible for auto-proxying)
2021-12-31 12:09:04.447 INFO  o.s.boot.web.embedded.tomcat.TomcatWebServer - Tomcat initialized with port(s): 8086 (http)
2021-12-31 12:09:04.448 INFO  org.apache.coyote.http11.Http11NioProtocol - Initializing ProtocolHandler ["http-nio-8086"]
2021-12-31 12:09:04.448 INFO  org.apache.catalina.core.StandardService - Starting service [Tomcat]
2021-12-31 12:09:04.448 INFO  org.apache.catalina.core.StandardEngine - Starting Servlet engine: [Apache Tomcat/9.0.39]
2021-12-31 12:09:04.604 INFO  org.apache.jasper.servlet.TldScanner - At least one JAR was scanned for TLDs yet contained no TLDs. Enable debug logging for this logger for a complete list of JARs that were scanned but no TLDs were found in them. Skipping unneeded JARs during scanning can improve startup time and JSP compilation time.
2021-12-31 12:09:04.604 INFO  o.a.c.core.ContainerBase.[Tomcat].[localhost].[/] - Initializing Spring embedded WebApplicationContext
2021-12-31 12:09:04.604 INFO  o.s.b.w.s.c.ServletWebServerApplicationContext - Root WebApplicationContext: initialization completed in 1372 ms
2021-12-31 12:09:04.948 INFO  o.s.scheduling.concurrent.ThreadPoolTaskExecutor - Initializing ExecutorService 'applicationTaskExecutor'
2021-12-31 12:09:05.548 INFO  o.s.b.d.autoconfigure.OptionalLiveReloadServer - LiveReload server is running on port 35729
2021-12-31 12:09:05.564 INFO  org.apache.coyote.http11.Http11NioProtocol - Starting ProtocolHandler ["http-nio-8086"]
2021-12-31 12:09:05.580 INFO  o.s.boot.web.embedded.tomcat.TomcatWebServer - Tomcat started on port(s): 8086 (http) with context path ''
2021-12-31 12:09:05.595 INFO  com.zestfulYoghurt.zy.ZyApplication - Started ZyApplication in 2.742 seconds (JVM running for 3.228)
2021-12-31 12:09:11.687 INFO  o.a.c.core.ContainerBase.[Tomcat].[localhost].[/] - Initializing Spring DispatcherServlet 'dispatcherServlet'
2021-12-31 12:09:11.688 INFO  org.springframework.web.servlet.DispatcherServlet - Initializing Servlet 'dispatcherServlet'
2021-12-31 12:09:11.696 INFO  org.springframework.web.servlet.DispatcherServlet - Completed initialization in 8 ms
2021-12-31 12:12:53.180 INFO  o.s.scheduling.concurrent.ThreadPoolTaskExecutor - Shutting down ExecutorService 'applicationTaskExecutor'
2021-12-31 12:13:00.261 INFO  com.zestfulYoghurt.zy.ZyApplication - Starting ZyApplication on zhangyi211123 with PID 8840 (C:\Users\860120017\Desktop\project\web-app-serve\web-app-serve\target\classes started by 860120017 in C:\Users\860120017\Desktop\project\web-app-serve)
2021-12-31 12:13:00.262 INFO  com.zestfulYoghurt.zy.ZyApplication - The following profiles are active: logger,mail,mybatisDev,mysql,redis
2021-12-31 12:13:00.295 INFO  o.s.b.d.env.DevToolsPropertyDefaultsPostProcessor - Devtools property defaults active! Set 'spring.devtools.add-properties' to 'false' to disable
2021-12-31 12:13:00.296 INFO  o.s.b.d.env.DevToolsPropertyDefaultsPostProcessor - For additional web related logging consider setting the 'logging.level.web' property to 'DEBUG'
2021-12-31 12:13:00.747 INFO  o.s.d.r.config.RepositoryConfigurationDelegate - Multiple Spring Data modules found, entering strict repository configuration mode!
2021-12-31 12:13:00.748 INFO  o.s.d.r.config.RepositoryConfigurationDelegate - Bootstrapping Spring Data Redis repositories in DEFAULT mode.
2021-12-31 12:13:00.773 INFO  o.s.d.r.config.RepositoryConfigurationDelegate - Finished Spring Data repository scanning in 10ms. Found 0 Redis repository interfaces.
2021-12-31 12:13:00.900 INFO  o.s.c.s.PostProcessorRegistrationDelegate$BeanPostProcessorChecker - Bean 'shiroConfiguration' of type [com.zestfulYoghurt.zy.configuration.ShiroConfiguration$$EnhancerBySpringCGLIB$$b05927e0] is not eligible for getting processed by all BeanPostProcessors (for example: not eligible for auto-proxying)
2021-12-31 12:13:01.047 INFO  o.s.c.s.PostProcessorRegistrationDelegate$BeanPostProcessorChecker - Bean 'mybatis-org.mybatis.spring.boot.autoconfigure.MybatisProperties' of type [org.mybatis.spring.boot.autoconfigure.MybatisProperties] is not eligible for getting processed by all BeanPostProcessors (for example: not eligible for auto-proxying)
2021-12-31 12:13:01.052 INFO  o.s.c.s.PostProcessorRegistrationDelegate$BeanPostProcessorChecker - Bean 'org.mybatis.spring.boot.autoconfigure.MybatisAutoConfiguration' of type [org.mybatis.spring.boot.autoconfigure.MybatisAutoConfiguration$$EnhancerBySpringCGLIB$$6c7bbeb1] is not eligible for getting processed by all BeanPostProcessors (for example: not eligible for auto-proxying)
2021-12-31 12:13:01.053 INFO  o.s.c.s.PostProcessorRegistrationDelegate$BeanPostProcessorChecker - Bean 'org.springframework.boot.autoconfigure.jdbc.DataSourceConfiguration$Hikari' of type [org.springframework.boot.autoconfigure.jdbc.DataSourceConfiguration$Hikari] is not eligible for getting processed by all BeanPostProcessors (for example: not eligible for auto-proxying)
2021-12-31 12:13:01.060 INFO  o.s.c.s.PostProcessorRegistrationDelegate$BeanPostProcessorChecker - Bean 'spring.datasource-org.springframework.boot.autoconfigure.jdbc.DataSourceProperties' of type [org.springframework.boot.autoconfigure.jdbc.DataSourceProperties] is not eligible for getting processed by all BeanPostProcessors (for example: not eligible for auto-proxying)
2021-12-31 12:13:01.073 INFO  o.s.c.s.PostProcessorRegistrationDelegate$BeanPostProcessorChecker - Bean 'dataSource' of type [com.zaxxer.hikari.HikariDataSource] is not eligible for getting processed by all BeanPostProcessors (for example: not eligible for auto-proxying)
2021-12-31 12:13:01.149 INFO  o.s.c.s.PostProcessorRegistrationDelegate$BeanPostProcessorChecker - Bean 'sqlSessionFactory' of type [org.apache.ibatis.session.defaults.DefaultSqlSessionFactory] is not eligible for getting processed by all BeanPostProcessors (for example: not eligible for auto-proxying)
2021-12-31 12:13:01.152 INFO  o.s.c.s.PostProcessorRegistrationDelegate$BeanPostProcessorChecker - Bean 'sqlSessionTemplate' of type [org.mybatis.spring.SqlSessionTemplate] is not eligible for getting processed by all BeanPostProcessors (for example: not eligible for auto-proxying)
2021-12-31 12:13:01.152 INFO  o.s.c.s.PostProcessorRegistrationDelegate$BeanPostProcessorChecker - Bean 'userMapper' of type [org.mybatis.spring.mapper.MapperFactoryBean] is not eligible for getting processed by all BeanPostProcessors (for example: not eligible for auto-proxying)
2021-12-31 12:13:01.153 INFO  o.s.c.s.PostProcessorRegistrationDelegate$BeanPostProcessorChecker - Bean 'userMapper' of type [com.sun.proxy.$Proxy50] is not eligible for getting processed by all BeanPostProcessors (for example: not eligible for auto-proxying)
2021-12-31 12:13:01.153 INFO  o.s.c.s.PostProcessorRegistrationDelegate$BeanPostProcessorChecker - Bean 'myShiroRealm' of type [com.zestfulYoghurt.zy.shiro.LoginRealm] is not eligible for getting processed by all BeanPostProcessors (for example: not eligible for auto-proxying)
2021-12-31 12:13:01.155 INFO  o.s.c.s.PostProcessorRegistrationDelegate$BeanPostProcessorChecker - Bean 'securityManager' of type [org.apache.shiro.web.mgt.DefaultWebSecurityManager] is not eligible for getting processed by all BeanPostProcessors (for example: not eligible for auto-proxying)
2021-12-31 12:13:01.181 INFO  o.s.c.s.PostProcessorRegistrationDelegate$BeanPostProcessorChecker - Bean 'authorizationAttributeSourceAdvisor' of type [org.apache.shiro.spring.security.interceptor.AuthorizationAttributeSourceAdvisor] is not eligible for getting processed by all BeanPostProcessors (for example: not eligible for auto-proxying)
2021-12-31 12:13:01.541 INFO  o.s.boot.web.embedded.tomcat.TomcatWebServer - Tomcat initialized with port(s): 8086 (http)
2021-12-31 12:13:01.547 INFO  org.apache.coyote.http11.Http11NioProtocol - Initializing ProtocolHandler ["http-nio-8086"]
2021-12-31 12:13:01.548 INFO  org.apache.catalina.core.StandardService - Starting service [Tomcat]
2021-12-31 12:13:01.548 INFO  org.apache.catalina.core.StandardEngine - Starting Servlet engine: [Apache Tomcat/9.0.39]
2021-12-31 12:13:01.713 INFO  org.apache.jasper.servlet.TldScanner - At least one JAR was scanned for TLDs yet contained no TLDs. Enable debug logging for this logger for a complete list of JARs that were scanned but no TLDs were found in them. Skipping unneeded JARs during scanning can improve startup time and JSP compilation time.
2021-12-31 12:13:01.715 INFO  o.a.c.core.ContainerBase.[Tomcat].[localhost].[/] - Initializing Spring embedded WebApplicationContext
2021-12-31 12:13:01.715 INFO  o.s.b.w.s.c.ServletWebServerApplicationContext - Root WebApplicationContext: initialization completed in 1419 ms
2021-12-31 12:13:02.056 INFO  o.s.scheduling.concurrent.ThreadPoolTaskExecutor - Initializing ExecutorService 'applicationTaskExecutor'
2021-12-31 12:13:02.679 INFO  o.s.b.d.autoconfigure.OptionalLiveReloadServer - LiveReload server is running on port 35729
2021-12-31 12:13:02.694 INFO  org.apache.coyote.http11.Http11NioProtocol - Starting ProtocolHandler ["http-nio-8086"]
2021-12-31 12:13:02.711 INFO  o.s.boot.web.embedded.tomcat.TomcatWebServer - Tomcat started on port(s): 8086 (http) with context path ''
2021-12-31 12:13:02.722 INFO  com.zestfulYoghurt.zy.ZyApplication - Started ZyApplication in 2.805 seconds (JVM running for 3.272)
2021-12-31 12:13:08.443 INFO  o.a.c.core.ContainerBase.[Tomcat].[localhost].[/] - Initializing Spring DispatcherServlet 'dispatcherServlet'
2021-12-31 12:13:08.443 INFO  org.springframework.web.servlet.DispatcherServlet - Initializing Servlet 'dispatcherServlet'
2021-12-31 12:13:08.450 INFO  org.springframework.web.servlet.DispatcherServlet - Completed initialization in 7 ms
2021-12-31 12:14:11.388 INFO  o.s.scheduling.concurrent.ThreadPoolTaskExecutor - Shutting down ExecutorService 'applicationTaskExecutor'
2021-12-31 12:14:16.778 INFO  com.zestfulYoghurt.zy.ZyApplication - Starting ZyApplication on zhangyi211123 with PID 11376 (C:\Users\860120017\Desktop\project\web-app-serve\web-app-serve\target\classes started by 860120017 in C:\Users\860120017\Desktop\project\web-app-serve)
2021-12-31 12:14:16.778 INFO  com.zestfulYoghurt.zy.ZyApplication - The following profiles are active: logger,mail,mybatisDev,mysql,redis
2021-12-31 12:14:16.810 INFO  o.s.b.d.env.DevToolsPropertyDefaultsPostProcessor - Devtools property defaults active! Set 'spring.devtools.add-properties' to 'false' to disable
2021-12-31 12:14:16.810 INFO  o.s.b.d.env.DevToolsPropertyDefaultsPostProcessor - For additional web related logging consider setting the 'logging.level.web' property to 'DEBUG'
2021-12-31 12:14:17.263 INFO  o.s.d.r.config.RepositoryConfigurationDelegate - Multiple Spring Data modules found, entering strict repository configuration mode!
2021-12-31 12:14:17.278 INFO  o.s.d.r.config.RepositoryConfigurationDelegate - Bootstrapping Spring Data Redis repositories in DEFAULT mode.
2021-12-31 12:14:17.294 INFO  o.s.d.r.config.RepositoryConfigurationDelegate - Finished Spring Data repository scanning in 10ms. Found 0 Redis repository interfaces.
2021-12-31 12:14:17.435 INFO  o.s.c.s.PostProcessorRegistrationDelegate$BeanPostProcessorChecker - Bean 'shiroConfiguration' of type [com.zestfulYoghurt.zy.configuration.ShiroConfiguration$$EnhancerBySpringCGLIB$$9a039caa] is not eligible for getting processed by all BeanPostProcessors (for example: not eligible for auto-proxying)
2021-12-31 12:14:17.576 INFO  o.s.c.s.PostProcessorRegistrationDelegate$BeanPostProcessorChecker - Bean 'mybatis-org.mybatis.spring.boot.autoconfigure.MybatisProperties' of type [org.mybatis.spring.boot.autoconfigure.MybatisProperties] is not eligible for getting processed by all BeanPostProcessors (for example: not eligible for auto-proxying)
2021-12-31 12:14:17.576 INFO  o.s.c.s.PostProcessorRegistrationDelegate$BeanPostProcessorChecker - Bean 'org.mybatis.spring.boot.autoconfigure.MybatisAutoConfiguration' of type [org.mybatis.spring.boot.autoconfigure.MybatisAutoConfiguration$$EnhancerBySpringCGLIB$$5626337b] is not eligible for getting processed by all BeanPostProcessors (for example: not eligible for auto-proxying)
2021-12-31 12:14:17.576 INFO  o.s.c.s.PostProcessorRegistrationDelegate$BeanPostProcessorChecker - Bean 'org.springframework.boot.autoconfigure.jdbc.DataSourceConfiguration$Hikari' of type [org.springframework.boot.autoconfigure.jdbc.DataSourceConfiguration$Hikari] is not eligible for getting processed by all BeanPostProcessors (for example: not eligible for auto-proxying)
2021-12-31 12:14:17.591 INFO  o.s.c.s.PostProcessorRegistrationDelegate$BeanPostProcessorChecker - Bean 'spring.datasource-org.springframework.boot.autoconfigure.jdbc.DataSourceProperties' of type [org.springframework.boot.autoconfigure.jdbc.DataSourceProperties] is not eligible for getting processed by all BeanPostProcessors (for example: not eligible for auto-proxying)
2021-12-31 12:14:17.607 INFO  o.s.c.s.PostProcessorRegistrationDelegate$BeanPostProcessorChecker - Bean 'dataSource' of type [com.zaxxer.hikari.HikariDataSource] is not eligible for getting processed by all BeanPostProcessors (for example: not eligible for auto-proxying)
2021-12-31 12:14:17.669 INFO  o.s.c.s.PostProcessorRegistrationDelegate$BeanPostProcessorChecker - Bean 'sqlSessionFactory' of type [org.apache.ibatis.session.defaults.DefaultSqlSessionFactory] is not eligible for getting processed by all BeanPostProcessors (for example: not eligible for auto-proxying)
2021-12-31 12:14:17.685 INFO  o.s.c.s.PostProcessorRegistrationDelegate$BeanPostProcessorChecker - Bean 'sqlSessionTemplate' of type [org.mybatis.spring.SqlSessionTemplate] is not eligible for getting processed by all BeanPostProcessors (for example: not eligible for auto-proxying)
2021-12-31 12:14:17.685 INFO  o.s.c.s.PostProcessorRegistrationDelegate$BeanPostProcessorChecker - Bean 'userMapper' of type [org.mybatis.spring.mapper.MapperFactoryBean] is not eligible for getting processed by all BeanPostProcessors (for example: not eligible for auto-proxying)
2021-12-31 12:14:17.685 INFO  o.s.c.s.PostProcessorRegistrationDelegate$BeanPostProcessorChecker - Bean 'userMapper' of type [com.sun.proxy.$Proxy50] is not eligible for getting processed by all BeanPostProcessors (for example: not eligible for auto-proxying)
2021-12-31 12:14:17.685 INFO  o.s.c.s.PostProcessorRegistrationDelegate$BeanPostProcessorChecker - Bean 'myShiroRealm' of type [com.zestfulYoghurt.zy.shiro.LoginRealm] is not eligible for getting processed by all BeanPostProcessors (for example: not eligible for auto-proxying)
2021-12-31 12:14:17.685 INFO  o.s.c.s.PostProcessorRegistrationDelegate$BeanPostProcessorChecker - Bean 'securityManager' of type [org.apache.shiro.web.mgt.DefaultWebSecurityManager] is not eligible for getting processed by all BeanPostProcessors (for example: not eligible for auto-proxying)
2021-12-31 12:14:17.701 INFO  o.s.c.s.PostProcessorRegistrationDelegate$BeanPostProcessorChecker - Bean 'authorizationAttributeSourceAdvisor' of type [org.apache.shiro.spring.security.interceptor.AuthorizationAttributeSourceAdvisor] is not eligible for getting processed by all BeanPostProcessors (for example: not eligible for auto-proxying)
2021-12-31 12:14:18.076 INFO  o.s.boot.web.embedded.tomcat.TomcatWebServer - Tomcat initialized with port(s): 8086 (http)
2021-12-31 12:14:18.076 INFO  org.apache.coyote.http11.Http11NioProtocol - Initializing ProtocolHandler ["http-nio-8086"]
2021-12-31 12:14:18.076 INFO  org.apache.catalina.core.StandardService - Starting service [Tomcat]
2021-12-31 12:14:18.076 INFO  org.apache.catalina.core.StandardEngine - Starting Servlet engine: [Apache Tomcat/9.0.39]
2021-12-31 12:14:18.247 INFO  org.apache.jasper.servlet.TldScanner - At least one JAR was scanned for TLDs yet contained no TLDs. Enable debug logging for this logger for a complete list of JARs that were scanned but no TLDs were found in them. Skipping unneeded JARs during scanning can improve startup time and JSP compilation time.
2021-12-31 12:14:18.247 INFO  o.a.c.core.ContainerBase.[Tomcat].[localhost].[/] - Initializing Spring embedded WebApplicationContext
2021-12-31 12:14:18.247 INFO  o.s.b.w.s.c.ServletWebServerApplicationContext - Root WebApplicationContext: initialization completed in 1437 ms
2021-12-31 12:14:18.592 INFO  o.s.scheduling.concurrent.ThreadPoolTaskExecutor - Initializing ExecutorService 'applicationTaskExecutor'
2021-12-31 12:14:19.201 INFO  o.s.b.d.autoconfigure.OptionalLiveReloadServer - LiveReload server is running on port 35729
2021-12-31 12:14:19.217 INFO  org.apache.coyote.http11.Http11NioProtocol - Starting ProtocolHandler ["http-nio-8086"]
2021-12-31 12:14:19.232 INFO  o.s.boot.web.embedded.tomcat.TomcatWebServer - Tomcat started on port(s): 8086 (http) with context path ''
2021-12-31 12:14:19.232 INFO  com.zestfulYoghurt.zy.ZyApplication - Started ZyApplication in 2.805 seconds (JVM running for 3.266)
2021-12-31 12:14:31.658 INFO  o.a.c.core.ContainerBase.[Tomcat].[localhost].[/] - Initializing Spring DispatcherServlet 'dispatcherServlet'
2021-12-31 12:14:31.659 INFO  org.springframework.web.servlet.DispatcherServlet - Initializing Servlet 'dispatcherServlet'
2021-12-31 12:14:31.666 INFO  org.springframework.web.servlet.DispatcherServlet - Completed initialization in 7 ms
2021-12-31 12:19:46.192 INFO  o.s.scheduling.concurrent.ThreadPoolTaskExecutor - Shutting down ExecutorService 'applicationTaskExecutor'
2021-12-31 12:19:55.892 INFO  com.zestfulYoghurt.zy.ZyApplication - Starting ZyApplication on zhangyi211123 with PID 9100 (C:\Users\860120017\Desktop\project\web-app-serve\web-app-serve\target\classes started by 860120017 in C:\Users\860120017\Desktop\project\web-app-serve)
2021-12-31 12:19:55.893 INFO  com.zestfulYoghurt.zy.ZyApplication - The following profiles are active: logger,mail,mybatisDev,mysql,redis
2021-12-31 12:19:55.926 INFO  o.s.b.d.env.DevToolsPropertyDefaultsPostProcessor - Devtools property defaults active! Set 'spring.devtools.add-properties' to 'false' to disable
2021-12-31 12:19:55.926 INFO  o.s.b.d.env.DevToolsPropertyDefaultsPostProcessor - For additional web related logging consider setting the 'logging.level.web' property to 'DEBUG'
2021-12-31 12:19:56.392 INFO  o.s.d.r.config.RepositoryConfigurationDelegate - Multiple Spring Data modules found, entering strict repository configuration mode!
2021-12-31 12:19:56.393 INFO  o.s.d.r.config.RepositoryConfigurationDelegate - Bootstrapping Spring Data Redis repositories in DEFAULT mode.
2021-12-31 12:19:56.418 INFO  o.s.d.r.config.RepositoryConfigurationDelegate - Finished Spring Data repository scanning in 10ms. Found 0 Redis repository interfaces.
2021-12-31 12:19:56.552 INFO  o.s.c.s.PostProcessorRegistrationDelegate$BeanPostProcessorChecker - Bean 'configurationSpringBoot' of type [com.zestfulYoghurt.zy.configuration.ConfigurationSpringBoot$$EnhancerBySpringCGLIB$$ff057e2] is not eligible for getting processed by all BeanPostProcessors (for example: not eligible for auto-proxying)
2021-12-31 12:19:56.699 INFO  o.s.c.s.PostProcessorRegistrationDelegate$BeanPostProcessorChecker - Bean 'mybatis-org.mybatis.spring.boot.autoconfigure.MybatisProperties' of type [org.mybatis.spring.boot.autoconfigure.MybatisProperties] is not eligible for getting processed by all BeanPostProcessors (for example: not eligible for auto-proxying)
2021-12-31 12:19:56.703 INFO  o.s.c.s.PostProcessorRegistrationDelegate$BeanPostProcessorChecker - Bean 'org.mybatis.spring.boot.autoconfigure.MybatisAutoConfiguration' of type [org.mybatis.spring.boot.autoconfigure.MybatisAutoConfiguration$$EnhancerBySpringCGLIB$$b2eb238d] is not eligible for getting processed by all BeanPostProcessors (for example: not eligible for auto-proxying)
2021-12-31 12:19:56.705 INFO  o.s.c.s.PostProcessorRegistrationDelegate$BeanPostProcessorChecker - Bean 'org.springframework.boot.autoconfigure.jdbc.DataSourceConfiguration$Hikari' of type [org.springframework.boot.autoconfigure.jdbc.DataSourceConfiguration$Hikari] is not eligible for getting processed by all BeanPostProcessors (for example: not eligible for auto-proxying)
2021-12-31 12:19:56.710 INFO  o.s.c.s.PostProcessorRegistrationDelegate$BeanPostProcessorChecker - Bean 'spring.datasource-org.springframework.boot.autoconfigure.jdbc.DataSourceProperties' of type [org.springframework.boot.autoconfigure.jdbc.DataSourceProperties] is not eligible for getting processed by all BeanPostProcessors (for example: not eligible for auto-proxying)
2021-12-31 12:19:56.723 INFO  o.s.c.s.PostProcessorRegistrationDelegate$BeanPostProcessorChecker - Bean 'dataSource' of type [com.zaxxer.hikari.HikariDataSource] is not eligible for getting processed by all BeanPostProcessors (for example: not eligible for auto-proxying)
2021-12-31 12:19:56.798 INFO  o.s.c.s.PostProcessorRegistrationDelegate$BeanPostProcessorChecker - Bean 'sqlSessionFactory' of type [org.apache.ibatis.session.defaults.DefaultSqlSessionFactory] is not eligible for getting processed by all BeanPostProcessors (for example: not eligible for auto-proxying)
2021-12-31 12:19:56.800 INFO  o.s.c.s.PostProcessorRegistrationDelegate$BeanPostProcessorChecker - Bean 'sqlSessionTemplate' of type [org.mybatis.spring.SqlSessionTemplate] is not eligible for getting processed by all BeanPostProcessors (for example: not eligible for auto-proxying)
2021-12-31 12:19:56.801 INFO  o.s.c.s.PostProcessorRegistrationDelegate$BeanPostProcessorChecker - Bean 'userMapper' of type [org.mybatis.spring.mapper.MapperFactoryBean] is not eligible for getting processed by all BeanPostProcessors (for example: not eligible for auto-proxying)
2021-12-31 12:19:56.801 INFO  o.s.c.s.PostProcessorRegistrationDelegate$BeanPostProcessorChecker - Bean 'userMapper' of type [com.sun.proxy.$Proxy50] is not eligible for getting processed by all BeanPostProcessors (for example: not eligible for auto-proxying)
2021-12-31 12:19:56.802 INFO  o.s.c.s.PostProcessorRegistrationDelegate$BeanPostProcessorChecker - Bean 'myShiroRealm' of type [com.zestfulYoghurt.zy.shiro.LoginRealm] is not eligible for getting processed by all BeanPostProcessors (for example: not eligible for auto-proxying)
2021-12-31 12:19:56.804 INFO  o.s.c.s.PostProcessorRegistrationDelegate$BeanPostProcessorChecker - Bean 'securityManager' of type [org.apache.shiro.web.mgt.DefaultWebSecurityManager] is not eligible for getting processed by all BeanPostProcessors (for example: not eligible for auto-proxying)
2021-12-31 12:19:56.827 INFO  o.s.c.s.PostProcessorRegistrationDelegate$BeanPostProcessorChecker - Bean 'authorizationAttributeSourceAdvisor' of type [org.apache.shiro.spring.security.interceptor.AuthorizationAttributeSourceAdvisor] is not eligible for getting processed by all BeanPostProcessors (for example: not eligible for auto-proxying)
2021-12-31 12:19:57.187 INFO  o.s.boot.web.embedded.tomcat.TomcatWebServer - Tomcat initialized with port(s): 8086 (http)
2021-12-31 12:19:57.193 INFO  org.apache.coyote.http11.Http11NioProtocol - Initializing ProtocolHandler ["http-nio-8086"]
2021-12-31 12:19:57.193 INFO  org.apache.catalina.core.StandardService - Starting service [Tomcat]
2021-12-31 12:19:57.193 INFO  org.apache.catalina.core.StandardEngine - Starting Servlet engine: [Apache Tomcat/9.0.39]
2021-12-31 12:19:57.364 INFO  org.apache.jasper.servlet.TldScanner - At least one JAR was scanned for TLDs yet contained no TLDs. Enable debug logging for this logger for a complete list of JARs that were scanned but no TLDs were found in them. Skipping unneeded JARs during scanning can improve startup time and JSP compilation time.
2021-12-31 12:19:57.367 INFO  o.a.c.core.ContainerBase.[Tomcat].[localhost].[/] - Initializing Spring embedded WebApplicationContext
2021-12-31 12:19:57.367 INFO  o.s.b.w.s.c.ServletWebServerApplicationContext - Root WebApplicationContext: initialization completed in 1440 ms
2021-12-31 12:19:57.834 INFO  o.s.scheduling.concurrent.ThreadPoolTaskExecutor - Initializing ExecutorService 'applicationTaskExecutor'
2021-12-31 12:19:58.444 INFO  o.s.b.d.autoconfigure.OptionalLiveReloadServer - LiveReload server is running on port 35729
2021-12-31 12:19:58.459 INFO  org.apache.coyote.http11.Http11NioProtocol - Starting ProtocolHandler ["http-nio-8086"]
2021-12-31 12:19:58.476 INFO  o.s.boot.web.embedded.tomcat.TomcatWebServer - Tomcat started on port(s): 8086 (http) with context path ''
2021-12-31 12:19:58.488 INFO  com.zestfulYoghurt.zy.ZyApplication - Started ZyApplication in 2.931 seconds (JVM running for 3.434)
2021-12-31 12:20:16.434 INFO  o.a.c.core.ContainerBase.[Tomcat].[localhost].[/] - Initializing Spring DispatcherServlet 'dispatcherServlet'
2021-12-31 12:20:16.434 INFO  org.springframework.web.servlet.DispatcherServlet - Initializing Servlet 'dispatcherServlet'
2021-12-31 12:20:16.442 INFO  org.springframework.web.servlet.DispatcherServlet - Completed initialization in 8 ms
2021-12-31 12:24:50.204 INFO  o.s.scheduling.concurrent.ThreadPoolTaskExecutor - Shutting down ExecutorService 'applicationTaskExecutor'
2021-12-31 12:24:56.841 INFO  com.zestfulYoghurt.zy.ZyApplication - Starting ZyApplication on zhangyi211123 with PID 17228 (C:\Users\860120017\Desktop\project\web-app-serve\web-app-serve\target\classes started by 860120017 in C:\Users\860120017\Desktop\project\web-app-serve)
2021-12-31 12:24:56.842 INFO  com.zestfulYoghurt.zy.ZyApplication - The following profiles are active: logger,mail,mybatisDev,mysql,redis
2021-12-31 12:24:56.879 INFO  o.s.b.d.env.DevToolsPropertyDefaultsPostProcessor - Devtools property defaults active! Set 'spring.devtools.add-properties' to 'false' to disable
2021-12-31 12:24:56.879 INFO  o.s.b.d.env.DevToolsPropertyDefaultsPostProcessor - For additional web related logging consider setting the 'logging.level.web' property to 'DEBUG'
2021-12-31 12:24:57.353 INFO  o.s.d.r.config.RepositoryConfigurationDelegate - Multiple Spring Data modules found, entering strict repository configuration mode!
2021-12-31 12:24:57.355 INFO  o.s.d.r.config.RepositoryConfigurationDelegate - Bootstrapping Spring Data Redis repositories in DEFAULT mode.
2021-12-31 12:24:57.381 INFO  o.s.d.r.config.RepositoryConfigurationDelegate - Finished Spring Data repository scanning in 10ms. Found 0 Redis repository interfaces.
2021-12-31 12:24:57.513 INFO  o.s.c.s.PostProcessorRegistrationDelegate$BeanPostProcessorChecker - Bean 'configurationSpringBoot' of type [com.zestfulYoghurt.zy.configuration.ConfigurationSpringBoot$$EnhancerBySpringCGLIB$$64443224] is not eligible for getting processed by all BeanPostProcessors (for example: not eligible for auto-proxying)
2021-12-31 12:24:57.677 INFO  o.s.c.s.PostProcessorRegistrationDelegate$BeanPostProcessorChecker - Bean 'mybatis-org.mybatis.spring.boot.autoconfigure.MybatisProperties' of type [org.mybatis.spring.boot.autoconfigure.MybatisProperties] is not eligible for getting processed by all BeanPostProcessors (for example: not eligible for auto-proxying)
2021-12-31 12:24:57.682 INFO  o.s.c.s.PostProcessorRegistrationDelegate$BeanPostProcessorChecker - Bean 'org.mybatis.spring.boot.autoconfigure.MybatisAutoConfiguration' of type [org.mybatis.spring.boot.autoconfigure.MybatisAutoConfiguration$$EnhancerBySpringCGLIB$$73efdcf] is not eligible for getting processed by all BeanPostProcessors (for example: not eligible for auto-proxying)
2021-12-31 12:24:57.684 INFO  o.s.c.s.PostProcessorRegistrationDelegate$BeanPostProcessorChecker - Bean 'org.springframework.boot.autoconfigure.jdbc.DataSourceConfiguration$Hikari' of type [org.springframework.boot.autoconfigure.jdbc.DataSourceConfiguration$Hikari] is not eligible for getting processed by all BeanPostProcessors (for example: not eligible for auto-proxying)
2021-12-31 12:24:57.692 INFO  o.s.c.s.PostProcessorRegistrationDelegate$BeanPostProcessorChecker - Bean 'spring.datasource-org.springframework.boot.autoconfigure.jdbc.DataSourceProperties' of type [org.springframework.boot.autoconfigure.jdbc.DataSourceProperties] is not eligible for getting processed by all BeanPostProcessors (for example: not eligible for auto-proxying)
2021-12-31 12:24:57.713 INFO  o.s.c.s.PostProcessorRegistrationDelegate$BeanPostProcessorChecker - Bean 'dataSource' of type [com.zaxxer.hikari.HikariDataSource] is not eligible for getting processed by all BeanPostProcessors (for example: not eligible for auto-proxying)
2021-12-31 12:24:57.783 INFO  o.s.c.s.PostProcessorRegistrationDelegate$BeanPostProcessorChecker - Bean 'sqlSessionFactory' of type [org.apache.ibatis.session.defaults.DefaultSqlSessionFactory] is not eligible for getting processed by all BeanPostProcessors (for example: not eligible for auto-proxying)
2021-12-31 12:24:57.786 INFO  o.s.c.s.PostProcessorRegistrationDelegate$BeanPostProcessorChecker - Bean 'sqlSessionTemplate' of type [org.mybatis.spring.SqlSessionTemplate] is not eligible for getting processed by all BeanPostProcessors (for example: not eligible for auto-proxying)
2021-12-31 12:24:57.787 INFO  o.s.c.s.PostProcessorRegistrationDelegate$BeanPostProcessorChecker - Bean 'userMapper' of type [org.mybatis.spring.mapper.MapperFactoryBean] is not eligible for getting processed by all BeanPostProcessors (for example: not eligible for auto-proxying)
2021-12-31 12:24:57.788 INFO  o.s.c.s.PostProcessorRegistrationDelegate$BeanPostProcessorChecker - Bean 'userMapper' of type [com.sun.proxy.$Proxy50] is not eligible for getting processed by all BeanPostProcessors (for example: not eligible for auto-proxying)
2021-12-31 12:24:57.788 INFO  o.s.c.s.PostProcessorRegistrationDelegate$BeanPostProcessorChecker - Bean 'myShiroRealm' of type [com.zestfulYoghurt.zy.shiro.LoginRealm] is not eligible for getting processed by all BeanPostProcessors (for example: not eligible for auto-proxying)
2021-12-31 12:24:57.791 INFO  o.s.c.s.PostProcessorRegistrationDelegate$BeanPostProcessorChecker - Bean 'securityManager' of type [org.apache.shiro.web.mgt.DefaultWebSecurityManager] is not eligible for getting processed by all BeanPostProcessors (for example: not eligible for auto-proxying)
2021-12-31 12:24:57.817 INFO  o.s.c.s.PostProcessorRegistrationDelegate$BeanPostProcessorChecker - Bean 'authorizationAttributeSourceAdvisor' of type [org.apache.shiro.spring.security.interceptor.AuthorizationAttributeSourceAdvisor] is not eligible for getting processed by all BeanPostProcessors (for example: not eligible for auto-proxying)
2021-12-31 12:24:58.199 INFO  o.s.boot.web.embedded.tomcat.TomcatWebServer - Tomcat initialized with port(s): 8086 (http)
2021-12-31 12:24:58.204 INFO  org.apache.coyote.http11.Http11NioProtocol - Initializing ProtocolHandler ["http-nio-8086"]
2021-12-31 12:24:58.205 INFO  org.apache.catalina.core.StandardService - Starting service [Tomcat]
2021-12-31 12:24:58.205 INFO  org.apache.catalina.core.StandardEngine - Starting Servlet engine: [Apache Tomcat/9.0.39]
2021-12-31 12:24:58.375 INFO  org.apache.jasper.servlet.TldScanner - At least one JAR was scanned for TLDs yet contained no TLDs. Enable debug logging for this logger for a complete list of JARs that were scanned but no TLDs were found in them. Skipping unneeded JARs during scanning can improve startup time and JSP compilation time.
2021-12-31 12:24:58.377 INFO  o.a.c.core.ContainerBase.[Tomcat].[localhost].[/] - Initializing Spring embedded WebApplicationContext
2021-12-31 12:24:58.377 INFO  o.s.b.w.s.c.ServletWebServerApplicationContext - Root WebApplicationContext: initialization completed in 1497 ms
2021-12-31 12:24:58.721 INFO  o.s.scheduling.concurrent.ThreadPoolTaskExecutor - Initializing ExecutorService 'applicationTaskExecutor'
2021-12-31 12:24:59.346 INFO  o.s.b.d.autoconfigure.OptionalLiveReloadServer - LiveReload server is running on port 35729
2021-12-31 12:24:59.361 INFO  org.apache.coyote.http11.Http11NioProtocol - Starting ProtocolHandler ["http-nio-8086"]
2021-12-31 12:24:59.378 INFO  o.s.boot.web.embedded.tomcat.TomcatWebServer - Tomcat started on port(s): 8086 (http) with context path ''
2021-12-31 12:24:59.389 INFO  com.zestfulYoghurt.zy.ZyApplication - Started ZyApplication in 2.92 seconds (JVM running for 3.474)
2021-12-31 12:25:08.492 INFO  o.a.c.core.ContainerBase.[Tomcat].[localhost].[/] - Initializing Spring DispatcherServlet 'dispatcherServlet'
2021-12-31 12:25:08.492 INFO  org.springframework.web.servlet.DispatcherServlet - Initializing Servlet 'dispatcherServlet'
2021-12-31 12:25:08.502 INFO  org.springframework.web.servlet.DispatcherServlet - Completed initialization in 9 ms
2021-12-31 14:53:48.565 INFO  o.s.scheduling.concurrent.ThreadPoolTaskExecutor - Shutting down ExecutorService 'applicationTaskExecutor'
2021-12-31 14:58:21.464 INFO  com.zestfulYoghurt.zy.ZyApplication - Starting ZyApplication on zhangyi211123 with PID 12276 (C:\Users\860120017\Desktop\project\web-app-serve\web-app-serve\target\classes started by 860120017 in C:\Users\860120017\Desktop\project\web-app-serve)
2021-12-31 14:58:21.465 INFO  com.zestfulYoghurt.zy.ZyApplication - The following profiles are active: logger,mail,mybatisDev,mysql,redis
2021-12-31 14:58:21.515 INFO  o.s.b.d.env.DevToolsPropertyDefaultsPostProcessor - Devtools property defaults active! Set 'spring.devtools.add-properties' to 'false' to disable
2021-12-31 14:58:21.515 INFO  o.s.b.d.env.DevToolsPropertyDefaultsPostProcessor - For additional web related logging consider setting the 'logging.level.web' property to 'DEBUG'
2021-12-31 14:58:21.992 INFO  o.s.d.r.config.RepositoryConfigurationDelegate - Multiple Spring Data modules found, entering strict repository configuration mode!
2021-12-31 14:58:21.993 INFO  o.s.d.r.config.RepositoryConfigurationDelegate - Bootstrapping Spring Data Redis repositories in DEFAULT mode.
2021-12-31 14:58:22.020 INFO  o.s.d.r.config.RepositoryConfigurationDelegate - Finished Spring Data repository scanning in 11ms. Found 0 Redis repository interfaces.
2021-12-31 14:58:22.140 INFO  o.s.c.s.PostProcessorRegistrationDelegate$BeanPostProcessorChecker - Bean 'configurationSpringBoot' of type [com.zestfulYoghurt.zy.configuration.ConfigurationSpringBoot$$EnhancerBySpringCGLIB$$b843992f] is not eligible for getting processed by all BeanPostProcessors (for example: not eligible for auto-proxying)
2021-12-31 14:58:22.297 INFO  o.s.c.s.PostProcessorRegistrationDelegate$BeanPostProcessorChecker - Bean 'mybatis-org.mybatis.spring.boot.autoconfigure.MybatisProperties' of type [org.mybatis.spring.boot.autoconfigure.MybatisProperties] is not eligible for getting processed by all BeanPostProcessors (for example: not eligible for auto-proxying)
2021-12-31 14:58:22.302 INFO  o.s.c.s.PostProcessorRegistrationDelegate$BeanPostProcessorChecker - Bean 'org.mybatis.spring.boot.autoconfigure.MybatisAutoConfiguration' of type [org.mybatis.spring.boot.autoconfigure.MybatisAutoConfiguration$$EnhancerBySpringCGLIB$$5b3e64da] is not eligible for getting processed by all BeanPostProcessors (for example: not eligible for auto-proxying)
2021-12-31 14:58:22.304 INFO  o.s.c.s.PostProcessorRegistrationDelegate$BeanPostProcessorChecker - Bean 'org.springframework.boot.autoconfigure.jdbc.DataSourceConfiguration$Hikari' of type [org.springframework.boot.autoconfigure.jdbc.DataSourceConfiguration$Hikari] is not eligible for getting processed by all BeanPostProcessors (for example: not eligible for auto-proxying)
2021-12-31 14:58:22.310 INFO  o.s.c.s.PostProcessorRegistrationDelegate$BeanPostProcessorChecker - Bean 'spring.datasource-org.springframework.boot.autoconfigure.jdbc.DataSourceProperties' of type [org.springframework.boot.autoconfigure.jdbc.DataSourceProperties] is not eligible for getting processed by all BeanPostProcessors (for example: not eligible for auto-proxying)
2021-12-31 14:58:22.318 INFO  o.s.c.s.PostProcessorRegistrationDelegate$BeanPostProcessorChecker - Bean 'dataSource' of type [com.zaxxer.hikari.HikariDataSource] is not eligible for getting processed by all BeanPostProcessors (for example: not eligible for auto-proxying)
2021-12-31 14:58:22.399 INFO  o.s.c.s.PostProcessorRegistrationDelegate$BeanPostProcessorChecker - Bean 'sqlSessionFactory' of type [org.apache.ibatis.session.defaults.DefaultSqlSessionFactory] is not eligible for getting processed by all BeanPostProcessors (for example: not eligible for auto-proxying)
2021-12-31 14:58:22.402 INFO  o.s.c.s.PostProcessorRegistrationDelegate$BeanPostProcessorChecker - Bean 'sqlSessionTemplate' of type [org.mybatis.spring.SqlSessionTemplate] is not eligible for getting processed by all BeanPostProcessors (for example: not eligible for auto-proxying)
2021-12-31 14:58:22.402 INFO  o.s.c.s.PostProcessorRegistrationDelegate$BeanPostProcessorChecker - Bean 'userMapper' of type [org.mybatis.spring.mapper.MapperFactoryBean] is not eligible for getting processed by all BeanPostProcessors (for example: not eligible for auto-proxying)
2021-12-31 14:58:22.403 INFO  o.s.c.s.PostProcessorRegistrationDelegate$BeanPostProcessorChecker - Bean 'userMapper' of type [com.sun.proxy.$Proxy50] is not eligible for getting processed by all BeanPostProcessors (for example: not eligible for auto-proxying)
2021-12-31 14:58:22.403 INFO  o.s.c.s.PostProcessorRegistrationDelegate$BeanPostProcessorChecker - Bean 'myShiroRealm' of type [com.zestfulYoghurt.zy.shiro.LoginRealm] is not eligible for getting processed by all BeanPostProcessors (for example: not eligible for auto-proxying)
2021-12-31 14:58:22.405 INFO  o.s.c.s.PostProcessorRegistrationDelegate$BeanPostProcessorChecker - Bean 'securityManager' of type [org.apache.shiro.web.mgt.DefaultWebSecurityManager] is not eligible for getting processed by all BeanPostProcessors (for example: not eligible for auto-proxying)
2021-12-31 14:58:22.432 INFO  o.s.c.s.PostProcessorRegistrationDelegate$BeanPostProcessorChecker - Bean 'authorizationAttributeSourceAdvisor' of type [org.apache.shiro.spring.security.interceptor.AuthorizationAttributeSourceAdvisor] is not eligible for getting processed by all BeanPostProcessors (for example: not eligible for auto-proxying)
2021-12-31 14:58:22.785 INFO  o.s.boot.web.embedded.tomcat.TomcatWebServer - Tomcat initialized with port(s): 8086 (http)
2021-12-31 14:58:22.792 INFO  org.apache.coyote.http11.Http11NioProtocol - Initializing ProtocolHandler ["http-nio-8086"]
2021-12-31 14:58:22.792 INFO  org.apache.catalina.core.StandardService - Starting service [Tomcat]
2021-12-31 14:58:22.792 INFO  org.apache.catalina.core.StandardEngine - Starting Servlet engine: [Apache Tomcat/9.0.39]
2021-12-31 14:58:22.948 INFO  org.apache.jasper.servlet.TldScanner - At least one JAR was scanned for TLDs yet contained no TLDs. Enable debug logging for this logger for a complete list of JARs that were scanned but no TLDs were found in them. Skipping unneeded JARs during scanning can improve startup time and JSP compilation time.
2021-12-31 14:58:22.948 INFO  o.a.c.core.ContainerBase.[Tomcat].[localhost].[/] - Initializing Spring embedded WebApplicationContext
2021-12-31 14:58:22.948 INFO  o.s.b.w.s.c.ServletWebServerApplicationContext - Root WebApplicationContext: initialization completed in 1432 ms
2021-12-31 14:58:23.300 INFO  o.s.scheduling.concurrent.ThreadPoolTaskExecutor - Initializing ExecutorService 'applicationTaskExecutor'
2021-12-31 14:58:23.910 INFO  o.s.b.d.autoconfigure.OptionalLiveReloadServer - LiveReload server is running on port 35729
2021-12-31 14:58:23.924 INFO  org.apache.coyote.http11.Http11NioProtocol - Starting ProtocolHandler ["http-nio-8086"]
2021-12-31 14:58:23.941 INFO  o.s.boot.web.embedded.tomcat.TomcatWebServer - Tomcat started on port(s): 8086 (http) with context path ''
2021-12-31 14:58:23.952 INFO  com.zestfulYoghurt.zy.ZyApplication - Started ZyApplication in 2.834 seconds (JVM running for 3.321)
2021-12-31 14:58:32.949 INFO  o.a.c.core.ContainerBase.[Tomcat].[localhost].[/] - Initializing Spring DispatcherServlet 'dispatcherServlet'
2021-12-31 14:58:32.949 INFO  org.springframework.web.servlet.DispatcherServlet - Initializing Servlet 'dispatcherServlet'
2021-12-31 14:58:32.957 INFO  org.springframework.web.servlet.DispatcherServlet - Completed initialization in 7 ms
2021-12-31 18:10:54.495 INFO  o.s.scheduling.concurrent.ThreadPoolTaskExecutor - Shutting down ExecutorService 'applicationTaskExecutor'
2021-12-31 18:10:57.191 INFO  com.zestfulYoghurt.zy.ZyApplication - Starting ZyApplication on zhangyi211123 with PID 16968 (C:\Users\860120017\Desktop\project\web-app-serve\web-app-serve\target\classes started by 860120017 in C:\Users\860120017\Desktop\project\web-app-serve)
2021-12-31 18:10:57.191 INFO  com.zestfulYoghurt.zy.ZyApplication - The following profiles are active: logger,mail,mybatisDev,mysql,redis
2021-12-31 18:10:57.222 INFO  o.s.b.d.env.DevToolsPropertyDefaultsPostProcessor - Devtools property defaults active! Set 'spring.devtools.add-properties' to 'false' to disable
2021-12-31 18:10:57.222 INFO  o.s.b.d.env.DevToolsPropertyDefaultsPostProcessor - For additional web related logging consider setting the 'logging.level.web' property to 'DEBUG'
2021-12-31 18:10:57.698 INFO  o.s.d.r.config.RepositoryConfigurationDelegate - Multiple Spring Data modules found, entering strict repository configuration mode!
2021-12-31 18:10:57.700 INFO  o.s.d.r.config.RepositoryConfigurationDelegate - Bootstrapping Spring Data Redis repositories in DEFAULT mode.
2021-12-31 18:10:57.726 INFO  o.s.d.r.config.RepositoryConfigurationDelegate - Finished Spring Data repository scanning in 11ms. Found 0 Redis repository interfaces.
2021-12-31 18:10:57.861 INFO  o.s.c.s.PostProcessorRegistrationDelegate$BeanPostProcessorChecker - Bean 'configurationSpringBoot' of type [com.zestfulYoghurt.zy.configuration.ConfigurationSpringBoot$$EnhancerBySpringCGLIB$$6aaf868d] is not eligible for getting processed by all BeanPostProcessors (for example: not eligible for auto-proxying)
2021-12-31 18:10:58.000 INFO  o.s.c.s.PostProcessorRegistrationDelegate$BeanPostProcessorChecker - Bean 'mybatis-org.mybatis.spring.boot.autoconfigure.MybatisProperties' of type [org.mybatis.spring.boot.autoconfigure.MybatisProperties] is not eligible for getting processed by all BeanPostProcessors (for example: not eligible for auto-proxying)
2021-12-31 18:10:58.016 INFO  o.s.c.s.PostProcessorRegistrationDelegate$BeanPostProcessorChecker - Bean 'org.mybatis.spring.boot.autoconfigure.MybatisAutoConfiguration' of type [org.mybatis.spring.boot.autoconfigure.MybatisAutoConfiguration$$EnhancerBySpringCGLIB$$daa5238] is not eligible for getting processed by all BeanPostProcessors (for example: not eligible for auto-proxying)
2021-12-31 18:10:58.016 INFO  o.s.c.s.PostProcessorRegistrationDelegate$BeanPostProcessorChecker - Bean 'org.springframework.boot.autoconfigure.jdbc.DataSourceConfiguration$Hikari' of type [org.springframework.boot.autoconfigure.jdbc.DataSourceConfiguration$Hikari] is not eligible for getting processed by all BeanPostProcessors (for example: not eligible for auto-proxying)
2021-12-31 18:10:58.016 INFO  o.s.c.s.PostProcessorRegistrationDelegate$BeanPostProcessorChecker - Bean 'spring.datasource-org.springframework.boot.autoconfigure.jdbc.DataSourceProperties' of type [org.springframework.boot.autoconfigure.jdbc.DataSourceProperties] is not eligible for getting processed by all BeanPostProcessors (for example: not eligible for auto-proxying)
2021-12-31 18:10:58.031 INFO  o.s.c.s.PostProcessorRegistrationDelegate$BeanPostProcessorChecker - Bean 'dataSource' of type [com.zaxxer.hikari.HikariDataSource] is not eligible for getting processed by all BeanPostProcessors (for example: not eligible for auto-proxying)
2021-12-31 18:10:58.105 INFO  o.s.c.s.PostProcessorRegistrationDelegate$BeanPostProcessorChecker - Bean 'sqlSessionFactory' of type [org.apache.ibatis.session.defaults.DefaultSqlSessionFactory] is not eligible for getting processed by all BeanPostProcessors (for example: not eligible for auto-proxying)
2021-12-31 18:10:58.105 INFO  o.s.c.s.PostProcessorRegistrationDelegate$BeanPostProcessorChecker - Bean 'sqlSessionTemplate' of type [org.mybatis.spring.SqlSessionTemplate] is not eligible for getting processed by all BeanPostProcessors (for example: not eligible for auto-proxying)
2021-12-31 18:10:58.105 INFO  o.s.c.s.PostProcessorRegistrationDelegate$BeanPostProcessorChecker - Bean 'userMapper' of type [org.mybatis.spring.mapper.MapperFactoryBean] is not eligible for getting processed by all BeanPostProcessors (for example: not eligible for auto-proxying)
2021-12-31 18:10:58.120 INFO  o.s.c.s.PostProcessorRegistrationDelegate$BeanPostProcessorChecker - Bean 'userMapper' of type [com.sun.proxy.$Proxy50] is not eligible for getting processed by all BeanPostProcessors (for example: not eligible for auto-proxying)
2021-12-31 18:10:58.120 INFO  o.s.c.s.PostProcessorRegistrationDelegate$BeanPostProcessorChecker - Bean 'myShiroRealm' of type [com.zestfulYoghurt.zy.shiro.LoginRealm] is not eligible for getting processed by all BeanPostProcessors (for example: not eligible for auto-proxying)
2021-12-31 18:10:58.120 INFO  o.s.c.s.PostProcessorRegistrationDelegate$BeanPostProcessorChecker - Bean 'securityManager' of type [org.apache.shiro.web.mgt.DefaultWebSecurityManager] is not eligible for getting processed by all BeanPostProcessors (for example: not eligible for auto-proxying)
2021-12-31 18:10:58.136 INFO  o.s.c.s.PostProcessorRegistrationDelegate$BeanPostProcessorChecker - Bean 'authorizationAttributeSourceAdvisor' of type [org.apache.shiro.spring.security.interceptor.AuthorizationAttributeSourceAdvisor] is not eligible for getting processed by all BeanPostProcessors (for example: not eligible for auto-proxying)
2021-12-31 18:10:58.511 INFO  o.s.boot.web.embedded.tomcat.TomcatWebServer - Tomcat initialized with port(s): 8086 (http)
2021-12-31 18:10:58.511 INFO  org.apache.coyote.http11.Http11NioProtocol - Initializing ProtocolHandler ["http-nio-8086"]
2021-12-31 18:10:58.511 INFO  org.apache.catalina.core.StandardService - Starting service [Tomcat]
2021-12-31 18:10:58.511 INFO  org.apache.catalina.core.StandardEngine - Starting Servlet engine: [Apache Tomcat/9.0.39]
2021-12-31 18:10:58.683 INFO  org.apache.jasper.servlet.TldScanner - At least one JAR was scanned for TLDs yet contained no TLDs. Enable debug logging for this logger for a complete list of JARs that were scanned but no TLDs were found in them. Skipping unneeded JARs during scanning can improve startup time and JSP compilation time.
2021-12-31 18:10:58.683 INFO  o.a.c.core.ContainerBase.[Tomcat].[localhost].[/] - Initializing Spring embedded WebApplicationContext
2021-12-31 18:10:58.683 INFO  o.s.b.w.s.c.ServletWebServerApplicationContext - Root WebApplicationContext: initialization completed in 1461 ms
2021-12-31 18:10:59.042 INFO  o.s.scheduling.concurrent.ThreadPoolTaskExecutor - Initializing ExecutorService 'applicationTaskExecutor'
2021-12-31 18:10:59.677 INFO  o.s.b.d.autoconfigure.OptionalLiveReloadServer - LiveReload server is running on port 35729
2021-12-31 18:10:59.692 INFO  org.apache.coyote.http11.Http11NioProtocol - Starting ProtocolHandler ["http-nio-8086"]
2021-12-31 18:10:59.708 INFO  o.s.boot.web.embedded.tomcat.TomcatWebServer - Tomcat started on port(s): 8086 (http) with context path ''
2021-12-31 18:10:59.708 INFO  com.zestfulYoghurt.zy.ZyApplication - Started ZyApplication in 2.886 seconds (JVM running for 3.356)
2021-12-31 18:18:34.287 INFO  o.s.scheduling.concurrent.ThreadPoolTaskExecutor - Shutting down ExecutorService 'applicationTaskExecutor'
2021-12-31 18:18:36.752 INFO  com.zestfulYoghurt.zy.ZyApplication - Starting ZyApplication on zhangyi211123 with PID 476 (C:\Users\860120017\Desktop\project\web-app-serve\web-app-serve\target\classes started by 860120017 in C:\Users\860120017\Desktop\project\web-app-serve)
2021-12-31 18:18:36.752 INFO  com.zestfulYoghurt.zy.ZyApplication - The following profiles are active: logger,mail,mybatisDev,mysql,redis
2021-12-31 18:18:36.784 INFO  o.s.b.d.env.DevToolsPropertyDefaultsPostProcessor - Devtools property defaults active! Set 'spring.devtools.add-properties' to 'false' to disable
2021-12-31 18:18:36.784 INFO  o.s.b.d.env.DevToolsPropertyDefaultsPostProcessor - For additional web related logging consider setting the 'logging.level.web' property to 'DEBUG'
2021-12-31 18:18:37.256 INFO  o.s.d.r.config.RepositoryConfigurationDelegate - Multiple Spring Data modules found, entering strict repository configuration mode!
2021-12-31 18:18:37.258 INFO  o.s.d.r.config.RepositoryConfigurationDelegate - Bootstrapping Spring Data Redis repositories in DEFAULT mode.
2021-12-31 18:18:37.282 INFO  o.s.d.r.config.RepositoryConfigurationDelegate - Finished Spring Data repository scanning in 11ms. Found 0 Redis repository interfaces.
2021-12-31 18:18:37.407 INFO  o.s.c.s.PostProcessorRegistrationDelegate$BeanPostProcessorChecker - Bean 'configurationSpringBoot' of type [com.zestfulYoghurt.zy.configuration.ConfigurationSpringBoot$$EnhancerBySpringCGLIB$$64443224] is not eligible for getting processed by all BeanPostProcessors (for example: not eligible for auto-proxying)
2021-12-31 18:18:37.548 INFO  o.s.c.s.PostProcessorRegistrationDelegate$BeanPostProcessorChecker - Bean 'mybatis-org.mybatis.spring.boot.autoconfigure.MybatisProperties' of type [org.mybatis.spring.boot.autoconfigure.MybatisProperties] is not eligible for getting processed by all BeanPostProcessors (for example: not eligible for auto-proxying)
2021-12-31 18:18:37.563 INFO  o.s.c.s.PostProcessorRegistrationDelegate$BeanPostProcessorChecker - Bean 'org.mybatis.spring.boot.autoconfigure.MybatisAutoConfiguration' of type [org.mybatis.spring.boot.autoconfigure.MybatisAutoConfiguration$$EnhancerBySpringCGLIB$$73efdcf] is not eligible for getting processed by all BeanPostProcessors (for example: not eligible for auto-proxying)
2021-12-31 18:18:37.563 INFO  o.s.c.s.PostProcessorRegistrationDelegate$BeanPostProcessorChecker - Bean 'org.springframework.boot.autoconfigure.jdbc.DataSourceConfiguration$Hikari' of type [org.springframework.boot.autoconfigure.jdbc.DataSourceConfiguration$Hikari] is not eligible for getting processed by all BeanPostProcessors (for example: not eligible for auto-proxying)
2021-12-31 18:18:37.563 INFO  o.s.c.s.PostProcessorRegistrationDelegate$BeanPostProcessorChecker - Bean 'spring.datasource-org.springframework.boot.autoconfigure.jdbc.DataSourceProperties' of type [org.springframework.boot.autoconfigure.jdbc.DataSourceProperties] is not eligible for getting processed by all BeanPostProcessors (for example: not eligible for auto-proxying)
2021-12-31 18:18:37.579 INFO  o.s.c.s.PostProcessorRegistrationDelegate$BeanPostProcessorChecker - Bean 'dataSource' of type [com.zaxxer.hikari.HikariDataSource] is not eligible for getting processed by all BeanPostProcessors (for example: not eligible for auto-proxying)
2021-12-31 18:18:37.657 INFO  o.s.c.s.PostProcessorRegistrationDelegate$BeanPostProcessorChecker - Bean 'sqlSessionFactory' of type [org.apache.ibatis.session.defaults.DefaultSqlSessionFactory] is not eligible for getting processed by all BeanPostProcessors (for example: not eligible for auto-proxying)
2021-12-31 18:18:37.657 INFO  o.s.c.s.PostProcessorRegistrationDelegate$BeanPostProcessorChecker - Bean 'sqlSessionTemplate' of type [org.mybatis.spring.SqlSessionTemplate] is not eligible for getting processed by all BeanPostProcessors (for example: not eligible for auto-proxying)
2021-12-31 18:18:37.657 INFO  o.s.c.s.PostProcessorRegistrationDelegate$BeanPostProcessorChecker - Bean 'userMapper' of type [org.mybatis.spring.mapper.MapperFactoryBean] is not eligible for getting processed by all BeanPostProcessors (for example: not eligible for auto-proxying)
2021-12-31 18:18:37.657 INFO  o.s.c.s.PostProcessorRegistrationDelegate$BeanPostProcessorChecker - Bean 'userMapper' of type [com.sun.proxy.$Proxy50] is not eligible for getting processed by all BeanPostProcessors (for example: not eligible for auto-proxying)
2021-12-31 18:18:37.657 INFO  o.s.c.s.PostProcessorRegistrationDelegate$BeanPostProcessorChecker - Bean 'myShiroRealm' of type [com.zestfulYoghurt.zy.shiro.LoginRealm] is not eligible for getting processed by all BeanPostProcessors (for example: not eligible for auto-proxying)
2021-12-31 18:18:37.657 INFO  o.s.c.s.PostProcessorRegistrationDelegate$BeanPostProcessorChecker - Bean 'securityManager' of type [org.apache.shiro.web.mgt.DefaultWebSecurityManager] is not eligible for getting processed by all BeanPostProcessors (for example: not eligible for auto-proxying)
2021-12-31 18:18:37.688 INFO  o.s.c.s.PostProcessorRegistrationDelegate$BeanPostProcessorChecker - Bean 'authorizationAttributeSourceAdvisor' of type [org.apache.shiro.spring.security.interceptor.AuthorizationAttributeSourceAdvisor] is not eligible for getting processed by all BeanPostProcessors (for example: not eligible for auto-proxying)
2021-12-31 18:18:38.048 INFO  o.s.boot.web.embedded.tomcat.TomcatWebServer - Tomcat initialized with port(s): 8086 (http)
2021-12-31 18:18:38.048 INFO  org.apache.coyote.http11.Http11NioProtocol - Initializing ProtocolHandler ["http-nio-8086"]
2021-12-31 18:18:38.048 INFO  org.apache.catalina.core.StandardService - Starting service [Tomcat]
2021-12-31 18:18:38.063 INFO  org.apache.catalina.core.StandardEngine - Starting Servlet engine: [Apache Tomcat/9.0.39]
2021-12-31 18:18:38.221 INFO  org.apache.jasper.servlet.TldScanner - At least one JAR was scanned for TLDs yet contained no TLDs. Enable debug logging for this logger for a complete list of JARs that were scanned but no TLDs were found in them. Skipping unneeded JARs during scanning can improve startup time and JSP compilation time.
2021-12-31 18:18:38.221 INFO  o.a.c.core.ContainerBase.[Tomcat].[localhost].[/] - Initializing Spring embedded WebApplicationContext
2021-12-31 18:18:38.221 INFO  o.s.b.w.s.c.ServletWebServerApplicationContext - Root WebApplicationContext: initialization completed in 1437 ms
2021-12-31 18:18:38.580 INFO  o.s.scheduling.concurrent.ThreadPoolTaskExecutor - Initializing ExecutorService 'applicationTaskExecutor'
2021-12-31 18:18:39.192 INFO  o.s.b.d.autoconfigure.OptionalLiveReloadServer - LiveReload server is running on port 35729
2021-12-31 18:18:39.208 INFO  org.apache.coyote.http11.Http11NioProtocol - Starting ProtocolHandler ["http-nio-8086"]
2021-12-31 18:18:39.224 INFO  o.s.boot.web.embedded.tomcat.TomcatWebServer - Tomcat started on port(s): 8086 (http) with context path ''
2021-12-31 18:18:39.224 INFO  com.zestfulYoghurt.zy.ZyApplication - Started ZyApplication in 2.828 seconds (JVM running for 3.361)
2021-12-31 18:19:08.075 INFO  o.a.c.core.ContainerBase.[Tomcat].[localhost].[/] - Initializing Spring DispatcherServlet 'dispatcherServlet'
2021-12-31 18:19:08.075 INFO  org.springframework.web.servlet.DispatcherServlet - Initializing Servlet 'dispatcherServlet'
2021-12-31 18:19:08.087 INFO  org.springframework.web.servlet.DispatcherServlet - Completed initialization in 12 ms
2021-12-31 18:19:08.120 INFO  c.zestfulYoghurt.zy.aop.LoggerAop.LoggerAopAround - 
start====
com.zestfulYoghurt.zy.controllers.testController.Test1@35bf30d3
  getServerPort
====start
end====
com.zestfulYoghurt.zy.controllers.testController.Test1@35bf30d3
  getServerPort
====end


2021-12-31 18:19:08.123 INFO  c.zestfulYoghurt.zy.aop.LoggerAop.LoggerAopAround - 

2021-12-31 18:19:08.139 INFO  c.zestfulYoghurt.zy.aop.LoggerAop.LoggerAopAround - 
start====
com.zestfulYoghurt.zy.controllers.testController.Test1@35bf30d3
  getServerPort
====start
end====
com.zestfulYoghurt.zy.controllers.testController.Test1@35bf30d3
  getServerPort
====end


2021-12-31 18:19:08.139 INFO  c.zestfulYoghurt.zy.aop.LoggerAop.LoggerAopAround - 

2021-12-31 18:19:08.141 INFO  c.zestfulYoghurt.zy.aop.LoggerAop.LoggerAopAround - 
start====
com.zestfulYoghurt.zy.controllers.testController.Test1@35bf30d3
  getServerPort
====start
end====
com.zestfulYoghurt.zy.controllers.testController.Test1@35bf30d3
  getServerPort
====end


2021-12-31 18:19:08.141 INFO  c.zestfulYoghurt.zy.aop.LoggerAop.LoggerAopAround - 

2021-12-31 18:19:16.399 INFO  c.zestfulYoghurt.zy.aop.LoggerAop.LoggerAopAround - 
start====
com.zestfulYoghurt.zy.controllers.testController.Test1@35bf30d3
  getServerPort
====start
end====
com.zestfulYoghurt.zy.controllers.testController.Test1@35bf30d3
  getServerPort
====end


2021-12-31 18:19:16.399 INFO  c.zestfulYoghurt.zy.aop.LoggerAop.LoggerAopAround - 

2021-12-31 18:19:16.402 INFO  c.zestfulYoghurt.zy.aop.LoggerAop.LoggerAopAround - 
start====
com.zestfulYoghurt.zy.controllers.testController.Test1@35bf30d3
  getServerPort
====start
end====
com.zestfulYoghurt.zy.controllers.testController.Test1@35bf30d3
  getServerPort
====end


2021-12-31 18:19:16.403 INFO  c.zestfulYoghurt.zy.aop.LoggerAop.LoggerAopAround - 

2021-12-31 18:19:16.405 INFO  c.zestfulYoghurt.zy.aop.LoggerAop.LoggerAopAround - 
start====
com.zestfulYoghurt.zy.controllers.testController.Test1@35bf30d3
  getServerPort
====start
end====
com.zestfulYoghurt.zy.controllers.testController.Test1@35bf30d3
  getServerPort
====end


2021-12-31 18:19:16.405 INFO  c.zestfulYoghurt.zy.aop.LoggerAop.LoggerAopAround - 

2021-12-31 18:19:16.919 INFO  c.zestfulYoghurt.zy.aop.LoggerAop.LoggerAopAround - 
start====
com.zestfulYoghurt.zy.controllers.testController.Test1@35bf30d3
  getServerPort
====start
end====
com.zestfulYoghurt.zy.controllers.testController.Test1@35bf30d3
  getServerPort
====end


2021-12-31 18:19:16.919 INFO  c.zestfulYoghurt.zy.aop.LoggerAop.LoggerAopAround - 

2021-12-31 18:19:16.921 INFO  c.zestfulYoghurt.zy.aop.LoggerAop.LoggerAopAround - 
start====
com.zestfulYoghurt.zy.controllers.testController.Test1@35bf30d3
  getServerPort
====start
end====
com.zestfulYoghurt.zy.controllers.testController.Test1@35bf30d3
  getServerPort
====end


2021-12-31 18:19:16.921 INFO  c.zestfulYoghurt.zy.aop.LoggerAop.LoggerAopAround - 

2021-12-31 18:19:16.925 INFO  c.zestfulYoghurt.zy.aop.LoggerAop.LoggerAopAround - 
start====
com.zestfulYoghurt.zy.controllers.testController.Test1@35bf30d3
  getServerPort
====start
end====
com.zestfulYoghurt.zy.controllers.testController.Test1@35bf30d3
  getServerPort
====end


2021-12-31 18:19:16.925 INFO  c.zestfulYoghurt.zy.aop.LoggerAop.LoggerAopAround - 

2021-12-31 18:19:26.831 INFO  c.zestfulYoghurt.zy.aop.LoggerAop.LoggerAopAround - 
start====
com.zestfulYoghurt.zy.controllers.testController.Test1@35bf30d3
  getServerPort
====start
end====
com.zestfulYoghurt.zy.controllers.testController.Test1@35bf30d3
  getServerPort
====end


2021-12-31 18:19:26.831 INFO  c.zestfulYoghurt.zy.aop.LoggerAop.LoggerAopAround - 

2021-12-31 18:19:26.833 INFO  c.zestfulYoghurt.zy.aop.LoggerAop.LoggerAopAround - 
start====
com.zestfulYoghurt.zy.controllers.testController.Test1@35bf30d3
  getServerPort
====start
end====
com.zestfulYoghurt.zy.controllers.testController.Test1@35bf30d3
  getServerPort
====end


2021-12-31 18:19:26.833 INFO  c.zestfulYoghurt.zy.aop.LoggerAop.LoggerAopAround - 

2021-12-31 18:19:26.835 INFO  c.zestfulYoghurt.zy.aop.LoggerAop.LoggerAopAround - 
start====
com.zestfulYoghurt.zy.controllers.testController.Test1@35bf30d3
  getServerPort
====start
end====
com.zestfulYoghurt.zy.controllers.testController.Test1@35bf30d3
  getServerPort
====end


2021-12-31 18:19:26.835 INFO  c.zestfulYoghurt.zy.aop.LoggerAop.LoggerAopAround - 

2021-12-31 18:19:46.621 INFO  c.zestfulYoghurt.zy.aop.LoggerAop.LoggerAopAround - 
start====
com.zestfulYoghurt.zy.controllers.testController.Test1@35bf30d3
  getServerPort
====start
end====
com.zestfulYoghurt.zy.controllers.testController.Test1@35bf30d3
  getServerPort
====end


2021-12-31 18:19:46.621 INFO  c.zestfulYoghurt.zy.aop.LoggerAop.LoggerAopAround - 

2021-12-31 18:19:46.624 INFO  c.zestfulYoghurt.zy.aop.LoggerAop.LoggerAopAround - 
start====
com.zestfulYoghurt.zy.controllers.testController.Test1@35bf30d3
  getServerPort
====start
end====
com.zestfulYoghurt.zy.controllers.testController.Test1@35bf30d3
  getServerPort
====end


2021-12-31 18:19:46.624 INFO  c.zestfulYoghurt.zy.aop.LoggerAop.LoggerAopAround - 

2021-12-31 18:19:46.627 INFO  c.zestfulYoghurt.zy.aop.LoggerAop.LoggerAopAround - 
start====
com.zestfulYoghurt.zy.controllers.testController.Test1@35bf30d3
  getServerPort
====start
end====
com.zestfulYoghurt.zy.controllers.testController.Test1@35bf30d3
  getServerPort
====end


2021-12-31 18:19:46.627 INFO  c.zestfulYoghurt.zy.aop.LoggerAop.LoggerAopAround - 

2021-12-31 18:19:53.282 INFO  c.zestfulYoghurt.zy.aop.LoggerAop.LoggerAopAround - 
start====
com.zestfulYoghurt.zy.controllers.login.LoginController@634359c0
  loginCheckOut
====start
end====
com.zestfulYoghurt.zy.controllers.login.LoginController@634359c0
  loginCheckOut
====end


2021-12-31 18:19:53.282 INFO  c.zestfulYoghurt.zy.aop.LoggerAop.LoggerAopAround - 

2021-12-31 18:32:35.219 INFO  o.s.scheduling.concurrent.ThreadPoolTaskExecutor - Shutting down ExecutorService 'applicationTaskExecutor'
