2021-12-16 11:02:14.636 INFO  com.zestfulYoghurt.zy.ZyApplication - Starting ZyApplication on zhangyi211123 with PID 12644 (C:\Users\860120017\Desktop\project\web-app-serve\web-app-serve\target\classes started by 860120017 in C:\Users\860120017\Desktop\project\web-app-serve\web-app-serve)
2021-12-16 11:02:14.648 INFO  com.zestfulYoghurt.zy.ZyApplication - The following profiles are active: test1,test2
2021-12-16 11:02:14.690 INFO  o.s.b.d.env.DevToolsPropertyDefaultsPostProcessor - Devtools property defaults active! Set 'spring.devtools.add-properties' to 'false' to disable
2021-12-16 11:02:14.690 INFO  o.s.b.d.env.DevToolsPropertyDefaultsPostProcessor - For additional web related logging consider setting the 'logging.level.web' property to 'DEBUG'
2021-12-16 11:02:15.309 INFO  o.s.d.r.config.RepositoryConfigurationDelegate - Multiple Spring Data modules found, entering strict repository configuration mode!
2021-12-16 11:02:15.312 INFO  o.s.d.r.config.RepositoryConfigurationDelegate - Bootstrapping Spring Data Redis repositories in DEFAULT mode.
2021-12-16 11:02:15.340 INFO  o.s.d.r.config.RepositoryConfigurationDelegate - Finished Spring Data repository scanning in 8ms. Found 0 Redis repository interfaces.
2021-12-16 11:02:15.483 INFO  o.s.c.s.PostProcessorRegistrationDelegate$BeanPostProcessorChecker - Bean 'shiroConfiguration' of type [com.zestfulYoghurt.zy.configuration.shiroConfiguration$$EnhancerBySpringCGLIB$$c9aa439c] is not eligible for getting processed by all BeanPostProcessors (for example: not eligible for auto-proxying)
2021-12-16 11:02:15.604 INFO  o.s.c.s.PostProcessorRegistrationDelegate$BeanPostProcessorChecker - Bean 'mybatis-org.mybatis.spring.boot.autoconfigure.MybatisProperties' of type [org.mybatis.spring.boot.autoconfigure.MybatisProperties] is not eligible for getting processed by all BeanPostProcessors (for example: not eligible for auto-proxying)
2021-12-16 11:02:15.609 INFO  o.s.c.s.PostProcessorRegistrationDelegate$BeanPostProcessorChecker - Bean 'org.mybatis.spring.boot.autoconfigure.MybatisAutoConfiguration' of type [org.mybatis.spring.boot.autoconfigure.MybatisAutoConfiguration$$EnhancerBySpringCGLIB$$51107a8d] is not eligible for getting processed by all BeanPostProcessors (for example: not eligible for auto-proxying)
2021-12-16 11:02:15.610 INFO  o.s.c.s.PostProcessorRegistrationDelegate$BeanPostProcessorChecker - Bean 'org.springframework.boot.autoconfigure.jdbc.DataSourceConfiguration$Hikari' of type [org.springframework.boot.autoconfigure.jdbc.DataSourceConfiguration$Hikari] is not eligible for getting processed by all BeanPostProcessors (for example: not eligible for auto-proxying)
2021-12-16 11:02:15.616 INFO  o.s.c.s.PostProcessorRegistrationDelegate$BeanPostProcessorChecker - Bean 'spring.datasource-org.springframework.boot.autoconfigure.jdbc.DataSourceProperties' of type [org.springframework.boot.autoconfigure.jdbc.DataSourceProperties] is not eligible for getting processed by all BeanPostProcessors (for example: not eligible for auto-proxying)
2021-12-16 11:02:15.630 INFO  o.s.c.s.PostProcessorRegistrationDelegate$BeanPostProcessorChecker - Bean 'dataSource' of type [com.zaxxer.hikari.HikariDataSource] is not eligible for getting processed by all BeanPostProcessors (for example: not eligible for auto-proxying)
2021-12-16 11:02:15.750 INFO  o.s.c.s.PostProcessorRegistrationDelegate$BeanPostProcessorChecker - Bean 'sqlSessionFactory' of type [org.apache.ibatis.session.defaults.DefaultSqlSessionFactory] is not eligible for getting processed by all BeanPostProcessors (for example: not eligible for auto-proxying)
2021-12-16 11:02:15.754 INFO  o.s.c.s.PostProcessorRegistrationDelegate$BeanPostProcessorChecker - Bean 'sqlSessionTemplate' of type [org.mybatis.spring.SqlSessionTemplate] is not eligible for getting processed by all BeanPostProcessors (for example: not eligible for auto-proxying)
2021-12-16 11:02:15.754 INFO  o.s.c.s.PostProcessorRegistrationDelegate$BeanPostProcessorChecker - Bean 'userMapper' of type [org.mybatis.spring.mapper.MapperFactoryBean] is not eligible for getting processed by all BeanPostProcessors (for example: not eligible for auto-proxying)
2021-12-16 11:02:15.756 INFO  o.s.c.s.PostProcessorRegistrationDelegate$BeanPostProcessorChecker - Bean 'userMapper' of type [com.sun.proxy.$Proxy49] is not eligible for getting processed by all BeanPostProcessors (for example: not eligible for auto-proxying)
2021-12-16 11:02:15.757 INFO  o.s.c.s.PostProcessorRegistrationDelegate$BeanPostProcessorChecker - Bean 'myShiroRealm' of type [com.zestfulYoghurt.zy.shiro.loginRealm] is not eligible for getting processed by all BeanPostProcessors (for example: not eligible for auto-proxying)
2021-12-16 11:02:15.758 INFO  o.s.c.s.PostProcessorRegistrationDelegate$BeanPostProcessorChecker - Bean 'securityManager' of type [org.apache.shiro.web.mgt.DefaultWebSecurityManager] is not eligible for getting processed by all BeanPostProcessors (for example: not eligible for auto-proxying)
2021-12-16 11:02:15.791 INFO  o.s.c.s.PostProcessorRegistrationDelegate$BeanPostProcessorChecker - Bean 'authorizationAttributeSourceAdvisor' of type [org.apache.shiro.spring.security.interceptor.AuthorizationAttributeSourceAdvisor] is not eligible for getting processed by all BeanPostProcessors (for example: not eligible for auto-proxying)
2021-12-16 11:02:16.276 INFO  o.s.boot.web.embedded.tomcat.TomcatWebServer - Tomcat initialized with port(s): 8086 (http)
2021-12-16 11:02:16.284 INFO  org.apache.coyote.http11.Http11NioProtocol - Initializing ProtocolHandler ["http-nio-8086"]
2021-12-16 11:02:16.284 INFO  org.apache.catalina.core.StandardService - Starting service [Tomcat]
2021-12-16 11:02:16.284 INFO  org.apache.catalina.core.StandardEngine - Starting Servlet engine: [Apache Tomcat/9.0.39]
2021-12-16 11:02:16.331 INFO  o.a.c.core.ContainerBase.[Tomcat].[localhost].[/] - Initializing Spring embedded WebApplicationContext
2021-12-16 11:02:16.331 INFO  o.s.b.w.s.c.ServletWebServerApplicationContext - Root WebApplicationContext: initialization completed in 1641 ms
2021-12-16 11:02:16.864 INFO  o.s.scheduling.concurrent.ThreadPoolTaskExecutor - Initializing ExecutorService 'applicationTaskExecutor'
2021-12-16 11:02:17.704 INFO  o.s.b.d.autoconfigure.OptionalLiveReloadServer - LiveReload server is running on port 35729
2021-12-16 11:02:17.720 INFO  org.apache.coyote.http11.Http11NioProtocol - Starting ProtocolHandler ["http-nio-8086"]
2021-12-16 11:02:17.735 INFO  o.s.boot.web.embedded.tomcat.TomcatWebServer - Tomcat started on port(s): 8086 (http) with context path ''
2021-12-16 11:02:17.749 INFO  com.zestfulYoghurt.zy.ZyApplication - Started ZyApplication in 3.469 seconds (JVM running for 4.874)
2021-12-16 11:31:54.366 INFO  o.s.scheduling.concurrent.ThreadPoolTaskExecutor - Shutting down ExecutorService 'applicationTaskExecutor'
2021-12-16 11:55:29.838 INFO  com.zestfulYoghurt.zy.ZyApplication - Starting ZyApplication on zhangyi211123 with PID 13708 (C:\Users\860120017\Desktop\project\web-app-serve\web-app-serve\target\classes started by 860120017 in C:\Users\860120017\Desktop\project\web-app-serve\web-app-serve)
2021-12-16 11:55:29.839 INFO  com.zestfulYoghurt.zy.ZyApplication - The following profiles are active: test1,test2
2021-12-16 11:55:29.872 INFO  o.s.b.d.env.DevToolsPropertyDefaultsPostProcessor - Devtools property defaults active! Set 'spring.devtools.add-properties' to 'false' to disable
2021-12-16 11:55:29.872 INFO  o.s.b.d.env.DevToolsPropertyDefaultsPostProcessor - For additional web related logging consider setting the 'logging.level.web' property to 'DEBUG'
2021-12-16 11:55:30.267 INFO  o.s.d.r.config.RepositoryConfigurationDelegate - Multiple Spring Data modules found, entering strict repository configuration mode!
2021-12-16 11:55:30.268 INFO  o.s.d.r.config.RepositoryConfigurationDelegate - Bootstrapping Spring Data Redis repositories in DEFAULT mode.
2021-12-16 11:55:30.309 INFO  o.s.d.r.config.RepositoryConfigurationDelegate - Finished Spring Data repository scanning in 9ms. Found 0 Redis repository interfaces.
2021-12-16 11:55:30.427 INFO  o.s.c.s.PostProcessorRegistrationDelegate$BeanPostProcessorChecker - Bean 'shiroConfiguration' of type [com.zestfulYoghurt.zy.configuration.shiroConfiguration$$EnhancerBySpringCGLIB$$4235c4a0] is not eligible for getting processed by all BeanPostProcessors (for example: not eligible for auto-proxying)
2021-12-16 11:55:30.519 INFO  o.s.c.s.PostProcessorRegistrationDelegate$BeanPostProcessorChecker - Bean 'mybatis-org.mybatis.spring.boot.autoconfigure.MybatisProperties' of type [org.mybatis.spring.boot.autoconfigure.MybatisProperties] is not eligible for getting processed by all BeanPostProcessors (for example: not eligible for auto-proxying)
2021-12-16 11:55:30.523 INFO  o.s.c.s.PostProcessorRegistrationDelegate$BeanPostProcessorChecker - Bean 'org.mybatis.spring.boot.autoconfigure.MybatisAutoConfiguration' of type [org.mybatis.spring.boot.autoconfigure.MybatisAutoConfiguration$$EnhancerBySpringCGLIB$$c99bfb91] is not eligible for getting processed by all BeanPostProcessors (for example: not eligible for auto-proxying)
2021-12-16 11:55:30.525 INFO  o.s.c.s.PostProcessorRegistrationDelegate$BeanPostProcessorChecker - Bean 'org.springframework.boot.autoconfigure.jdbc.DataSourceConfiguration$Hikari' of type [org.springframework.boot.autoconfigure.jdbc.DataSourceConfiguration$Hikari] is not eligible for getting processed by all BeanPostProcessors (for example: not eligible for auto-proxying)
2021-12-16 11:55:30.531 INFO  o.s.c.s.PostProcessorRegistrationDelegate$BeanPostProcessorChecker - Bean 'spring.datasource-org.springframework.boot.autoconfigure.jdbc.DataSourceProperties' of type [org.springframework.boot.autoconfigure.jdbc.DataSourceProperties] is not eligible for getting processed by all BeanPostProcessors (for example: not eligible for auto-proxying)
2021-12-16 11:55:30.542 INFO  o.s.c.s.PostProcessorRegistrationDelegate$BeanPostProcessorChecker - Bean 'dataSource' of type [com.zaxxer.hikari.HikariDataSource] is not eligible for getting processed by all BeanPostProcessors (for example: not eligible for auto-proxying)
2021-12-16 11:55:30.608 INFO  o.s.c.s.PostProcessorRegistrationDelegate$BeanPostProcessorChecker - Bean 'sqlSessionFactory' of type [org.apache.ibatis.session.defaults.DefaultSqlSessionFactory] is not eligible for getting processed by all BeanPostProcessors (for example: not eligible for auto-proxying)
2021-12-16 11:55:30.611 INFO  o.s.c.s.PostProcessorRegistrationDelegate$BeanPostProcessorChecker - Bean 'sqlSessionTemplate' of type [org.mybatis.spring.SqlSessionTemplate] is not eligible for getting processed by all BeanPostProcessors (for example: not eligible for auto-proxying)
2021-12-16 11:55:30.611 INFO  o.s.c.s.PostProcessorRegistrationDelegate$BeanPostProcessorChecker - Bean 'userMapper' of type [org.mybatis.spring.mapper.MapperFactoryBean] is not eligible for getting processed by all BeanPostProcessors (for example: not eligible for auto-proxying)
2021-12-16 11:55:30.612 INFO  o.s.c.s.PostProcessorRegistrationDelegate$BeanPostProcessorChecker - Bean 'userMapper' of type [com.sun.proxy.$Proxy49] is not eligible for getting processed by all BeanPostProcessors (for example: not eligible for auto-proxying)
2021-12-16 11:55:30.612 INFO  o.s.c.s.PostProcessorRegistrationDelegate$BeanPostProcessorChecker - Bean 'myShiroRealm' of type [com.zestfulYoghurt.zy.shiro.loginRealm] is not eligible for getting processed by all BeanPostProcessors (for example: not eligible for auto-proxying)
2021-12-16 11:55:30.614 INFO  o.s.c.s.PostProcessorRegistrationDelegate$BeanPostProcessorChecker - Bean 'securityManager' of type [org.apache.shiro.web.mgt.DefaultWebSecurityManager] is not eligible for getting processed by all BeanPostProcessors (for example: not eligible for auto-proxying)
2021-12-16 11:55:30.640 INFO  o.s.c.s.PostProcessorRegistrationDelegate$BeanPostProcessorChecker - Bean 'authorizationAttributeSourceAdvisor' of type [org.apache.shiro.spring.security.interceptor.AuthorizationAttributeSourceAdvisor] is not eligible for getting processed by all BeanPostProcessors (for example: not eligible for auto-proxying)
2021-12-16 11:55:30.997 INFO  o.s.boot.web.embedded.tomcat.TomcatWebServer - Tomcat initialized with port(s): 8086 (http)
2021-12-16 11:55:31.002 INFO  org.apache.coyote.http11.Http11NioProtocol - Initializing ProtocolHandler ["http-nio-8086"]
2021-12-16 11:55:31.002 INFO  org.apache.catalina.core.StandardService - Starting service [Tomcat]
2021-12-16 11:55:31.002 INFO  org.apache.catalina.core.StandardEngine - Starting Servlet engine: [Apache Tomcat/9.0.39]
2021-12-16 11:55:31.047 INFO  o.a.c.core.ContainerBase.[Tomcat].[localhost].[/] - Initializing Spring embedded WebApplicationContext
2021-12-16 11:55:31.047 INFO  o.s.b.w.s.c.ServletWebServerApplicationContext - Root WebApplicationContext: initialization completed in 1175 ms
2021-12-16 11:55:31.621 INFO  o.s.scheduling.concurrent.ThreadPoolTaskExecutor - Initializing ExecutorService 'applicationTaskExecutor'
2021-12-16 11:55:32.440 INFO  o.s.b.d.autoconfigure.OptionalLiveReloadServer - LiveReload server is running on port 35729
2021-12-16 11:55:32.459 INFO  org.apache.coyote.http11.Http11NioProtocol - Starting ProtocolHandler ["http-nio-8086"]
2021-12-16 11:55:32.472 INFO  o.s.boot.web.embedded.tomcat.TomcatWebServer - Tomcat started on port(s): 8086 (http) with context path ''
2021-12-16 11:55:32.487 INFO  com.zestfulYoghurt.zy.ZyApplication - Started ZyApplication in 2.951 seconds (JVM running for 3.455)
2021-12-16 12:04:42.734 INFO  o.s.scheduling.concurrent.ThreadPoolTaskExecutor - Shutting down ExecutorService 'applicationTaskExecutor'
2021-12-16 12:04:52.099 INFO  com.zestfulYoghurt.zy.ZyApplication - Starting ZyApplication on zhangyi211123 with PID 14852 (C:\Users\860120017\Desktop\project\web-app-serve\web-app-serve\target\classes started by 860120017 in C:\Users\860120017\Desktop\project\web-app-serve\web-app-serve)
2021-12-16 12:04:52.100 INFO  com.zestfulYoghurt.zy.ZyApplication - The following profiles are active: test1,test2
2021-12-16 12:04:52.135 INFO  o.s.b.d.env.DevToolsPropertyDefaultsPostProcessor - Devtools property defaults active! Set 'spring.devtools.add-properties' to 'false' to disable
2021-12-16 12:04:52.135 INFO  o.s.b.d.env.DevToolsPropertyDefaultsPostProcessor - For additional web related logging consider setting the 'logging.level.web' property to 'DEBUG'
2021-12-16 12:04:52.630 INFO  o.s.d.r.config.RepositoryConfigurationDelegate - Multiple Spring Data modules found, entering strict repository configuration mode!
2021-12-16 12:04:52.631 INFO  o.s.d.r.config.RepositoryConfigurationDelegate - Bootstrapping Spring Data Redis repositories in DEFAULT mode.
2021-12-16 12:04:52.653 INFO  o.s.d.r.config.RepositoryConfigurationDelegate - Finished Spring Data repository scanning in 9ms. Found 0 Redis repository interfaces.
2021-12-16 12:04:52.763 INFO  o.s.c.s.PostProcessorRegistrationDelegate$BeanPostProcessorChecker - Bean 'shiroConfiguration' of type [com.zestfulYoghurt.zy.configuration.shiroConfiguration$$EnhancerBySpringCGLIB$$5ec35c80] is not eligible for getting processed by all BeanPostProcessors (for example: not eligible for auto-proxying)
2021-12-16 12:04:52.848 INFO  o.s.c.s.PostProcessorRegistrationDelegate$BeanPostProcessorChecker - Bean 'mybatis-org.mybatis.spring.boot.autoconfigure.MybatisProperties' of type [org.mybatis.spring.boot.autoconfigure.MybatisProperties] is not eligible for getting processed by all BeanPostProcessors (for example: not eligible for auto-proxying)
2021-12-16 12:04:52.852 INFO  o.s.c.s.PostProcessorRegistrationDelegate$BeanPostProcessorChecker - Bean 'org.mybatis.spring.boot.autoconfigure.MybatisAutoConfiguration' of type [org.mybatis.spring.boot.autoconfigure.MybatisAutoConfiguration$$EnhancerBySpringCGLIB$$e6299371] is not eligible for getting processed by all BeanPostProcessors (for example: not eligible for auto-proxying)
2021-12-16 12:04:52.854 INFO  o.s.c.s.PostProcessorRegistrationDelegate$BeanPostProcessorChecker - Bean 'org.springframework.boot.autoconfigure.jdbc.DataSourceConfiguration$Hikari' of type [org.springframework.boot.autoconfigure.jdbc.DataSourceConfiguration$Hikari] is not eligible for getting processed by all BeanPostProcessors (for example: not eligible for auto-proxying)
2021-12-16 12:04:52.862 INFO  o.s.c.s.PostProcessorRegistrationDelegate$BeanPostProcessorChecker - Bean 'spring.datasource-org.springframework.boot.autoconfigure.jdbc.DataSourceProperties' of type [org.springframework.boot.autoconfigure.jdbc.DataSourceProperties] is not eligible for getting processed by all BeanPostProcessors (for example: not eligible for auto-proxying)
2021-12-16 12:04:52.876 INFO  o.s.c.s.PostProcessorRegistrationDelegate$BeanPostProcessorChecker - Bean 'dataSource' of type [com.zaxxer.hikari.HikariDataSource] is not eligible for getting processed by all BeanPostProcessors (for example: not eligible for auto-proxying)
2021-12-16 12:04:52.945 INFO  o.s.c.s.PostProcessorRegistrationDelegate$BeanPostProcessorChecker - Bean 'sqlSessionFactory' of type [org.apache.ibatis.session.defaults.DefaultSqlSessionFactory] is not eligible for getting processed by all BeanPostProcessors (for example: not eligible for auto-proxying)
2021-12-16 12:04:52.948 INFO  o.s.c.s.PostProcessorRegistrationDelegate$BeanPostProcessorChecker - Bean 'sqlSessionTemplate' of type [org.mybatis.spring.SqlSessionTemplate] is not eligible for getting processed by all BeanPostProcessors (for example: not eligible for auto-proxying)
2021-12-16 12:04:52.948 INFO  o.s.c.s.PostProcessorRegistrationDelegate$BeanPostProcessorChecker - Bean 'userMapper' of type [org.mybatis.spring.mapper.MapperFactoryBean] is not eligible for getting processed by all BeanPostProcessors (for example: not eligible for auto-proxying)
2021-12-16 12:04:52.950 INFO  o.s.c.s.PostProcessorRegistrationDelegate$BeanPostProcessorChecker - Bean 'userMapper' of type [com.sun.proxy.$Proxy50] is not eligible for getting processed by all BeanPostProcessors (for example: not eligible for auto-proxying)
2021-12-16 12:04:52.950 INFO  o.s.c.s.PostProcessorRegistrationDelegate$BeanPostProcessorChecker - Bean 'myShiroRealm' of type [com.zestfulYoghurt.zy.shiro.loginRealm] is not eligible for getting processed by all BeanPostProcessors (for example: not eligible for auto-proxying)
2021-12-16 12:04:52.952 INFO  o.s.c.s.PostProcessorRegistrationDelegate$BeanPostProcessorChecker - Bean 'securityManager' of type [org.apache.shiro.web.mgt.DefaultWebSecurityManager] is not eligible for getting processed by all BeanPostProcessors (for example: not eligible for auto-proxying)
2021-12-16 12:04:52.977 INFO  o.s.c.s.PostProcessorRegistrationDelegate$BeanPostProcessorChecker - Bean 'authorizationAttributeSourceAdvisor' of type [org.apache.shiro.spring.security.interceptor.AuthorizationAttributeSourceAdvisor] is not eligible for getting processed by all BeanPostProcessors (for example: not eligible for auto-proxying)
2021-12-16 12:04:53.408 INFO  o.s.boot.web.embedded.tomcat.TomcatWebServer - Tomcat initialized with port(s): 8086 (http)
2021-12-16 12:04:53.423 INFO  org.apache.coyote.http11.Http11NioProtocol - Initializing ProtocolHandler ["http-nio-8086"]
2021-12-16 12:04:53.424 INFO  org.apache.catalina.core.StandardService - Starting service [Tomcat]
2021-12-16 12:04:53.424 INFO  org.apache.catalina.core.StandardEngine - Starting Servlet engine: [Apache Tomcat/9.0.39]
2021-12-16 12:04:53.560 INFO  org.apache.jasper.servlet.TldScanner - At least one JAR was scanned for TLDs yet contained no TLDs. Enable debug logging for this logger for a complete list of JARs that were scanned but no TLDs were found in them. Skipping unneeded JARs during scanning can improve startup time and JSP compilation time.
2021-12-16 12:04:53.563 INFO  o.a.c.core.ContainerBase.[Tomcat].[localhost].[/] - Initializing Spring embedded WebApplicationContext
2021-12-16 12:04:53.563 INFO  o.s.b.w.s.c.ServletWebServerApplicationContext - Root WebApplicationContext: initialization completed in 1428 ms
2021-12-16 12:04:54.079 INFO  o.s.scheduling.concurrent.ThreadPoolTaskExecutor - Initializing ExecutorService 'applicationTaskExecutor'
2021-12-16 12:04:54.169 INFO  o.s.b.a.web.servlet.WelcomePageHandlerMapping - Adding welcome page template: index
2021-12-16 12:04:54.820 INFO  o.s.b.d.autoconfigure.OptionalLiveReloadServer - LiveReload server is running on port 35729
2021-12-16 12:04:54.837 INFO  org.apache.coyote.http11.Http11NioProtocol - Starting ProtocolHandler ["http-nio-8086"]
2021-12-16 12:04:54.853 INFO  o.s.boot.web.embedded.tomcat.TomcatWebServer - Tomcat started on port(s): 8086 (http) with context path ''
2021-12-16 12:04:54.865 INFO  com.zestfulYoghurt.zy.ZyApplication - Started ZyApplication in 3.087 seconds (JVM running for 3.6)
2021-12-16 12:05:04.911 INFO  o.a.c.core.ContainerBase.[Tomcat].[localhost].[/] - Initializing Spring DispatcherServlet 'dispatcherServlet'
2021-12-16 12:05:04.911 INFO  org.springframework.web.servlet.DispatcherServlet - Initializing Servlet 'dispatcherServlet'
2021-12-16 12:05:04.930 INFO  org.springframework.web.servlet.DispatcherServlet - Completed initialization in 19 ms
2021-12-16 12:05:05.041 INFO  c.z.zy.aop.controllerAOP.controllerAopAround - com.zestfulYoghurt.zy.controllers.login.LoginController@227c1afdloginCheckOut====start
2021-12-16 12:05:19.706 INFO  c.z.zy.aop.controllerAOP.controllerAopAround - com.zestfulYoghurt.zy.controllers.login.LoginController@227c1afdloginCheckOut====start
2021-12-16 12:05:19.728 INFO  c.z.zy.aop.controllerAOP.controllerAopAround - com.zestfulYoghurt.zy.controllers.login.LoginController@227c1afdloginCheckOut====start
2021-12-16 12:06:17.824 INFO  o.s.scheduling.concurrent.ThreadPoolTaskExecutor - Shutting down ExecutorService 'applicationTaskExecutor'
2021-12-16 12:06:23.866 INFO  com.zestfulYoghurt.zy.ZyApplication - Starting ZyApplication on zhangyi211123 with PID 1788 (C:\Users\860120017\Desktop\project\web-app-serve\web-app-serve\target\classes started by 860120017 in C:\Users\860120017\Desktop\project\web-app-serve\web-app-serve)
2021-12-16 12:06:23.867 INFO  com.zestfulYoghurt.zy.ZyApplication - The following profiles are active: test1,test2
2021-12-16 12:06:23.908 INFO  o.s.b.d.env.DevToolsPropertyDefaultsPostProcessor - Devtools property defaults active! Set 'spring.devtools.add-properties' to 'false' to disable
2021-12-16 12:06:23.908 INFO  o.s.b.d.env.DevToolsPropertyDefaultsPostProcessor - For additional web related logging consider setting the 'logging.level.web' property to 'DEBUG'
2021-12-16 12:06:24.334 INFO  o.s.d.r.config.RepositoryConfigurationDelegate - Multiple Spring Data modules found, entering strict repository configuration mode!
2021-12-16 12:06:24.336 INFO  o.s.d.r.config.RepositoryConfigurationDelegate - Bootstrapping Spring Data Redis repositories in DEFAULT mode.
2021-12-16 12:06:24.357 INFO  o.s.d.r.config.RepositoryConfigurationDelegate - Finished Spring Data repository scanning in 8ms. Found 0 Redis repository interfaces.
2021-12-16 12:06:24.469 INFO  o.s.c.s.PostProcessorRegistrationDelegate$BeanPostProcessorChecker - Bean 'shiroConfiguration' of type [com.zestfulYoghurt.zy.configuration.shiroConfiguration$$EnhancerBySpringCGLIB$$1a93bae] is not eligible for getting processed by all BeanPostProcessors (for example: not eligible for auto-proxying)
2021-12-16 12:06:24.561 INFO  o.s.c.s.PostProcessorRegistrationDelegate$BeanPostProcessorChecker - Bean 'mybatis-org.mybatis.spring.boot.autoconfigure.MybatisProperties' of type [org.mybatis.spring.boot.autoconfigure.MybatisProperties] is not eligible for getting processed by all BeanPostProcessors (for example: not eligible for auto-proxying)
2021-12-16 12:06:24.565 INFO  o.s.c.s.PostProcessorRegistrationDelegate$BeanPostProcessorChecker - Bean 'org.mybatis.spring.boot.autoconfigure.MybatisAutoConfiguration' of type [org.mybatis.spring.boot.autoconfigure.MybatisAutoConfiguration$$EnhancerBySpringCGLIB$$890f729f] is not eligible for getting processed by all BeanPostProcessors (for example: not eligible for auto-proxying)
2021-12-16 12:06:24.566 INFO  o.s.c.s.PostProcessorRegistrationDelegate$BeanPostProcessorChecker - Bean 'org.springframework.boot.autoconfigure.jdbc.DataSourceConfiguration$Hikari' of type [org.springframework.boot.autoconfigure.jdbc.DataSourceConfiguration$Hikari] is not eligible for getting processed by all BeanPostProcessors (for example: not eligible for auto-proxying)
2021-12-16 12:06:24.572 INFO  o.s.c.s.PostProcessorRegistrationDelegate$BeanPostProcessorChecker - Bean 'spring.datasource-org.springframework.boot.autoconfigure.jdbc.DataSourceProperties' of type [org.springframework.boot.autoconfigure.jdbc.DataSourceProperties] is not eligible for getting processed by all BeanPostProcessors (for example: not eligible for auto-proxying)
2021-12-16 12:06:24.583 INFO  o.s.c.s.PostProcessorRegistrationDelegate$BeanPostProcessorChecker - Bean 'dataSource' of type [com.zaxxer.hikari.HikariDataSource] is not eligible for getting processed by all BeanPostProcessors (for example: not eligible for auto-proxying)
2021-12-16 12:06:24.649 INFO  o.s.c.s.PostProcessorRegistrationDelegate$BeanPostProcessorChecker - Bean 'sqlSessionFactory' of type [org.apache.ibatis.session.defaults.DefaultSqlSessionFactory] is not eligible for getting processed by all BeanPostProcessors (for example: not eligible for auto-proxying)
2021-12-16 12:06:24.651 INFO  o.s.c.s.PostProcessorRegistrationDelegate$BeanPostProcessorChecker - Bean 'sqlSessionTemplate' of type [org.mybatis.spring.SqlSessionTemplate] is not eligible for getting processed by all BeanPostProcessors (for example: not eligible for auto-proxying)
2021-12-16 12:06:24.652 INFO  o.s.c.s.PostProcessorRegistrationDelegate$BeanPostProcessorChecker - Bean 'userMapper' of type [org.mybatis.spring.mapper.MapperFactoryBean] is not eligible for getting processed by all BeanPostProcessors (for example: not eligible for auto-proxying)
2021-12-16 12:06:24.653 INFO  o.s.c.s.PostProcessorRegistrationDelegate$BeanPostProcessorChecker - Bean 'userMapper' of type [com.sun.proxy.$Proxy50] is not eligible for getting processed by all BeanPostProcessors (for example: not eligible for auto-proxying)
2021-12-16 12:06:24.653 INFO  o.s.c.s.PostProcessorRegistrationDelegate$BeanPostProcessorChecker - Bean 'myShiroRealm' of type [com.zestfulYoghurt.zy.shiro.loginRealm] is not eligible for getting processed by all BeanPostProcessors (for example: not eligible for auto-proxying)
2021-12-16 12:06:24.655 INFO  o.s.c.s.PostProcessorRegistrationDelegate$BeanPostProcessorChecker - Bean 'securityManager' of type [org.apache.shiro.web.mgt.DefaultWebSecurityManager] is not eligible for getting processed by all BeanPostProcessors (for example: not eligible for auto-proxying)
2021-12-16 12:06:24.682 INFO  o.s.c.s.PostProcessorRegistrationDelegate$BeanPostProcessorChecker - Bean 'authorizationAttributeSourceAdvisor' of type [org.apache.shiro.spring.security.interceptor.AuthorizationAttributeSourceAdvisor] is not eligible for getting processed by all BeanPostProcessors (for example: not eligible for auto-proxying)
2021-12-16 12:06:25.034 INFO  o.s.boot.web.embedded.tomcat.TomcatWebServer - Tomcat initialized with port(s): 8086 (http)
2021-12-16 12:06:25.040 INFO  org.apache.coyote.http11.Http11NioProtocol - Initializing ProtocolHandler ["http-nio-8086"]
2021-12-16 12:06:25.040 INFO  org.apache.catalina.core.StandardService - Starting service [Tomcat]
2021-12-16 12:06:25.040 INFO  org.apache.catalina.core.StandardEngine - Starting Servlet engine: [Apache Tomcat/9.0.39]
2021-12-16 12:06:25.169 INFO  org.apache.jasper.servlet.TldScanner - At least one JAR was scanned for TLDs yet contained no TLDs. Enable debug logging for this logger for a complete list of JARs that were scanned but no TLDs were found in them. Skipping unneeded JARs during scanning can improve startup time and JSP compilation time.
2021-12-16 12:06:25.173 INFO  o.a.c.core.ContainerBase.[Tomcat].[localhost].[/] - Initializing Spring embedded WebApplicationContext
2021-12-16 12:06:25.174 INFO  o.s.b.w.s.c.ServletWebServerApplicationContext - Root WebApplicationContext: initialization completed in 1265 ms
2021-12-16 12:06:25.650 INFO  o.s.scheduling.concurrent.ThreadPoolTaskExecutor - Initializing ExecutorService 'applicationTaskExecutor'
2021-12-16 12:06:25.741 INFO  o.s.b.a.web.servlet.WelcomePageHandlerMapping - Adding welcome page template: index
2021-12-16 12:06:26.396 INFO  o.s.b.d.autoconfigure.OptionalLiveReloadServer - LiveReload server is running on port 35729
2021-12-16 12:06:26.412 INFO  org.apache.coyote.http11.Http11NioProtocol - Starting ProtocolHandler ["http-nio-8086"]
2021-12-16 12:06:26.428 INFO  o.s.boot.web.embedded.tomcat.TomcatWebServer - Tomcat started on port(s): 8086 (http) with context path ''
2021-12-16 12:06:26.441 INFO  com.zestfulYoghurt.zy.ZyApplication - Started ZyApplication in 2.929 seconds (JVM running for 3.402)
2021-12-16 12:06:34.662 INFO  o.a.c.core.ContainerBase.[Tomcat].[localhost].[/] - Initializing Spring DispatcherServlet 'dispatcherServlet'
2021-12-16 12:06:34.662 INFO  org.springframework.web.servlet.DispatcherServlet - Initializing Servlet 'dispatcherServlet'
2021-12-16 12:06:34.681 INFO  org.springframework.web.servlet.DispatcherServlet - Completed initialization in 19 ms
2021-12-16 12:06:34.750 INFO  c.z.zy.aop.controllerAOP.controllerAopAround - com.zestfulYoghurt.zy.controllers.login.LoginController@2245c3feloginCheckOut====start
2021-12-16 12:06:46.999 INFO  c.z.zy.aop.controllerAOP.controllerAopAround - com.zestfulYoghurt.zy.controllers.login.LoginController@2245c3feloginCheckOut====start
2021-12-16 12:06:47.577 INFO  c.z.zy.aop.controllerAOP.controllerAopAround - com.zestfulYoghurt.zy.controllers.login.LoginController@2245c3feloginCheckOut====start
2021-12-16 12:06:47.918 INFO  c.z.zy.aop.controllerAOP.controllerAopAround - com.zestfulYoghurt.zy.controllers.login.LoginController@2245c3feloginCheckOut====start
2021-12-16 12:06:54.123 INFO  c.z.zy.aop.controllerAOP.controllerAopAround - com.zestfulYoghurt.zy.controllers.login.LoginController@2245c3feloginCheckOut====start
2021-12-16 12:07:28.791 INFO  o.s.scheduling.concurrent.ThreadPoolTaskExecutor - Shutting down ExecutorService 'applicationTaskExecutor'
2021-12-16 12:07:35.257 INFO  com.zestfulYoghurt.zy.ZyApplication - Starting ZyApplication on zhangyi211123 with PID 11184 (C:\Users\860120017\Desktop\project\web-app-serve\web-app-serve\target\classes started by 860120017 in C:\Users\860120017\Desktop\project\web-app-serve\web-app-serve)
2021-12-16 12:07:35.258 INFO  com.zestfulYoghurt.zy.ZyApplication - The following profiles are active: test1,test2
2021-12-16 12:07:35.292 INFO  o.s.b.d.env.DevToolsPropertyDefaultsPostProcessor - Devtools property defaults active! Set 'spring.devtools.add-properties' to 'false' to disable
2021-12-16 12:07:35.292 INFO  o.s.b.d.env.DevToolsPropertyDefaultsPostProcessor - For additional web related logging consider setting the 'logging.level.web' property to 'DEBUG'
2021-12-16 12:07:35.688 INFO  o.s.d.r.config.RepositoryConfigurationDelegate - Multiple Spring Data modules found, entering strict repository configuration mode!
2021-12-16 12:07:35.689 INFO  o.s.d.r.config.RepositoryConfigurationDelegate - Bootstrapping Spring Data Redis repositories in DEFAULT mode.
2021-12-16 12:07:35.710 INFO  o.s.d.r.config.RepositoryConfigurationDelegate - Finished Spring Data repository scanning in 9ms. Found 0 Redis repository interfaces.
2021-12-16 12:07:35.825 INFO  o.s.c.s.PostProcessorRegistrationDelegate$BeanPostProcessorChecker - Bean 'shiroConfiguration' of type [com.zestfulYoghurt.zy.configuration.shiroConfiguration$$EnhancerBySpringCGLIB$$38829111] is not eligible for getting processed by all BeanPostProcessors (for example: not eligible for auto-proxying)
2021-12-16 12:07:35.916 INFO  o.s.c.s.PostProcessorRegistrationDelegate$BeanPostProcessorChecker - Bean 'mybatis-org.mybatis.spring.boot.autoconfigure.MybatisProperties' of type [org.mybatis.spring.boot.autoconfigure.MybatisProperties] is not eligible for getting processed by all BeanPostProcessors (for example: not eligible for auto-proxying)
2021-12-16 12:07:35.921 INFO  o.s.c.s.PostProcessorRegistrationDelegate$BeanPostProcessorChecker - Bean 'org.mybatis.spring.boot.autoconfigure.MybatisAutoConfiguration' of type [org.mybatis.spring.boot.autoconfigure.MybatisAutoConfiguration$$EnhancerBySpringCGLIB$$bfe8c802] is not eligible for getting processed by all BeanPostProcessors (for example: not eligible for auto-proxying)
2021-12-16 12:07:35.922 INFO  o.s.c.s.PostProcessorRegistrationDelegate$BeanPostProcessorChecker - Bean 'org.springframework.boot.autoconfigure.jdbc.DataSourceConfiguration$Hikari' of type [org.springframework.boot.autoconfigure.jdbc.DataSourceConfiguration$Hikari] is not eligible for getting processed by all BeanPostProcessors (for example: not eligible for auto-proxying)
2021-12-16 12:07:35.928 INFO  o.s.c.s.PostProcessorRegistrationDelegate$BeanPostProcessorChecker - Bean 'spring.datasource-org.springframework.boot.autoconfigure.jdbc.DataSourceProperties' of type [org.springframework.boot.autoconfigure.jdbc.DataSourceProperties] is not eligible for getting processed by all BeanPostProcessors (for example: not eligible for auto-proxying)
2021-12-16 12:07:35.940 INFO  o.s.c.s.PostProcessorRegistrationDelegate$BeanPostProcessorChecker - Bean 'dataSource' of type [com.zaxxer.hikari.HikariDataSource] is not eligible for getting processed by all BeanPostProcessors (for example: not eligible for auto-proxying)
2021-12-16 12:07:36.005 INFO  o.s.c.s.PostProcessorRegistrationDelegate$BeanPostProcessorChecker - Bean 'sqlSessionFactory' of type [org.apache.ibatis.session.defaults.DefaultSqlSessionFactory] is not eligible for getting processed by all BeanPostProcessors (for example: not eligible for auto-proxying)
2021-12-16 12:07:36.008 INFO  o.s.c.s.PostProcessorRegistrationDelegate$BeanPostProcessorChecker - Bean 'sqlSessionTemplate' of type [org.mybatis.spring.SqlSessionTemplate] is not eligible for getting processed by all BeanPostProcessors (for example: not eligible for auto-proxying)
2021-12-16 12:07:36.009 INFO  o.s.c.s.PostProcessorRegistrationDelegate$BeanPostProcessorChecker - Bean 'userMapper' of type [org.mybatis.spring.mapper.MapperFactoryBean] is not eligible for getting processed by all BeanPostProcessors (for example: not eligible for auto-proxying)
2021-12-16 12:07:36.010 INFO  o.s.c.s.PostProcessorRegistrationDelegate$BeanPostProcessorChecker - Bean 'userMapper' of type [com.sun.proxy.$Proxy50] is not eligible for getting processed by all BeanPostProcessors (for example: not eligible for auto-proxying)
2021-12-16 12:07:36.010 INFO  o.s.c.s.PostProcessorRegistrationDelegate$BeanPostProcessorChecker - Bean 'myShiroRealm' of type [com.zestfulYoghurt.zy.shiro.loginRealm] is not eligible for getting processed by all BeanPostProcessors (for example: not eligible for auto-proxying)
2021-12-16 12:07:36.012 INFO  o.s.c.s.PostProcessorRegistrationDelegate$BeanPostProcessorChecker - Bean 'securityManager' of type [org.apache.shiro.web.mgt.DefaultWebSecurityManager] is not eligible for getting processed by all BeanPostProcessors (for example: not eligible for auto-proxying)
2021-12-16 12:07:36.037 INFO  o.s.c.s.PostProcessorRegistrationDelegate$BeanPostProcessorChecker - Bean 'authorizationAttributeSourceAdvisor' of type [org.apache.shiro.spring.security.interceptor.AuthorizationAttributeSourceAdvisor] is not eligible for getting processed by all BeanPostProcessors (for example: not eligible for auto-proxying)
2021-12-16 12:07:36.395 INFO  o.s.boot.web.embedded.tomcat.TomcatWebServer - Tomcat initialized with port(s): 8086 (http)
2021-12-16 12:07:36.400 INFO  org.apache.coyote.http11.Http11NioProtocol - Initializing ProtocolHandler ["http-nio-8086"]
2021-12-16 12:07:36.401 INFO  org.apache.catalina.core.StandardService - Starting service [Tomcat]
2021-12-16 12:07:36.401 INFO  org.apache.catalina.core.StandardEngine - Starting Servlet engine: [Apache Tomcat/9.0.39]
2021-12-16 12:07:36.519 INFO  org.apache.jasper.servlet.TldScanner - At least one JAR was scanned for TLDs yet contained no TLDs. Enable debug logging for this logger for a complete list of JARs that were scanned but no TLDs were found in them. Skipping unneeded JARs during scanning can improve startup time and JSP compilation time.
2021-12-16 12:07:36.522 INFO  o.a.c.core.ContainerBase.[Tomcat].[localhost].[/] - Initializing Spring embedded WebApplicationContext
2021-12-16 12:07:36.522 INFO  o.s.b.w.s.c.ServletWebServerApplicationContext - Root WebApplicationContext: initialization completed in 1229 ms
2021-12-16 12:07:37.006 INFO  o.s.scheduling.concurrent.ThreadPoolTaskExecutor - Initializing ExecutorService 'applicationTaskExecutor'
2021-12-16 12:07:37.097 INFO  o.s.b.a.web.servlet.WelcomePageHandlerMapping - Adding welcome page template: index
2021-12-16 12:07:37.752 INFO  o.s.b.d.autoconfigure.OptionalLiveReloadServer - LiveReload server is running on port 35729
2021-12-16 12:07:37.772 INFO  org.apache.coyote.http11.Http11NioProtocol - Starting ProtocolHandler ["http-nio-8086"]
2021-12-16 12:07:37.790 INFO  o.s.boot.web.embedded.tomcat.TomcatWebServer - Tomcat started on port(s): 8086 (http) with context path ''
2021-12-16 12:07:37.802 INFO  com.zestfulYoghurt.zy.ZyApplication - Started ZyApplication in 2.845 seconds (JVM running for 3.346)
2021-12-16 12:07:42.658 INFO  o.a.c.core.ContainerBase.[Tomcat].[localhost].[/] - Initializing Spring DispatcherServlet 'dispatcherServlet'
2021-12-16 12:07:42.659 INFO  org.springframework.web.servlet.DispatcherServlet - Initializing Servlet 'dispatcherServlet'
2021-12-16 12:07:42.676 INFO  org.springframework.web.servlet.DispatcherServlet - Completed initialization in 17 ms
2021-12-16 12:07:42.701 INFO  c.z.zy.aop.controllerAOP.controllerAopAround - com.zestfulYoghurt.zy.controllers.testController.test1@5fcabd29indexTest====start
2021-12-16 12:07:58.619 INFO  c.z.zy.aop.controllerAOP.controllerAopAround - com.zestfulYoghurt.zy.controllers.testController.test1@5fcabd29indexTest====end
2021-12-16 12:07:58.879 INFO  c.z.zy.aop.controllerAOP.controllerAopAround - com.zestfulYoghurt.zy.controllers.login.LoginController@29830f09loginCheckOut====start
2021-12-16 12:08:14.529 INFO  o.s.scheduling.concurrent.ThreadPoolTaskExecutor - Shutting down ExecutorService 'applicationTaskExecutor'
2021-12-16 16:42:23.514 INFO  com.zestfulYoghurt.zy.ZyApplication - Starting ZyApplication on zhangyi211123 with PID 13220 (C:\Users\860120017\Desktop\project\web-app-serve\web-app-serve\target\classes started by 860120017 in C:\Users\860120017\Desktop\project\web-app-serve\web-app-serve)
2021-12-16 16:42:23.515 INFO  com.zestfulYoghurt.zy.ZyApplication - The following profiles are active: test1,test2
2021-12-16 16:42:23.555 INFO  o.s.b.d.env.DevToolsPropertyDefaultsPostProcessor - Devtools property defaults active! Set 'spring.devtools.add-properties' to 'false' to disable
2021-12-16 16:42:23.555 INFO  o.s.b.d.env.DevToolsPropertyDefaultsPostProcessor - For additional web related logging consider setting the 'logging.level.web' property to 'DEBUG'
2021-12-16 16:42:23.991 INFO  o.s.d.r.config.RepositoryConfigurationDelegate - Multiple Spring Data modules found, entering strict repository configuration mode!
2021-12-16 16:42:23.993 INFO  o.s.d.r.config.RepositoryConfigurationDelegate - Bootstrapping Spring Data Redis repositories in DEFAULT mode.
2021-12-16 16:42:24.014 INFO  o.s.d.r.config.RepositoryConfigurationDelegate - Finished Spring Data repository scanning in 8ms. Found 0 Redis repository interfaces.
2021-12-16 16:42:24.125 INFO  o.s.c.s.PostProcessorRegistrationDelegate$BeanPostProcessorChecker - Bean 'shiroConfiguration' of type [com.zestfulYoghurt.zy.configuration.shiroConfiguration$$EnhancerBySpringCGLIB$$d0f92824] is not eligible for getting processed by all BeanPostProcessors (for example: not eligible for auto-proxying)
2021-12-16 16:42:24.220 INFO  o.s.c.s.PostProcessorRegistrationDelegate$BeanPostProcessorChecker - Bean 'mybatis-org.mybatis.spring.boot.autoconfigure.MybatisProperties' of type [org.mybatis.spring.boot.autoconfigure.MybatisProperties] is not eligible for getting processed by all BeanPostProcessors (for example: not eligible for auto-proxying)
2021-12-16 16:42:24.225 INFO  o.s.c.s.PostProcessorRegistrationDelegate$BeanPostProcessorChecker - Bean 'org.mybatis.spring.boot.autoconfigure.MybatisAutoConfiguration' of type [org.mybatis.spring.boot.autoconfigure.MybatisAutoConfiguration$$EnhancerBySpringCGLIB$$585f5f15] is not eligible for getting processed by all BeanPostProcessors (for example: not eligible for auto-proxying)
2021-12-16 16:42:24.226 INFO  o.s.c.s.PostProcessorRegistrationDelegate$BeanPostProcessorChecker - Bean 'org.springframework.boot.autoconfigure.jdbc.DataSourceConfiguration$Hikari' of type [org.springframework.boot.autoconfigure.jdbc.DataSourceConfiguration$Hikari] is not eligible for getting processed by all BeanPostProcessors (for example: not eligible for auto-proxying)
2021-12-16 16:42:24.232 INFO  o.s.c.s.PostProcessorRegistrationDelegate$BeanPostProcessorChecker - Bean 'spring.datasource-org.springframework.boot.autoconfigure.jdbc.DataSourceProperties' of type [org.springframework.boot.autoconfigure.jdbc.DataSourceProperties] is not eligible for getting processed by all BeanPostProcessors (for example: not eligible for auto-proxying)
2021-12-16 16:42:24.244 INFO  o.s.c.s.PostProcessorRegistrationDelegate$BeanPostProcessorChecker - Bean 'dataSource' of type [com.zaxxer.hikari.HikariDataSource] is not eligible for getting processed by all BeanPostProcessors (for example: not eligible for auto-proxying)
2021-12-16 16:42:24.313 INFO  o.s.c.s.PostProcessorRegistrationDelegate$BeanPostProcessorChecker - Bean 'sqlSessionFactory' of type [org.apache.ibatis.session.defaults.DefaultSqlSessionFactory] is not eligible for getting processed by all BeanPostProcessors (for example: not eligible for auto-proxying)
2021-12-16 16:42:24.315 INFO  o.s.c.s.PostProcessorRegistrationDelegate$BeanPostProcessorChecker - Bean 'sqlSessionTemplate' of type [org.mybatis.spring.SqlSessionTemplate] is not eligible for getting processed by all BeanPostProcessors (for example: not eligible for auto-proxying)
2021-12-16 16:42:24.316 INFO  o.s.c.s.PostProcessorRegistrationDelegate$BeanPostProcessorChecker - Bean 'userMapper' of type [org.mybatis.spring.mapper.MapperFactoryBean] is not eligible for getting processed by all BeanPostProcessors (for example: not eligible for auto-proxying)
2021-12-16 16:42:24.317 INFO  o.s.c.s.PostProcessorRegistrationDelegate$BeanPostProcessorChecker - Bean 'userMapper' of type [com.sun.proxy.$Proxy50] is not eligible for getting processed by all BeanPostProcessors (for example: not eligible for auto-proxying)
2021-12-16 16:42:24.318 INFO  o.s.c.s.PostProcessorRegistrationDelegate$BeanPostProcessorChecker - Bean 'myShiroRealm' of type [com.zestfulYoghurt.zy.shiro.loginRealm] is not eligible for getting processed by all BeanPostProcessors (for example: not eligible for auto-proxying)
2021-12-16 16:42:24.319 INFO  o.s.c.s.PostProcessorRegistrationDelegate$BeanPostProcessorChecker - Bean 'securityManager' of type [org.apache.shiro.web.mgt.DefaultWebSecurityManager] is not eligible for getting processed by all BeanPostProcessors (for example: not eligible for auto-proxying)
2021-12-16 16:42:24.346 INFO  o.s.c.s.PostProcessorRegistrationDelegate$BeanPostProcessorChecker - Bean 'authorizationAttributeSourceAdvisor' of type [org.apache.shiro.spring.security.interceptor.AuthorizationAttributeSourceAdvisor] is not eligible for getting processed by all BeanPostProcessors (for example: not eligible for auto-proxying)
2021-12-16 16:42:24.706 INFO  o.s.boot.web.embedded.tomcat.TomcatWebServer - Tomcat initialized with port(s): 8086 (http)
2021-12-16 16:42:24.711 INFO  org.apache.coyote.http11.Http11NioProtocol - Initializing ProtocolHandler ["http-nio-8086"]
2021-12-16 16:42:24.712 INFO  org.apache.catalina.core.StandardService - Starting service [Tomcat]
2021-12-16 16:42:24.712 INFO  org.apache.catalina.core.StandardEngine - Starting Servlet engine: [Apache Tomcat/9.0.39]
2021-12-16 16:42:24.834 INFO  org.apache.jasper.servlet.TldScanner - At least one JAR was scanned for TLDs yet contained no TLDs. Enable debug logging for this logger for a complete list of JARs that were scanned but no TLDs were found in them. Skipping unneeded JARs during scanning can improve startup time and JSP compilation time.
2021-12-16 16:42:24.838 INFO  o.a.c.core.ContainerBase.[Tomcat].[localhost].[/] - Initializing Spring embedded WebApplicationContext
2021-12-16 16:42:24.838 INFO  o.s.b.w.s.c.ServletWebServerApplicationContext - Root WebApplicationContext: initialization completed in 1283 ms
2021-12-16 16:42:25.358 INFO  o.s.scheduling.concurrent.ThreadPoolTaskExecutor - Initializing ExecutorService 'applicationTaskExecutor'
2021-12-16 16:42:25.458 INFO  o.s.b.a.web.servlet.WelcomePageHandlerMapping - Adding welcome page template: index
2021-12-16 16:42:26.198 INFO  o.s.b.d.autoconfigure.OptionalLiveReloadServer - LiveReload server is running on port 35729
2021-12-16 16:42:26.215 INFO  org.apache.coyote.http11.Http11NioProtocol - Starting ProtocolHandler ["http-nio-8086"]
2021-12-16 16:42:26.231 INFO  o.s.boot.web.embedded.tomcat.TomcatWebServer - Tomcat started on port(s): 8086 (http) with context path ''
2021-12-16 16:42:26.244 INFO  com.zestfulYoghurt.zy.ZyApplication - Started ZyApplication in 3.044 seconds (JVM running for 3.553)
2021-12-16 16:42:40.348 INFO  o.a.c.core.ContainerBase.[Tomcat].[localhost].[/] - Initializing Spring DispatcherServlet 'dispatcherServlet'
2021-12-16 16:42:40.348 INFO  org.springframework.web.servlet.DispatcherServlet - Initializing Servlet 'dispatcherServlet'
2021-12-16 16:42:40.367 INFO  org.springframework.web.servlet.DispatcherServlet - Completed initialization in 19 ms
2021-12-16 16:42:51.326 INFO  c.z.zy.aop.controllerAOP.controllerAopAround - com.zestfulYoghurt.zy.controllers.testController.test1@531fedbbindexTest====start
2021-12-16 16:44:28.504 INFO  c.z.zy.aop.controllerAOP.controllerAopAround - com.zestfulYoghurt.zy.controllers.testController.test1@531fedbbindexTest====end
2021-12-16 16:44:38.703 INFO  c.z.zy.aop.controllerAOP.controllerAopAround - com.zestfulYoghurt.zy.controllers.login.LoginController@44d2e67aloginCheckOut====start
2021-12-16 16:47:09.220 INFO  o.s.scheduling.concurrent.ThreadPoolTaskExecutor - Shutting down ExecutorService 'applicationTaskExecutor'
2021-12-16 16:47:18.841 INFO  com.zestfulYoghurt.zy.ZyApplication - Starting ZyApplication on zhangyi211123 with PID 13944 (C:\Users\860120017\Desktop\project\web-app-serve\web-app-serve\target\classes started by 860120017 in C:\Users\860120017\Desktop\project\web-app-serve\web-app-serve)
2021-12-16 16:47:18.842 INFO  com.zestfulYoghurt.zy.ZyApplication - The following profiles are active: test1,test2
2021-12-16 16:47:18.878 INFO  o.s.b.d.env.DevToolsPropertyDefaultsPostProcessor - Devtools property defaults active! Set 'spring.devtools.add-properties' to 'false' to disable
2021-12-16 16:47:18.878 INFO  o.s.b.d.env.DevToolsPropertyDefaultsPostProcessor - For additional web related logging consider setting the 'logging.level.web' property to 'DEBUG'
2021-12-16 16:47:19.303 INFO  o.s.d.r.config.RepositoryConfigurationDelegate - Multiple Spring Data modules found, entering strict repository configuration mode!
2021-12-16 16:47:19.304 INFO  o.s.d.r.config.RepositoryConfigurationDelegate - Bootstrapping Spring Data Redis repositories in DEFAULT mode.
2021-12-16 16:47:19.325 INFO  o.s.d.r.config.RepositoryConfigurationDelegate - Finished Spring Data repository scanning in 8ms. Found 0 Redis repository interfaces.
2021-12-16 16:47:19.440 INFO  o.s.c.s.PostProcessorRegistrationDelegate$BeanPostProcessorChecker - Bean 'shiroConfiguration' of type [com.zestfulYoghurt.zy.configuration.shiroConfiguration$$EnhancerBySpringCGLIB$$9a7f7645] is not eligible for getting processed by all BeanPostProcessors (for example: not eligible for auto-proxying)
2021-12-16 16:47:19.533 INFO  o.s.c.s.PostProcessorRegistrationDelegate$BeanPostProcessorChecker - Bean 'mybatis-org.mybatis.spring.boot.autoconfigure.MybatisProperties' of type [org.mybatis.spring.boot.autoconfigure.MybatisProperties] is not eligible for getting processed by all BeanPostProcessors (for example: not eligible for auto-proxying)
2021-12-16 16:47:19.537 INFO  o.s.c.s.PostProcessorRegistrationDelegate$BeanPostProcessorChecker - Bean 'org.mybatis.spring.boot.autoconfigure.MybatisAutoConfiguration' of type [org.mybatis.spring.boot.autoconfigure.MybatisAutoConfiguration$$EnhancerBySpringCGLIB$$21e5ad36] is not eligible for getting processed by all BeanPostProcessors (for example: not eligible for auto-proxying)
2021-12-16 16:47:19.538 INFO  o.s.c.s.PostProcessorRegistrationDelegate$BeanPostProcessorChecker - Bean 'org.springframework.boot.autoconfigure.jdbc.DataSourceConfiguration$Hikari' of type [org.springframework.boot.autoconfigure.jdbc.DataSourceConfiguration$Hikari] is not eligible for getting processed by all BeanPostProcessors (for example: not eligible for auto-proxying)
2021-12-16 16:47:19.544 INFO  o.s.c.s.PostProcessorRegistrationDelegate$BeanPostProcessorChecker - Bean 'spring.datasource-org.springframework.boot.autoconfigure.jdbc.DataSourceProperties' of type [org.springframework.boot.autoconfigure.jdbc.DataSourceProperties] is not eligible for getting processed by all BeanPostProcessors (for example: not eligible for auto-proxying)
2021-12-16 16:47:19.556 INFO  o.s.c.s.PostProcessorRegistrationDelegate$BeanPostProcessorChecker - Bean 'dataSource' of type [com.zaxxer.hikari.HikariDataSource] is not eligible for getting processed by all BeanPostProcessors (for example: not eligible for auto-proxying)
2021-12-16 16:47:19.623 INFO  o.s.c.s.PostProcessorRegistrationDelegate$BeanPostProcessorChecker - Bean 'sqlSessionFactory' of type [org.apache.ibatis.session.defaults.DefaultSqlSessionFactory] is not eligible for getting processed by all BeanPostProcessors (for example: not eligible for auto-proxying)
2021-12-16 16:47:19.626 INFO  o.s.c.s.PostProcessorRegistrationDelegate$BeanPostProcessorChecker - Bean 'sqlSessionTemplate' of type [org.mybatis.spring.SqlSessionTemplate] is not eligible for getting processed by all BeanPostProcessors (for example: not eligible for auto-proxying)
2021-12-16 16:47:19.627 INFO  o.s.c.s.PostProcessorRegistrationDelegate$BeanPostProcessorChecker - Bean 'userMapper' of type [org.mybatis.spring.mapper.MapperFactoryBean] is not eligible for getting processed by all BeanPostProcessors (for example: not eligible for auto-proxying)
2021-12-16 16:47:19.627 INFO  o.s.c.s.PostProcessorRegistrationDelegate$BeanPostProcessorChecker - Bean 'userMapper' of type [com.sun.proxy.$Proxy50] is not eligible for getting processed by all BeanPostProcessors (for example: not eligible for auto-proxying)
2021-12-16 16:47:19.628 INFO  o.s.c.s.PostProcessorRegistrationDelegate$BeanPostProcessorChecker - Bean 'myShiroRealm' of type [com.zestfulYoghurt.zy.shiro.loginRealm] is not eligible for getting processed by all BeanPostProcessors (for example: not eligible for auto-proxying)
2021-12-16 16:47:19.629 INFO  o.s.c.s.PostProcessorRegistrationDelegate$BeanPostProcessorChecker - Bean 'securityManager' of type [org.apache.shiro.web.mgt.DefaultWebSecurityManager] is not eligible for getting processed by all BeanPostProcessors (for example: not eligible for auto-proxying)
2021-12-16 16:47:19.657 INFO  o.s.c.s.PostProcessorRegistrationDelegate$BeanPostProcessorChecker - Bean 'authorizationAttributeSourceAdvisor' of type [org.apache.shiro.spring.security.interceptor.AuthorizationAttributeSourceAdvisor] is not eligible for getting processed by all BeanPostProcessors (for example: not eligible for auto-proxying)
2021-12-16 16:47:20.013 INFO  o.s.boot.web.embedded.tomcat.TomcatWebServer - Tomcat initialized with port(s): 8086 (http)
2021-12-16 16:47:20.027 INFO  org.apache.coyote.http11.Http11NioProtocol - Initializing ProtocolHandler ["http-nio-8086"]
2021-12-16 16:47:20.028 INFO  org.apache.catalina.core.StandardService - Starting service [Tomcat]
2021-12-16 16:47:20.028 INFO  org.apache.catalina.core.StandardEngine - Starting Servlet engine: [Apache Tomcat/9.0.39]
2021-12-16 16:47:20.146 INFO  org.apache.jasper.servlet.TldScanner - At least one JAR was scanned for TLDs yet contained no TLDs. Enable debug logging for this logger for a complete list of JARs that were scanned but no TLDs were found in them. Skipping unneeded JARs during scanning can improve startup time and JSP compilation time.
2021-12-16 16:47:20.150 INFO  o.a.c.core.ContainerBase.[Tomcat].[localhost].[/] - Initializing Spring embedded WebApplicationContext
2021-12-16 16:47:20.150 INFO  o.s.b.w.s.c.ServletWebServerApplicationContext - Root WebApplicationContext: initialization completed in 1272 ms
2021-12-16 16:47:20.630 INFO  o.s.scheduling.concurrent.ThreadPoolTaskExecutor - Initializing ExecutorService 'applicationTaskExecutor'
2021-12-16 16:47:20.722 INFO  o.s.b.a.web.servlet.WelcomePageHandlerMapping - Adding welcome page template: index
2021-12-16 16:47:21.384 INFO  o.s.b.d.autoconfigure.OptionalLiveReloadServer - LiveReload server is running on port 35729
2021-12-16 16:47:21.401 INFO  org.apache.coyote.http11.Http11NioProtocol - Starting ProtocolHandler ["http-nio-8086"]
2021-12-16 16:47:21.418 INFO  o.s.boot.web.embedded.tomcat.TomcatWebServer - Tomcat started on port(s): 8086 (http) with context path ''
2021-12-16 16:47:21.433 INFO  com.zestfulYoghurt.zy.ZyApplication - Started ZyApplication in 2.897 seconds (JVM running for 3.424)
2021-12-16 16:47:50.333 INFO  o.a.c.core.ContainerBase.[Tomcat].[localhost].[/] - Initializing Spring DispatcherServlet 'dispatcherServlet'
2021-12-16 16:47:50.333 INFO  org.springframework.web.servlet.DispatcherServlet - Initializing Servlet 'dispatcherServlet'
2021-12-16 16:47:50.350 INFO  org.springframework.web.servlet.DispatcherServlet - Completed initialization in 17 ms
2021-12-16 16:47:56.354 INFO  c.z.zy.aop.controllerAOP.controllerAopAround - com.zestfulYoghurt.zy.controllers.testController.test1@20a569a8indexTest====start
2021-12-16 16:48:19.172 INFO  c.z.zy.aop.controllerAOP.controllerAopAround - com.zestfulYoghurt.zy.controllers.testController.test1@20a569a8indexTest====end
2021-12-16 16:48:24.889 INFO  c.z.zy.aop.controllerAOP.controllerAopAround - com.zestfulYoghurt.zy.controllers.login.LoginController@138d6c48loginCheckOut====start
2021-12-16 16:48:44.297 INFO  c.z.zy.aop.serviceAOP.ServiceAOPAround - com.zestfulYoghurt.zy.services.loginService.LoginServiceImp@1728ced4loginCheckOut====start
2021-12-16 16:48:44.407 INFO  c.z.zy.aop.serviceAOP.ServiceAOPAround - com.zestfulYoghurt.zy.services.loginService.LoginServiceImp@1728ced4loginCheckOut====end
2021-12-16 16:48:44.408 INFO  c.z.zy.aop.controllerAOP.controllerAopAround - com.zestfulYoghurt.zy.controllers.login.LoginController@138d6c48loginCheckOut====end
2021-12-16 17:42:56.519 INFO  o.s.scheduling.concurrent.ThreadPoolTaskExecutor - Shutting down ExecutorService 'applicationTaskExecutor'
