2022-01-05 10:30:08.189 INFO  com.zestfulYoghurt.zy.ZyApplication - Starting ZyApplication on zhangyi211123 with PID 17224 (C:\Users\860120017\Desktop\project\web-app-serve\web-app-serve\target\classes started by 860120017 in C:\Users\860120017\Desktop\project\web-app-serve)
2022-01-05 10:30:08.204 INFO  com.zestfulYoghurt.zy.ZyApplication - The following profiles are active: logger,mail,mybatisDev,mysql,redis
2022-01-05 10:30:08.236 INFO  o.s.b.d.env.DevToolsPropertyDefaultsPostProcessor - Devtools property defaults active! Set 'spring.devtools.add-properties' to 'false' to disable
2022-01-05 10:30:08.236 INFO  o.s.b.d.env.DevToolsPropertyDefaultsPostProcessor - For additional web related logging consider setting the 'logging.level.web' property to 'DEBUG'
2022-01-05 10:30:08.822 INFO  o.s.d.r.config.RepositoryConfigurationDelegate - Multiple Spring Data modules found, entering strict repository configuration mode!
2022-01-05 10:30:08.822 INFO  o.s.d.r.config.RepositoryConfigurationDelegate - Bootstrapping Spring Data Redis repositories in DEFAULT mode.
2022-01-05 10:30:08.853 INFO  o.s.d.r.config.RepositoryConfigurationDelegate - Finished Spring Data repository scanning in 12ms. Found 0 Redis repository interfaces.
2022-01-05 10:30:09.007 INFO  o.s.c.s.PostProcessorRegistrationDelegate$BeanPostProcessorChecker - Bean 'configurationSpringBoot' of type [com.zestfulYoghurt.zy.configuration.ConfigurationSpringBoot$$EnhancerBySpringCGLIB$$c1d154e6] is not eligible for getting processed by all BeanPostProcessors (for example: not eligible for auto-proxying)
2022-01-05 10:30:09.238 INFO  o.s.c.s.PostProcessorRegistrationDelegate$BeanPostProcessorChecker - Bean 'mybatis-org.mybatis.spring.boot.autoconfigure.MybatisProperties' of type [org.mybatis.spring.boot.autoconfigure.MybatisProperties] is not eligible for getting processed by all BeanPostProcessors (for example: not eligible for auto-proxying)
2022-01-05 10:30:09.238 INFO  o.s.c.s.PostProcessorRegistrationDelegate$BeanPostProcessorChecker - Bean 'org.mybatis.spring.boot.autoconfigure.MybatisAutoConfiguration' of type [org.mybatis.spring.boot.autoconfigure.MybatisAutoConfiguration$$EnhancerBySpringCGLIB$$64cc2091] is not eligible for getting processed by all BeanPostProcessors (for example: not eligible for auto-proxying)
2022-01-05 10:30:09.238 INFO  o.s.c.s.PostProcessorRegistrationDelegate$BeanPostProcessorChecker - Bean 'org.springframework.boot.autoconfigure.jdbc.DataSourceConfiguration$Hikari' of type [org.springframework.boot.autoconfigure.jdbc.DataSourceConfiguration$Hikari] is not eligible for getting processed by all BeanPostProcessors (for example: not eligible for auto-proxying)
2022-01-05 10:30:09.254 INFO  o.s.c.s.PostProcessorRegistrationDelegate$BeanPostProcessorChecker - Bean 'spring.datasource-org.springframework.boot.autoconfigure.jdbc.DataSourceProperties' of type [org.springframework.boot.autoconfigure.jdbc.DataSourceProperties] is not eligible for getting processed by all BeanPostProcessors (for example: not eligible for auto-proxying)
2022-01-05 10:30:09.270 INFO  o.s.c.s.PostProcessorRegistrationDelegate$BeanPostProcessorChecker - Bean 'dataSource' of type [com.zaxxer.hikari.HikariDataSource] is not eligible for getting processed by all BeanPostProcessors (for example: not eligible for auto-proxying)
2022-01-05 10:30:09.339 INFO  o.s.c.s.PostProcessorRegistrationDelegate$BeanPostProcessorChecker - Bean 'sqlSessionFactory' of type [org.apache.ibatis.session.defaults.DefaultSqlSessionFactory] is not eligible for getting processed by all BeanPostProcessors (for example: not eligible for auto-proxying)
2022-01-05 10:30:09.339 INFO  o.s.c.s.PostProcessorRegistrationDelegate$BeanPostProcessorChecker - Bean 'sqlSessionTemplate' of type [org.mybatis.spring.SqlSessionTemplate] is not eligible for getting processed by all BeanPostProcessors (for example: not eligible for auto-proxying)
2022-01-05 10:30:09.354 INFO  o.s.c.s.PostProcessorRegistrationDelegate$BeanPostProcessorChecker - Bean 'userMapper' of type [org.mybatis.spring.mapper.MapperFactoryBean] is not eligible for getting processed by all BeanPostProcessors (for example: not eligible for auto-proxying)
2022-01-05 10:30:09.354 INFO  o.s.c.s.PostProcessorRegistrationDelegate$BeanPostProcessorChecker - Bean 'userMapper' of type [com.sun.proxy.$Proxy50] is not eligible for getting processed by all BeanPostProcessors (for example: not eligible for auto-proxying)
2022-01-05 10:30:09.354 INFO  o.s.c.s.PostProcessorRegistrationDelegate$BeanPostProcessorChecker - Bean 'myShiroRealm' of type [com.zestfulYoghurt.zy.shiro.LoginRealm] is not eligible for getting processed by all BeanPostProcessors (for example: not eligible for auto-proxying)
2022-01-05 10:30:09.354 INFO  o.s.c.s.PostProcessorRegistrationDelegate$BeanPostProcessorChecker - Bean 'securityManager' of type [org.apache.shiro.web.mgt.DefaultWebSecurityManager] is not eligible for getting processed by all BeanPostProcessors (for example: not eligible for auto-proxying)
2022-01-05 10:30:09.376 INFO  o.s.c.s.PostProcessorRegistrationDelegate$BeanPostProcessorChecker - Bean 'authorizationAttributeSourceAdvisor' of type [org.apache.shiro.spring.security.interceptor.AuthorizationAttributeSourceAdvisor] is not eligible for getting processed by all BeanPostProcessors (for example: not eligible for auto-proxying)
2022-01-05 10:30:09.793 INFO  o.s.boot.web.embedded.tomcat.TomcatWebServer - Tomcat initialized with port(s): 8086 (http)
2022-01-05 10:30:09.808 INFO  org.apache.coyote.http11.Http11NioProtocol - Initializing ProtocolHandler ["http-nio-8086"]
2022-01-05 10:30:09.808 INFO  org.apache.catalina.core.StandardService - Starting service [Tomcat]
2022-01-05 10:30:09.808 INFO  org.apache.catalina.core.StandardEngine - Starting Servlet engine: [Apache Tomcat/9.0.39]
2022-01-05 10:30:10.009 INFO  org.apache.jasper.servlet.TldScanner - At least one JAR was scanned for TLDs yet contained no TLDs. Enable debug logging for this logger for a complete list of JARs that were scanned but no TLDs were found in them. Skipping unneeded JARs during scanning can improve startup time and JSP compilation time.
2022-01-05 10:30:10.009 INFO  o.a.c.core.ContainerBase.[Tomcat].[localhost].[/] - Initializing Spring embedded WebApplicationContext
2022-01-05 10:30:10.009 INFO  o.s.b.w.s.c.ServletWebServerApplicationContext - Root WebApplicationContext: initialization completed in 1773 ms
2022-01-05 10:30:10.457 INFO  o.s.scheduling.concurrent.ThreadPoolTaskExecutor - Initializing ExecutorService 'applicationTaskExecutor'
2022-01-05 10:30:11.163 INFO  o.s.b.d.autoconfigure.OptionalLiveReloadServer - LiveReload server is running on port 35729
2022-01-05 10:30:11.179 INFO  org.apache.coyote.http11.Http11NioProtocol - Starting ProtocolHandler ["http-nio-8086"]
2022-01-05 10:30:11.201 INFO  o.s.boot.web.embedded.tomcat.TomcatWebServer - Tomcat started on port(s): 8086 (http) with context path ''
2022-01-05 10:30:11.224 INFO  com.zestfulYoghurt.zy.ZyApplication - Started ZyApplication in 3.403 seconds (JVM running for 4.74)
2022-01-05 10:30:25.090 INFO  o.a.c.core.ContainerBase.[Tomcat].[localhost].[/] - Initializing Spring DispatcherServlet 'dispatcherServlet'
2022-01-05 10:30:25.090 INFO  org.springframework.web.servlet.DispatcherServlet - Initializing Servlet 'dispatcherServlet'
2022-01-05 10:30:25.090 INFO  org.springframework.web.servlet.DispatcherServlet - Completed initialization in 0 ms
2022-01-05 10:30:25.206 INFO  c.zestfulYoghurt.zy.aop.loggerAop.LoggerAopAround - 
start====
全路径名：com.zestfulYoghurt.zy.controllers.login.LoginController@44bf43d7
方 法 名：loginCheckOut
====start
end====
全路径名：com.zestfulYoghurt.zy.controllers.login.LoginController@44bf43d7
方 法 名：loginCheckOut
====end


2022-01-05 10:30:25.206 INFO  c.zestfulYoghurt.zy.aop.loggerAop.LoggerAopAround - 
start====
全路径名：com.zestfulYoghurt.zy.services.loginService.LoginServiceImp@25bf740e
方 法 名：loginCheckOut
====start
end====
全路径名：com.zestfulYoghurt.zy.services.loginService.LoginServiceImp@25bf740e
方 法 名：loginCheckOut
====end


2022-01-05 10:30:25.222 INFO  com.zaxxer.hikari.HikariDataSource - HikariPool-1 - Starting...
2022-01-05 10:30:25.306 INFO  com.zaxxer.hikari.pool.PoolBase - HikariPool-1 - Driver does not support get/set network timeout for connections. (com.mysql.jdbc.JDBC4Connection.getNetworkTimeout()I)
2022-01-05 10:30:25.306 INFO  com.zaxxer.hikari.HikariDataSource - HikariPool-1 - Start completed.
2022-01-05 10:30:25.341 INFO  c.zestfulYoghurt.zy.aop.loggerAop.LoggerAopAround - 

2022-01-05 10:30:25.341 INFO  c.zestfulYoghurt.zy.aop.loggerAop.LoggerAopAround - 

2022-01-05 10:30:29.981 INFO  c.zestfulYoghurt.zy.aop.loggerAop.LoggerAopAround - 
start====
全路径名：com.zestfulYoghurt.zy.controllers.testController.Test1@daa9504
方 法 名：getServerPort
====start
end====
全路径名：com.zestfulYoghurt.zy.controllers.testController.Test1@daa9504
方 法 名：getServerPort
====end


2022-01-05 10:30:29.985 INFO  c.zestfulYoghurt.zy.aop.loggerAop.LoggerAopAround - 

2022-01-05 12:38:38.093 INFO  com.zestfulYoghurt.zy.ZyApplication - Starting ZyApplication on zhangyi211123 with PID 11660 (C:\Users\860120017\Desktop\project\web-app-serve\web-app-serve\target\classes started by 860120017 in C:\Users\860120017\Desktop\project\web-app-serve)
2022-01-05 12:38:38.093 INFO  com.zestfulYoghurt.zy.ZyApplication - The following profiles are active: logger,mail,mybatisDev,mysql,redis
2022-01-05 12:38:38.124 INFO  o.s.b.d.env.DevToolsPropertyDefaultsPostProcessor - Devtools property defaults active! Set 'spring.devtools.add-properties' to 'false' to disable
2022-01-05 12:38:38.124 INFO  o.s.b.d.env.DevToolsPropertyDefaultsPostProcessor - For additional web related logging consider setting the 'logging.level.web' property to 'DEBUG'
2022-01-05 12:38:38.733 INFO  o.s.d.r.config.RepositoryConfigurationDelegate - Multiple Spring Data modules found, entering strict repository configuration mode!
2022-01-05 12:38:38.733 INFO  o.s.d.r.config.RepositoryConfigurationDelegate - Bootstrapping Spring Data Redis repositories in DEFAULT mode.
2022-01-05 12:38:38.764 INFO  o.s.d.r.config.RepositoryConfigurationDelegate - Finished Spring Data repository scanning in 12ms. Found 0 Redis repository interfaces.
2022-01-05 12:38:38.936 INFO  o.s.c.s.PostProcessorRegistrationDelegate$BeanPostProcessorChecker - Bean 'configurationSpringBoot' of type [com.zestfulYoghurt.zy.configuration.ConfigurationSpringBoot$$EnhancerBySpringCGLIB$$3e7012cc] is not eligible for getting processed by all BeanPostProcessors (for example: not eligible for auto-proxying)
2022-01-05 12:38:39.233 INFO  o.s.c.s.PostProcessorRegistrationDelegate$BeanPostProcessorChecker - Bean 'mybatis-org.mybatis.spring.boot.autoconfigure.MybatisProperties' of type [org.mybatis.spring.boot.autoconfigure.MybatisProperties] is not eligible for getting processed by all BeanPostProcessors (for example: not eligible for auto-proxying)
2022-01-05 12:38:39.233 INFO  o.s.c.s.PostProcessorRegistrationDelegate$BeanPostProcessorChecker - Bean 'org.mybatis.spring.boot.autoconfigure.MybatisAutoConfiguration' of type [org.mybatis.spring.boot.autoconfigure.MybatisAutoConfiguration$$EnhancerBySpringCGLIB$$e16ade77] is not eligible for getting processed by all BeanPostProcessors (for example: not eligible for auto-proxying)
2022-01-05 12:38:39.233 INFO  o.s.c.s.PostProcessorRegistrationDelegate$BeanPostProcessorChecker - Bean 'org.springframework.boot.autoconfigure.jdbc.DataSourceConfiguration$Hikari' of type [org.springframework.boot.autoconfigure.jdbc.DataSourceConfiguration$Hikari] is not eligible for getting processed by all BeanPostProcessors (for example: not eligible for auto-proxying)
2022-01-05 12:38:39.249 INFO  o.s.c.s.PostProcessorRegistrationDelegate$BeanPostProcessorChecker - Bean 'spring.datasource-org.springframework.boot.autoconfigure.jdbc.DataSourceProperties' of type [org.springframework.boot.autoconfigure.jdbc.DataSourceProperties] is not eligible for getting processed by all BeanPostProcessors (for example: not eligible for auto-proxying)
2022-01-05 12:38:39.264 INFO  o.s.c.s.PostProcessorRegistrationDelegate$BeanPostProcessorChecker - Bean 'dataSource' of type [com.zaxxer.hikari.HikariDataSource] is not eligible for getting processed by all BeanPostProcessors (for example: not eligible for auto-proxying)
2022-01-05 12:38:39.405 INFO  o.s.c.s.PostProcessorRegistrationDelegate$BeanPostProcessorChecker - Bean 'sqlSessionFactory' of type [org.apache.ibatis.session.defaults.DefaultSqlSessionFactory] is not eligible for getting processed by all BeanPostProcessors (for example: not eligible for auto-proxying)
2022-01-05 12:38:39.405 INFO  o.s.c.s.PostProcessorRegistrationDelegate$BeanPostProcessorChecker - Bean 'sqlSessionTemplate' of type [org.mybatis.spring.SqlSessionTemplate] is not eligible for getting processed by all BeanPostProcessors (for example: not eligible for auto-proxying)
2022-01-05 12:38:39.405 INFO  o.s.c.s.PostProcessorRegistrationDelegate$BeanPostProcessorChecker - Bean 'userMapper' of type [org.mybatis.spring.mapper.MapperFactoryBean] is not eligible for getting processed by all BeanPostProcessors (for example: not eligible for auto-proxying)
2022-01-05 12:38:39.405 INFO  o.s.c.s.PostProcessorRegistrationDelegate$BeanPostProcessorChecker - Bean 'userMapper' of type [com.sun.proxy.$Proxy50] is not eligible for getting processed by all BeanPostProcessors (for example: not eligible for auto-proxying)
2022-01-05 12:38:39.405 INFO  o.s.c.s.PostProcessorRegistrationDelegate$BeanPostProcessorChecker - Bean 'myShiroRealm' of type [com.zestfulYoghurt.zy.shiro.LoginRealm] is not eligible for getting processed by all BeanPostProcessors (for example: not eligible for auto-proxying)
2022-01-05 12:38:39.420 INFO  o.s.c.s.PostProcessorRegistrationDelegate$BeanPostProcessorChecker - Bean 'securityManager' of type [org.apache.shiro.web.mgt.DefaultWebSecurityManager] is not eligible for getting processed by all BeanPostProcessors (for example: not eligible for auto-proxying)
2022-01-05 12:38:39.452 INFO  o.s.c.s.PostProcessorRegistrationDelegate$BeanPostProcessorChecker - Bean 'authorizationAttributeSourceAdvisor' of type [org.apache.shiro.spring.security.interceptor.AuthorizationAttributeSourceAdvisor] is not eligible for getting processed by all BeanPostProcessors (for example: not eligible for auto-proxying)
2022-01-05 12:38:39.889 INFO  o.s.boot.web.embedded.tomcat.TomcatWebServer - Tomcat initialized with port(s): 8086 (http)
2022-01-05 12:38:39.905 INFO  org.apache.coyote.http11.Http11NioProtocol - Initializing ProtocolHandler ["http-nio-8086"]
2022-01-05 12:38:39.905 INFO  org.apache.catalina.core.StandardService - Starting service [Tomcat]
2022-01-05 12:38:39.905 INFO  org.apache.catalina.core.StandardEngine - Starting Servlet engine: [Apache Tomcat/9.0.39]
2022-01-05 12:38:40.138 INFO  org.apache.jasper.servlet.TldScanner - At least one JAR was scanned for TLDs yet contained no TLDs. Enable debug logging for this logger for a complete list of JARs that were scanned but no TLDs were found in them. Skipping unneeded JARs during scanning can improve startup time and JSP compilation time.
2022-01-05 12:38:40.141 INFO  o.a.c.core.ContainerBase.[Tomcat].[localhost].[/] - Initializing Spring embedded WebApplicationContext
2022-01-05 12:38:40.142 INFO  o.s.b.w.s.c.ServletWebServerApplicationContext - Root WebApplicationContext: initialization completed in 2017 ms
2022-01-05 12:38:40.616 INFO  o.s.scheduling.concurrent.ThreadPoolTaskExecutor - Initializing ExecutorService 'applicationTaskExecutor'
2022-01-05 12:38:41.405 INFO  o.s.b.d.autoconfigure.OptionalLiveReloadServer - LiveReload server is running on port 35729
2022-01-05 12:38:41.421 INFO  org.apache.coyote.http11.Http11NioProtocol - Starting ProtocolHandler ["http-nio-8086"]
2022-01-05 12:38:41.452 INFO  o.s.boot.web.embedded.tomcat.TomcatWebServer - Tomcat started on port(s): 8086 (http) with context path ''
2022-01-05 12:38:41.468 INFO  com.zestfulYoghurt.zy.ZyApplication - Started ZyApplication in 3.894 seconds (JVM running for 5.597)
2022-01-05 12:38:51.474 INFO  o.a.c.core.ContainerBase.[Tomcat].[localhost].[/] - Initializing Spring DispatcherServlet 'dispatcherServlet'
2022-01-05 12:38:51.474 INFO  org.springframework.web.servlet.DispatcherServlet - Initializing Servlet 'dispatcherServlet'
2022-01-05 12:38:51.490 INFO  org.springframework.web.servlet.DispatcherServlet - Completed initialization in 16 ms
2022-01-05 12:38:51.615 INFO  c.zestfulYoghurt.zy.aop.loggerAop.LoggerAopAround - 
start====
全路径名：com.zestfulYoghurt.zy.controllers.login.LoginController@1747654b
方 法 名：loginCheckOut
====start
end====
全路径名：com.zestfulYoghurt.zy.controllers.login.LoginController@1747654b
方 法 名：loginCheckOut
====end


2022-01-05 12:38:51.615 INFO  c.zestfulYoghurt.zy.aop.loggerAop.LoggerAopAround - 
start====
全路径名：com.zestfulYoghurt.zy.services.loginService.LoginServiceImp@5f72b7a4
方 法 名：loginCheckOut
====start
end====
全路径名：com.zestfulYoghurt.zy.services.loginService.LoginServiceImp@5f72b7a4
方 法 名：loginCheckOut
====end


2022-01-05 12:38:51.646 INFO  com.zaxxer.hikari.HikariDataSource - HikariPool-1 - Starting...
2022-01-05 12:38:51.786 INFO  com.zaxxer.hikari.pool.PoolBase - HikariPool-1 - Driver does not support get/set network timeout for connections. (com.mysql.jdbc.JDBC4Connection.getNetworkTimeout()I)
2022-01-05 12:38:51.786 INFO  com.zaxxer.hikari.HikariDataSource - HikariPool-1 - Start completed.
2022-01-05 12:38:51.869 INFO  c.zestfulYoghurt.zy.aop.loggerAop.LoggerAopAround - 

2022-01-05 12:38:51.870 INFO  c.zestfulYoghurt.zy.aop.loggerAop.LoggerAopAround - 

2022-01-05 12:38:54.930 INFO  c.zestfulYoghurt.zy.aop.loggerAop.LoggerAopAround - 
start====
全路径名：com.zestfulYoghurt.zy.controllers.testController.Test1@152170cc
方 法 名：getServerPort
====start
end====
全路径名：com.zestfulYoghurt.zy.controllers.testController.Test1@152170cc
方 法 名：getServerPort
====end


2022-01-05 12:38:54.933 INFO  c.zestfulYoghurt.zy.aop.loggerAop.LoggerAopAround - 

2022-01-05 12:39:02.801 INFO  c.zestfulYoghurt.zy.aop.loggerAop.LoggerAopAround - 
start====
全路径名：com.zestfulYoghurt.zy.controllers.login.LoginController@1747654b
方 法 名：loginCheckOut
====start
end====
全路径名：com.zestfulYoghurt.zy.controllers.login.LoginController@1747654b
方 法 名：loginCheckOut
====end


2022-01-05 12:39:02.801 INFO  c.zestfulYoghurt.zy.aop.loggerAop.LoggerAopAround - 
start====
全路径名：com.zestfulYoghurt.zy.services.loginService.LoginServiceImp@5f72b7a4
方 法 名：loginCheckOut
====start
end====
全路径名：com.zestfulYoghurt.zy.services.loginService.LoginServiceImp@5f72b7a4
方 法 名：loginCheckOut
====end


2022-01-05 12:39:02.804 INFO  c.zestfulYoghurt.zy.aop.loggerAop.LoggerAopAround - 

2022-01-05 12:39:02.804 INFO  c.zestfulYoghurt.zy.aop.loggerAop.LoggerAopAround - 

2022-01-05 12:39:09.681 INFO  c.zestfulYoghurt.zy.aop.loggerAop.LoggerAopAround - 
start====
全路径名：com.zestfulYoghurt.zy.controllers.testController.Test1@152170cc
方 法 名：getServerPort
====start
end====
全路径名：com.zestfulYoghurt.zy.controllers.testController.Test1@152170cc
方 法 名：getServerPort
====end


2022-01-05 12:39:09.681 INFO  c.zestfulYoghurt.zy.aop.loggerAop.LoggerAopAround - 

2022-01-05 12:39:16.817 INFO  c.zestfulYoghurt.zy.aop.loggerAop.LoggerAopAround - 
start====
全路径名：com.zestfulYoghurt.zy.controllers.login.LoginController@1747654b
方 法 名：loginCheckOut
====start
end====
全路径名：com.zestfulYoghurt.zy.controllers.login.LoginController@1747654b
方 法 名：loginCheckOut
====end


2022-01-05 12:39:16.818 INFO  c.zestfulYoghurt.zy.aop.loggerAop.LoggerAopAround - 
start====
全路径名：com.zestfulYoghurt.zy.services.loginService.LoginServiceImp@5f72b7a4
方 法 名：loginCheckOut
====start
end====
全路径名：com.zestfulYoghurt.zy.services.loginService.LoginServiceImp@5f72b7a4
方 法 名：loginCheckOut
====end


2022-01-05 12:39:16.819 INFO  c.zestfulYoghurt.zy.aop.loggerAop.LoggerAopAround - 

2022-01-05 12:39:16.819 INFO  c.zestfulYoghurt.zy.aop.loggerAop.LoggerAopAround - 

2022-01-05 12:39:25.449 INFO  c.zestfulYoghurt.zy.aop.loggerAop.LoggerAopAround - 
start====
全路径名：com.zestfulYoghurt.zy.controllers.testController.Test1@152170cc
方 法 名：getServerPort
====start
end====
全路径名：com.zestfulYoghurt.zy.controllers.testController.Test1@152170cc
方 法 名：getServerPort
====end


2022-01-05 12:39:25.449 INFO  c.zestfulYoghurt.zy.aop.loggerAop.LoggerAopAround - 

2022-01-05 12:39:58.654 INFO  c.zestfulYoghurt.zy.aop.loggerAop.LoggerAopAround - 
start====
全路径名：com.zestfulYoghurt.zy.controllers.login.LoginController@1747654b
方 法 名：loginCheckOut
====start
end====
全路径名：com.zestfulYoghurt.zy.controllers.login.LoginController@1747654b
方 法 名：loginCheckOut
====end


2022-01-05 12:39:58.654 INFO  c.zestfulYoghurt.zy.aop.loggerAop.LoggerAopAround - 
start====
全路径名：com.zestfulYoghurt.zy.services.loginService.LoginServiceImp@5f72b7a4
方 法 名：loginCheckOut
====start
end====
全路径名：com.zestfulYoghurt.zy.services.loginService.LoginServiceImp@5f72b7a4
方 法 名：loginCheckOut
====end


2022-01-05 12:39:58.656 INFO  c.zestfulYoghurt.zy.aop.loggerAop.LoggerAopAround - 

2022-01-05 12:39:58.656 INFO  c.zestfulYoghurt.zy.aop.loggerAop.LoggerAopAround - 

2022-01-05 12:40:03.967 INFO  c.zestfulYoghurt.zy.aop.loggerAop.LoggerAopAround - 
start====
全路径名：com.zestfulYoghurt.zy.controllers.testController.Test1@152170cc
方 法 名：getServerPort
====start
end====
全路径名：com.zestfulYoghurt.zy.controllers.testController.Test1@152170cc
方 法 名：getServerPort
====end


2022-01-05 12:40:03.967 INFO  c.zestfulYoghurt.zy.aop.loggerAop.LoggerAopAround - 

2022-01-05 14:47:54.320 INFO  c.zestfulYoghurt.zy.aop.loggerAop.LoggerAopAround - 
start====
全路径名：com.zestfulYoghurt.zy.controllers.login.LoginController@1747654b
方 法 名：loginCheckOut
====start
end====
全路径名：com.zestfulYoghurt.zy.controllers.login.LoginController@1747654b
方 法 名：loginCheckOut
====end


2022-01-05 14:47:54.320 INFO  c.zestfulYoghurt.zy.aop.loggerAop.LoggerAopAround - 
start====
全路径名：com.zestfulYoghurt.zy.services.loginService.LoginServiceImp@5f72b7a4
方 法 名：loginCheckOut
====start
end====
全路径名：com.zestfulYoghurt.zy.services.loginService.LoginServiceImp@5f72b7a4
方 法 名：loginCheckOut
====end


2022-01-05 14:47:54.323 INFO  c.zestfulYoghurt.zy.aop.loggerAop.LoggerAopAround - 

2022-01-05 14:47:54.323 INFO  c.zestfulYoghurt.zy.aop.loggerAop.LoggerAopAround - 

2022-01-05 14:50:01.911 INFO  c.zestfulYoghurt.zy.aop.loggerAop.LoggerAopAround - 
start====
全路径名：com.zestfulYoghurt.zy.controllers.login.LoginController@1747654b
方 法 名：loginCheckOut
====start
end====
全路径名：com.zestfulYoghurt.zy.controllers.login.LoginController@1747654b
方 法 名：loginCheckOut
====end


2022-01-05 14:50:01.911 INFO  c.zestfulYoghurt.zy.aop.loggerAop.LoggerAopAround - 
start====
全路径名：com.zestfulYoghurt.zy.services.loginService.LoginServiceImp@5f72b7a4
方 法 名：loginCheckOut
====start
end====
全路径名：com.zestfulYoghurt.zy.services.loginService.LoginServiceImp@5f72b7a4
方 法 名：loginCheckOut
====end


2022-01-05 14:50:01.913 INFO  c.zestfulYoghurt.zy.aop.loggerAop.LoggerAopAround - 

2022-01-05 14:50:01.913 INFO  c.zestfulYoghurt.zy.aop.loggerAop.LoggerAopAround - 

2022-01-05 17:24:20.805 INFO  c.zestfulYoghurt.zy.aop.loggerAop.LoggerAopAround - 
start====
全路径名：com.zestfulYoghurt.zy.controllers.login.LoginController@1747654b
方 法 名：loginCheckOut
====start
end====
全路径名：com.zestfulYoghurt.zy.controllers.login.LoginController@1747654b
方 法 名：loginCheckOut
====end


2022-01-05 17:24:20.806 INFO  c.zestfulYoghurt.zy.aop.loggerAop.LoggerAopAround - 
start====
全路径名：com.zestfulYoghurt.zy.services.loginService.LoginServiceImp@5f72b7a4
方 法 名：loginCheckOut
====start
end====
全路径名：com.zestfulYoghurt.zy.services.loginService.LoginServiceImp@5f72b7a4
方 法 名：loginCheckOut
====end


2022-01-05 17:24:20.810 INFO  c.zestfulYoghurt.zy.aop.loggerAop.LoggerAopAround - 

2022-01-05 17:24:20.810 INFO  c.zestfulYoghurt.zy.aop.loggerAop.LoggerAopAround - 

