2023-02-22 15:03:08.686 INFO  c.zestfulYoghurt.zy.aop.loggerAop.LoggerAopAround - 
start====
全路径名：com.zestfulYoghurt.zy.controllers.login.LoginController@44ab9a6b
方 法 名：loginCheckOut
====start
end====
全路径名：com.zestfulYoghurt.zy.controllers.login.LoginController@44ab9a6b
方 法 名：loginCheckOut
====end


2023-02-22 15:03:08.689 INFO  c.zestfulYoghurt.zy.aop.loggerAop.LoggerAopAround - 

2023-02-22 15:03:35.347 INFO  c.zestfulYoghurt.zy.aop.loggerAop.LoggerAopAround - 
start====
全路径名：com.zestfulYoghurt.zy.controllers.login.LoginController@44ab9a6b
方 法 名：loginCheckOut
====start
end====
全路径名：com.zestfulYoghurt.zy.controllers.login.LoginController@44ab9a6b
方 法 名：loginCheckOut
====end


2023-02-22 15:03:35.348 INFO  c.zestfulYoghurt.zy.aop.loggerAop.LoggerAopAround - 

2023-02-22 15:04:21.609 INFO  c.zestfulYoghurt.zy.aop.loggerAop.LoggerAopAround - 
start====
全路径名：com.zestfulYoghurt.zy.controllers.login.LoginController@44ab9a6b
方 法 名：loginCheckOut
====start
end====
全路径名：com.zestfulYoghurt.zy.controllers.login.LoginController@44ab9a6b
方 法 名：loginCheckOut
====end


2023-02-22 15:04:52.373 INFO  c.zestfulYoghurt.zy.aop.loggerAop.LoggerAopAround - 

2023-02-22 15:05:52.663 INFO  c.zestfulYoghurt.zy.aop.loggerAop.LoggerAopAround - 
start====
全路径名：com.zestfulYoghurt.zy.controllers.login.LoginController@44ab9a6b
方 法 名：loginCheckOut
====start
end====
全路径名：com.zestfulYoghurt.zy.controllers.login.LoginController@44ab9a6b
方 法 名：loginCheckOut
====end


2023-02-22 15:07:13.993 INFO  c.zestfulYoghurt.zy.aop.loggerAop.LoggerAopAround - 

2023-02-22 15:08:08.040 INFO  c.zestfulYoghurt.zy.aop.loggerAop.LoggerAopAround - 
start====
全路径名：com.zestfulYoghurt.zy.controllers.login.LoginController@44ab9a6b
方 法 名：loginCheckOut
====start
end====
全路径名：com.zestfulYoghurt.zy.controllers.login.LoginController@44ab9a6b
方 法 名：loginCheckOut
====end


2023-02-22 15:09:07.193 INFO  c.zestfulYoghurt.zy.aop.loggerAop.LoggerAopAround - 

2023-02-22 15:09:26.398 INFO  c.zestfulYoghurt.zy.aop.loggerAop.LoggerAopAround - 
start====
全路径名：com.zestfulYoghurt.zy.controllers.login.LoginController@44ab9a6b
方 法 名：loginCheckOut
====start
end====
全路径名：com.zestfulYoghurt.zy.controllers.login.LoginController@44ab9a6b
方 法 名：loginCheckOut
====end


2023-02-22 15:09:56.508 INFO  c.zestfulYoghurt.zy.aop.loggerAop.LoggerAopAround - 

2023-02-22 15:10:19.844 INFO  o.s.scheduling.concurrent.ThreadPoolTaskExecutor - Shutting down ExecutorService 'applicationTaskExecutor'
2023-02-22 15:10:27.723 INFO  com.zestfulYoghurt.zy.ZyApplication - Starting ZyApplication on LIJINGJP with PID 13300 (C:\Users\860619007\Desktop\work\blogs-master\web-app-serve\web-app-serve\target\classes started by 860619007 in C:\Users\860619007\Desktop\work\blogs-master\web-app-serve\web-app-serve)
2023-02-22 15:10:27.725 INFO  com.zestfulYoghurt.zy.ZyApplication - The following profiles are active: logger,mail,mybatisDev,mysql,redis
2023-02-22 15:10:27.789 INFO  o.s.b.d.env.DevToolsPropertyDefaultsPostProcessor - Devtools property defaults active! Set 'spring.devtools.add-properties' to 'false' to disable
2023-02-22 15:10:27.790 INFO  o.s.b.d.env.DevToolsPropertyDefaultsPostProcessor - For additional web related logging consider setting the 'logging.level.web' property to 'DEBUG'
2023-02-22 15:10:28.460 INFO  o.s.d.r.config.RepositoryConfigurationDelegate - Multiple Spring Data modules found, entering strict repository configuration mode!
2023-02-22 15:10:28.462 INFO  o.s.d.r.config.RepositoryConfigurationDelegate - Bootstrapping Spring Data Redis repositories in DEFAULT mode.
2023-02-22 15:10:28.501 INFO  o.s.d.r.config.RepositoryConfigurationDelegate - Finished Spring Data repository scanning in 17ms. Found 0 Redis repository interfaces.
2023-02-22 15:10:28.678 INFO  o.s.c.s.PostProcessorRegistrationDelegate$BeanPostProcessorChecker - Bean 'configurationSpringBoot' of type [com.zestfulYoghurt.zy.configuration.ConfigurationSpringBoot$$EnhancerBySpringCGLIB$$7c3c79c5] is not eligible for getting processed by all BeanPostProcessors (for example: not eligible for auto-proxying)
2023-02-22 15:10:28.928 INFO  o.s.c.s.PostProcessorRegistrationDelegate$BeanPostProcessorChecker - Bean 'mybatis-org.mybatis.spring.boot.autoconfigure.MybatisProperties' of type [org.mybatis.spring.boot.autoconfigure.MybatisProperties] is not eligible for getting processed by all BeanPostProcessors (for example: not eligible for auto-proxying)
2023-02-22 15:10:28.934 INFO  o.s.c.s.PostProcessorRegistrationDelegate$BeanPostProcessorChecker - Bean 'org.mybatis.spring.boot.autoconfigure.MybatisAutoConfiguration' of type [org.mybatis.spring.boot.autoconfigure.MybatisAutoConfiguration$$EnhancerBySpringCGLIB$$1f374570] is not eligible for getting processed by all BeanPostProcessors (for example: not eligible for auto-proxying)
2023-02-22 15:10:28.935 INFO  o.s.c.s.PostProcessorRegistrationDelegate$BeanPostProcessorChecker - Bean 'org.springframework.boot.autoconfigure.jdbc.DataSourceConfiguration$Hikari' of type [org.springframework.boot.autoconfigure.jdbc.DataSourceConfiguration$Hikari] is not eligible for getting processed by all BeanPostProcessors (for example: not eligible for auto-proxying)
2023-02-22 15:10:28.943 INFO  o.s.c.s.PostProcessorRegistrationDelegate$BeanPostProcessorChecker - Bean 'spring.datasource-org.springframework.boot.autoconfigure.jdbc.DataSourceProperties' of type [org.springframework.boot.autoconfigure.jdbc.DataSourceProperties] is not eligible for getting processed by all BeanPostProcessors (for example: not eligible for auto-proxying)
2023-02-22 15:10:28.960 INFO  o.s.c.s.PostProcessorRegistrationDelegate$BeanPostProcessorChecker - Bean 'dataSource' of type [com.zaxxer.hikari.HikariDataSource] is not eligible for getting processed by all BeanPostProcessors (for example: not eligible for auto-proxying)
2023-02-22 15:10:29.061 INFO  o.s.c.s.PostProcessorRegistrationDelegate$BeanPostProcessorChecker - Bean 'sqlSessionFactory' of type [org.apache.ibatis.session.defaults.DefaultSqlSessionFactory] is not eligible for getting processed by all BeanPostProcessors (for example: not eligible for auto-proxying)
2023-02-22 15:10:29.064 INFO  o.s.c.s.PostProcessorRegistrationDelegate$BeanPostProcessorChecker - Bean 'sqlSessionTemplate' of type [org.mybatis.spring.SqlSessionTemplate] is not eligible for getting processed by all BeanPostProcessors (for example: not eligible for auto-proxying)
2023-02-22 15:10:29.065 INFO  o.s.c.s.PostProcessorRegistrationDelegate$BeanPostProcessorChecker - Bean 'userMapper' of type [org.mybatis.spring.mapper.MapperFactoryBean] is not eligible for getting processed by all BeanPostProcessors (for example: not eligible for auto-proxying)
2023-02-22 15:10:29.066 INFO  o.s.c.s.PostProcessorRegistrationDelegate$BeanPostProcessorChecker - Bean 'userMapper' of type [com.sun.proxy.$Proxy51] is not eligible for getting processed by all BeanPostProcessors (for example: not eligible for auto-proxying)
2023-02-22 15:10:29.067 INFO  o.s.c.s.PostProcessorRegistrationDelegate$BeanPostProcessorChecker - Bean 'myShiroRealm' of type [com.zestfulYoghurt.zy.shiro.LoginRealm] is not eligible for getting processed by all BeanPostProcessors (for example: not eligible for auto-proxying)
2023-02-22 15:10:29.070 INFO  o.s.c.s.PostProcessorRegistrationDelegate$BeanPostProcessorChecker - Bean 'securityManager' of type [org.apache.shiro.web.mgt.DefaultWebSecurityManager] is not eligible for getting processed by all BeanPostProcessors (for example: not eligible for auto-proxying)
2023-02-22 15:10:29.113 INFO  o.s.c.s.PostProcessorRegistrationDelegate$BeanPostProcessorChecker - Bean 'authorizationAttributeSourceAdvisor' of type [org.apache.shiro.spring.security.interceptor.AuthorizationAttributeSourceAdvisor] is not eligible for getting processed by all BeanPostProcessors (for example: not eligible for auto-proxying)
2023-02-22 15:10:29.641 INFO  o.s.boot.web.embedded.tomcat.TomcatWebServer - Tomcat initialized with port(s): 8086 (http)
2023-02-22 15:10:29.649 INFO  org.apache.coyote.http11.Http11NioProtocol - Initializing ProtocolHandler ["http-nio-8086"]
2023-02-22 15:10:29.649 INFO  org.apache.catalina.core.StandardService - Starting service [Tomcat]
2023-02-22 15:10:29.649 INFO  org.apache.catalina.core.StandardEngine - Starting Servlet engine: [Apache Tomcat/9.0.39]
2023-02-22 15:10:29.888 INFO  org.apache.jasper.servlet.TldScanner - At least one JAR was scanned for TLDs yet contained no TLDs. Enable debug logging for this logger for a complete list of JARs that were scanned but no TLDs were found in them. Skipping unneeded JARs during scanning can improve startup time and JSP compilation time.
2023-02-22 15:10:29.891 INFO  o.a.c.core.ContainerBase.[Tomcat].[localhost].[/] - Initializing Spring embedded WebApplicationContext
2023-02-22 15:10:29.891 INFO  o.s.b.w.s.c.ServletWebServerApplicationContext - Root WebApplicationContext: initialization completed in 2101 ms
2023-02-22 15:10:30.388 INFO  o.s.scheduling.concurrent.ThreadPoolTaskExecutor - Initializing ExecutorService 'applicationTaskExecutor'
2023-02-22 15:10:31.242 INFO  o.s.b.d.autoconfigure.OptionalLiveReloadServer - LiveReload server is running on port 35729
2023-02-22 15:10:31.260 INFO  org.apache.coyote.http11.Http11NioProtocol - Starting ProtocolHandler ["http-nio-8086"]
2023-02-22 15:10:31.288 INFO  o.s.boot.web.embedded.tomcat.TomcatWebServer - Tomcat started on port(s): 8086 (http) with context path ''
2023-02-22 15:10:31.302 INFO  com.zestfulYoghurt.zy.ZyApplication - Started ZyApplication in 4.116 seconds (JVM running for 4.991)
2023-02-22 15:10:50.410 INFO  o.a.c.core.ContainerBase.[Tomcat].[localhost].[/] - Initializing Spring DispatcherServlet 'dispatcherServlet'
2023-02-22 15:10:50.410 INFO  org.springframework.web.servlet.DispatcherServlet - Initializing Servlet 'dispatcherServlet'
2023-02-22 15:10:50.421 INFO  org.springframework.web.servlet.DispatcherServlet - Completed initialization in 11 ms
2023-02-22 15:10:50.519 INFO  c.zestfulYoghurt.zy.aop.loggerAop.LoggerAopAround - 
start====
全路径名：com.zestfulYoghurt.zy.controllers.login.LoginController@76d1eacc
方 法 名：loginCheckOut
====start
end====
全路径名：com.zestfulYoghurt.zy.controllers.login.LoginController@76d1eacc
方 法 名：loginCheckOut
====end


2023-02-22 15:11:14.079 INFO  c.zestfulYoghurt.zy.aop.loggerAop.LoggerAopAround - 

2023-02-22 15:43:33.700 INFO  o.s.scheduling.concurrent.ThreadPoolTaskExecutor - Shutting down ExecutorService 'applicationTaskExecutor'
2023-02-22 15:58:49.218 INFO  com.zestfulYoghurt.zy.ZyApplication - Starting ZyApplication on LIJINGJP with PID 15244 (C:\Users\860619007\Desktop\work\blogs-master\web-app-serve\web-app-serve\target\classes started by 860619007 in C:\Users\860619007\Desktop\work\blogs-master\web-app-serve\web-app-serve)
2023-02-22 15:58:49.219 INFO  com.zestfulYoghurt.zy.ZyApplication - The following profiles are active: logger,mail,mybatisDev,mysql,redis
2023-02-22 15:58:49.270 INFO  o.s.b.d.env.DevToolsPropertyDefaultsPostProcessor - Devtools property defaults active! Set 'spring.devtools.add-properties' to 'false' to disable
2023-02-22 15:58:49.271 INFO  o.s.b.d.env.DevToolsPropertyDefaultsPostProcessor - For additional web related logging consider setting the 'logging.level.web' property to 'DEBUG'
2023-02-22 15:58:49.978 INFO  o.s.d.r.config.RepositoryConfigurationDelegate - Multiple Spring Data modules found, entering strict repository configuration mode!
2023-02-22 15:58:49.980 INFO  o.s.d.r.config.RepositoryConfigurationDelegate - Bootstrapping Spring Data Redis repositories in DEFAULT mode.
2023-02-22 15:58:50.019 INFO  o.s.d.r.config.RepositoryConfigurationDelegate - Finished Spring Data repository scanning in 17ms. Found 0 Redis repository interfaces.
2023-02-22 15:58:50.211 INFO  o.s.c.s.PostProcessorRegistrationDelegate$BeanPostProcessorChecker - Bean 'configurationSpringBoot' of type [com.zestfulYoghurt.zy.configuration.ConfigurationSpringBoot$$EnhancerBySpringCGLIB$$a85714ab] is not eligible for getting processed by all BeanPostProcessors (for example: not eligible for auto-proxying)
2023-02-22 15:58:50.449 INFO  o.s.c.s.PostProcessorRegistrationDelegate$BeanPostProcessorChecker - Bean 'mybatis-org.mybatis.spring.boot.autoconfigure.MybatisProperties' of type [org.mybatis.spring.boot.autoconfigure.MybatisProperties] is not eligible for getting processed by all BeanPostProcessors (for example: not eligible for auto-proxying)
2023-02-22 15:58:50.454 INFO  o.s.c.s.PostProcessorRegistrationDelegate$BeanPostProcessorChecker - Bean 'org.mybatis.spring.boot.autoconfigure.MybatisAutoConfiguration' of type [org.mybatis.spring.boot.autoconfigure.MybatisAutoConfiguration$$EnhancerBySpringCGLIB$$4b51e056] is not eligible for getting processed by all BeanPostProcessors (for example: not eligible for auto-proxying)
2023-02-22 15:58:50.455 INFO  o.s.c.s.PostProcessorRegistrationDelegate$BeanPostProcessorChecker - Bean 'org.springframework.boot.autoconfigure.jdbc.DataSourceConfiguration$Hikari' of type [org.springframework.boot.autoconfigure.jdbc.DataSourceConfiguration$Hikari] is not eligible for getting processed by all BeanPostProcessors (for example: not eligible for auto-proxying)
2023-02-22 15:58:50.463 INFO  o.s.c.s.PostProcessorRegistrationDelegate$BeanPostProcessorChecker - Bean 'spring.datasource-org.springframework.boot.autoconfigure.jdbc.DataSourceProperties' of type [org.springframework.boot.autoconfigure.jdbc.DataSourceProperties] is not eligible for getting processed by all BeanPostProcessors (for example: not eligible for auto-proxying)
2023-02-22 15:58:50.479 INFO  o.s.c.s.PostProcessorRegistrationDelegate$BeanPostProcessorChecker - Bean 'dataSource' of type [com.zaxxer.hikari.HikariDataSource] is not eligible for getting processed by all BeanPostProcessors (for example: not eligible for auto-proxying)
2023-02-22 15:58:50.573 INFO  o.s.c.s.PostProcessorRegistrationDelegate$BeanPostProcessorChecker - Bean 'sqlSessionFactory' of type [org.apache.ibatis.session.defaults.DefaultSqlSessionFactory] is not eligible for getting processed by all BeanPostProcessors (for example: not eligible for auto-proxying)
2023-02-22 15:58:50.577 INFO  o.s.c.s.PostProcessorRegistrationDelegate$BeanPostProcessorChecker - Bean 'sqlSessionTemplate' of type [org.mybatis.spring.SqlSessionTemplate] is not eligible for getting processed by all BeanPostProcessors (for example: not eligible for auto-proxying)
2023-02-22 15:58:50.578 INFO  o.s.c.s.PostProcessorRegistrationDelegate$BeanPostProcessorChecker - Bean 'userMapper' of type [org.mybatis.spring.mapper.MapperFactoryBean] is not eligible for getting processed by all BeanPostProcessors (for example: not eligible for auto-proxying)
2023-02-22 15:58:50.579 INFO  o.s.c.s.PostProcessorRegistrationDelegate$BeanPostProcessorChecker - Bean 'userMapper' of type [com.sun.proxy.$Proxy51] is not eligible for getting processed by all BeanPostProcessors (for example: not eligible for auto-proxying)
2023-02-22 15:58:50.580 INFO  o.s.c.s.PostProcessorRegistrationDelegate$BeanPostProcessorChecker - Bean 'myShiroRealm' of type [com.zestfulYoghurt.zy.shiro.LoginRealm] is not eligible for getting processed by all BeanPostProcessors (for example: not eligible for auto-proxying)
2023-02-22 15:58:50.582 INFO  o.s.c.s.PostProcessorRegistrationDelegate$BeanPostProcessorChecker - Bean 'securityManager' of type [org.apache.shiro.web.mgt.DefaultWebSecurityManager] is not eligible for getting processed by all BeanPostProcessors (for example: not eligible for auto-proxying)
2023-02-22 15:58:50.622 INFO  o.s.c.s.PostProcessorRegistrationDelegate$BeanPostProcessorChecker - Bean 'authorizationAttributeSourceAdvisor' of type [org.apache.shiro.spring.security.interceptor.AuthorizationAttributeSourceAdvisor] is not eligible for getting processed by all BeanPostProcessors (for example: not eligible for auto-proxying)
2023-02-22 15:58:51.134 INFO  o.s.boot.web.embedded.tomcat.TomcatWebServer - Tomcat initialized with port(s): 8086 (http)
2023-02-22 15:58:51.144 INFO  org.apache.coyote.http11.Http11NioProtocol - Initializing ProtocolHandler ["http-nio-8086"]
2023-02-22 15:58:51.144 INFO  org.apache.catalina.core.StandardService - Starting service [Tomcat]
2023-02-22 15:58:51.145 INFO  org.apache.catalina.core.StandardEngine - Starting Servlet engine: [Apache Tomcat/9.0.39]
2023-02-22 15:58:51.391 INFO  org.apache.jasper.servlet.TldScanner - At least one JAR was scanned for TLDs yet contained no TLDs. Enable debug logging for this logger for a complete list of JARs that were scanned but no TLDs were found in them. Skipping unneeded JARs during scanning can improve startup time and JSP compilation time.
2023-02-22 15:58:51.394 INFO  o.a.c.core.ContainerBase.[Tomcat].[localhost].[/] - Initializing Spring embedded WebApplicationContext
2023-02-22 15:58:51.394 INFO  o.s.b.w.s.c.ServletWebServerApplicationContext - Root WebApplicationContext: initialization completed in 2123 ms
2023-02-22 15:58:51.854 INFO  o.s.scheduling.concurrent.ThreadPoolTaskExecutor - Initializing ExecutorService 'applicationTaskExecutor'
2023-02-22 15:58:52.674 INFO  o.s.b.d.autoconfigure.OptionalLiveReloadServer - LiveReload server is running on port 35729
2023-02-22 15:58:52.692 INFO  org.apache.coyote.http11.Http11NioProtocol - Starting ProtocolHandler ["http-nio-8086"]
2023-02-22 15:58:52.716 INFO  o.s.boot.web.embedded.tomcat.TomcatWebServer - Tomcat started on port(s): 8086 (http) with context path ''
2023-02-22 15:58:52.729 INFO  com.zestfulYoghurt.zy.ZyApplication - Started ZyApplication in 4.0 seconds (JVM running for 4.814)
2023-02-22 15:59:18.522 INFO  o.a.c.core.ContainerBase.[Tomcat].[localhost].[/] - Initializing Spring DispatcherServlet 'dispatcherServlet'
2023-02-22 15:59:18.523 INFO  org.springframework.web.servlet.DispatcherServlet - Initializing Servlet 'dispatcherServlet'
2023-02-22 15:59:18.533 INFO  org.springframework.web.servlet.DispatcherServlet - Completed initialization in 10 ms
2023-02-22 15:59:18.629 INFO  c.zestfulYoghurt.zy.aop.loggerAop.LoggerAopAround - 
start====
全路径名：com.zestfulYoghurt.zy.controllers.login.LoginController@2524d173
方 法 名：loginCheckOut
====start
end====
全路径名：com.zestfulYoghurt.zy.controllers.login.LoginController@2524d173
方 法 名：loginCheckOut
====end


2023-02-22 15:59:18.652 INFO  com.zaxxer.hikari.HikariDataSource - HikariPool-1 - Starting...
2023-02-22 15:59:23.823 INFO  com.zestfulYoghurt.zy.shiro.LoginRealm - org.mybatis.spring.MyBatisSystemException: nested exception is org.apache.ibatis.exceptions.PersistenceException: 
### Error querying database.  Cause: org.springframework.jdbc.CannotGetJdbcConnectionException: Failed to obtain JDBC Connection; nested exception is com.mysql.jdbc.exceptions.jdbc4.CommunicationsException: Communications link failure

Last packet sent to the server was 0 ms ago.
### The error may exist in file [C:\Users\860619007\Desktop\work\blogs-master\web-app-serve\web-app-serve\target\classes\mappers\userMapper.xml]
### The error may involve com.zestfulYoghurt.zy.mappers.UserMapper.select
### The error occurred while executing a query
### Cause: org.springframework.jdbc.CannotGetJdbcConnectionException: Failed to obtain JDBC Connection; nested exception is com.mysql.jdbc.exceptions.jdbc4.CommunicationsException: Communications link failure

Last packet sent to the server was 0 ms ago.
2023-02-22 15:59:23.825 INFO  c.zestfulYoghurt.zy.aop.loggerAop.LoggerAopAround - 

2023-02-22 16:00:50.098 INFO  c.zestfulYoghurt.zy.aop.loggerAop.LoggerAopAround - 
start====
全路径名：com.zestfulYoghurt.zy.controllers.login.LoginController@2524d173
方 法 名：loginCheckOut
====start
end====
全路径名：com.zestfulYoghurt.zy.controllers.login.LoginController@2524d173
方 法 名：loginCheckOut
====end


2023-02-22 16:00:55.988 INFO  com.zaxxer.hikari.HikariDataSource - HikariPool-1 - Starting...
2023-02-22 16:01:21.451 INFO  com.zestfulYoghurt.zy.shiro.LoginRealm - org.mybatis.spring.MyBatisSystemException: nested exception is org.apache.ibatis.exceptions.PersistenceException: 
### Error querying database.  Cause: org.springframework.jdbc.CannotGetJdbcConnectionException: Failed to obtain JDBC Connection; nested exception is com.mysql.jdbc.exceptions.jdbc4.CommunicationsException: Communications link failure

Last packet sent to the server was 0 ms ago.
### The error may exist in file [C:\Users\860619007\Desktop\work\blogs-master\web-app-serve\web-app-serve\target\classes\mappers\userMapper.xml]
### The error may involve com.zestfulYoghurt.zy.mappers.UserMapper.select
### The error occurred while executing a query
### Cause: org.springframework.jdbc.CannotGetJdbcConnectionException: Failed to obtain JDBC Connection; nested exception is com.mysql.jdbc.exceptions.jdbc4.CommunicationsException: Communications link failure

Last packet sent to the server was 0 ms ago.
2023-02-22 16:01:24.838 INFO  c.zestfulYoghurt.zy.aop.loggerAop.LoggerAopAround - 

2023-02-22 16:01:24.841 INFO  c.zestfulYoghurt.zy.aop.loggerAop.LoggerAopAround - 
start====
全路径名：com.zestfulYoghurt.zy.controllers.login.LoginController@2524d173
方 法 名：loginCheckOut
====start
end====
全路径名：com.zestfulYoghurt.zy.controllers.login.LoginController@2524d173
方 法 名：loginCheckOut
====end


2023-02-22 16:01:25.628 INFO  com.zaxxer.hikari.HikariDataSource - HikariPool-1 - Starting...
2023-02-22 16:02:29.984 INFO  com.zestfulYoghurt.zy.shiro.LoginRealm - org.mybatis.spring.MyBatisSystemException: nested exception is org.apache.ibatis.exceptions.PersistenceException: 
### Error querying database.  Cause: org.springframework.jdbc.CannotGetJdbcConnectionException: Failed to obtain JDBC Connection; nested exception is com.mysql.jdbc.exceptions.jdbc4.CommunicationsException: Communications link failure

Last packet sent to the server was 0 ms ago.
### The error may exist in file [C:\Users\860619007\Desktop\work\blogs-master\web-app-serve\web-app-serve\target\classes\mappers\userMapper.xml]
### The error may involve com.zestfulYoghurt.zy.mappers.UserMapper.select
### The error occurred while executing a query
### Cause: org.springframework.jdbc.CannotGetJdbcConnectionException: Failed to obtain JDBC Connection; nested exception is com.mysql.jdbc.exceptions.jdbc4.CommunicationsException: Communications link failure

Last packet sent to the server was 0 ms ago.
2023-02-22 16:02:32.076 INFO  c.zestfulYoghurt.zy.aop.loggerAop.LoggerAopAround - 

2023-02-22 16:03:57.243 INFO  o.s.scheduling.concurrent.ThreadPoolTaskExecutor - Shutting down ExecutorService 'applicationTaskExecutor'
2023-02-22 16:19:37.886 INFO  com.zestfulYoghurt.zy.ZyApplication - Starting ZyApplication on LIJINGJP with PID 13440 (C:\Users\860619007\Desktop\work\blogs-master\web-app-serve\web-app-serve\target\classes started by 860619007 in C:\Users\860619007\Desktop\work\blogs-master\web-app-serve\web-app-serve)
2023-02-22 16:19:37.887 INFO  com.zestfulYoghurt.zy.ZyApplication - The following profiles are active: logger,mail,mybatisDev,mysql,redis
2023-02-22 16:19:37.945 INFO  o.s.b.d.env.DevToolsPropertyDefaultsPostProcessor - Devtools property defaults active! Set 'spring.devtools.add-properties' to 'false' to disable
2023-02-22 16:19:37.945 INFO  o.s.b.d.env.DevToolsPropertyDefaultsPostProcessor - For additional web related logging consider setting the 'logging.level.web' property to 'DEBUG'
2023-02-22 16:19:38.560 INFO  o.s.d.r.config.RepositoryConfigurationDelegate - Multiple Spring Data modules found, entering strict repository configuration mode!
2023-02-22 16:19:38.562 INFO  o.s.d.r.config.RepositoryConfigurationDelegate - Bootstrapping Spring Data Redis repositories in DEFAULT mode.
2023-02-22 16:19:38.599 INFO  o.s.d.r.config.RepositoryConfigurationDelegate - Finished Spring Data repository scanning in 17ms. Found 0 Redis repository interfaces.
2023-02-22 16:19:38.776 INFO  o.s.c.s.PostProcessorRegistrationDelegate$BeanPostProcessorChecker - Bean 'configurationSpringBoot' of type [com.zestfulYoghurt.zy.configuration.ConfigurationSpringBoot$$EnhancerBySpringCGLIB$$8f75e202] is not eligible for getting processed by all BeanPostProcessors (for example: not eligible for auto-proxying)
2023-02-22 16:19:39.021 INFO  o.s.c.s.PostProcessorRegistrationDelegate$BeanPostProcessorChecker - Bean 'mybatis-org.mybatis.spring.boot.autoconfigure.MybatisProperties' of type [org.mybatis.spring.boot.autoconfigure.MybatisProperties] is not eligible for getting processed by all BeanPostProcessors (for example: not eligible for auto-proxying)
2023-02-22 16:19:39.026 INFO  o.s.c.s.PostProcessorRegistrationDelegate$BeanPostProcessorChecker - Bean 'org.mybatis.spring.boot.autoconfigure.MybatisAutoConfiguration' of type [org.mybatis.spring.boot.autoconfigure.MybatisAutoConfiguration$$EnhancerBySpringCGLIB$$3270adad] is not eligible for getting processed by all BeanPostProcessors (for example: not eligible for auto-proxying)
2023-02-22 16:19:39.028 INFO  o.s.c.s.PostProcessorRegistrationDelegate$BeanPostProcessorChecker - Bean 'org.springframework.boot.autoconfigure.jdbc.DataSourceConfiguration$Hikari' of type [org.springframework.boot.autoconfigure.jdbc.DataSourceConfiguration$Hikari] is not eligible for getting processed by all BeanPostProcessors (for example: not eligible for auto-proxying)
2023-02-22 16:19:39.037 INFO  o.s.c.s.PostProcessorRegistrationDelegate$BeanPostProcessorChecker - Bean 'spring.datasource-org.springframework.boot.autoconfigure.jdbc.DataSourceProperties' of type [org.springframework.boot.autoconfigure.jdbc.DataSourceProperties] is not eligible for getting processed by all BeanPostProcessors (for example: not eligible for auto-proxying)
2023-02-22 16:19:39.055 INFO  o.s.c.s.PostProcessorRegistrationDelegate$BeanPostProcessorChecker - Bean 'dataSource' of type [com.zaxxer.hikari.HikariDataSource] is not eligible for getting processed by all BeanPostProcessors (for example: not eligible for auto-proxying)
2023-02-22 16:19:39.160 INFO  o.s.c.s.PostProcessorRegistrationDelegate$BeanPostProcessorChecker - Bean 'sqlSessionFactory' of type [org.apache.ibatis.session.defaults.DefaultSqlSessionFactory] is not eligible for getting processed by all BeanPostProcessors (for example: not eligible for auto-proxying)
2023-02-22 16:19:39.164 INFO  o.s.c.s.PostProcessorRegistrationDelegate$BeanPostProcessorChecker - Bean 'sqlSessionTemplate' of type [org.mybatis.spring.SqlSessionTemplate] is not eligible for getting processed by all BeanPostProcessors (for example: not eligible for auto-proxying)
2023-02-22 16:19:39.165 INFO  o.s.c.s.PostProcessorRegistrationDelegate$BeanPostProcessorChecker - Bean 'userMapper' of type [org.mybatis.spring.mapper.MapperFactoryBean] is not eligible for getting processed by all BeanPostProcessors (for example: not eligible for auto-proxying)
2023-02-22 16:19:39.166 INFO  o.s.c.s.PostProcessorRegistrationDelegate$BeanPostProcessorChecker - Bean 'userMapper' of type [com.sun.proxy.$Proxy51] is not eligible for getting processed by all BeanPostProcessors (for example: not eligible for auto-proxying)
2023-02-22 16:19:39.167 INFO  o.s.c.s.PostProcessorRegistrationDelegate$BeanPostProcessorChecker - Bean 'myShiroRealm' of type [com.zestfulYoghurt.zy.shiro.LoginRealm] is not eligible for getting processed by all BeanPostProcessors (for example: not eligible for auto-proxying)
2023-02-22 16:19:39.170 INFO  o.s.c.s.PostProcessorRegistrationDelegate$BeanPostProcessorChecker - Bean 'securityManager' of type [org.apache.shiro.web.mgt.DefaultWebSecurityManager] is not eligible for getting processed by all BeanPostProcessors (for example: not eligible for auto-proxying)
2023-02-22 16:19:39.209 INFO  o.s.c.s.PostProcessorRegistrationDelegate$BeanPostProcessorChecker - Bean 'authorizationAttributeSourceAdvisor' of type [org.apache.shiro.spring.security.interceptor.AuthorizationAttributeSourceAdvisor] is not eligible for getting processed by all BeanPostProcessors (for example: not eligible for auto-proxying)
2023-02-22 16:19:39.720 INFO  o.s.boot.web.embedded.tomcat.TomcatWebServer - Tomcat initialized with port(s): 8086 (http)
2023-02-22 16:19:39.729 INFO  org.apache.coyote.http11.Http11NioProtocol - Initializing ProtocolHandler ["http-nio-8086"]
2023-02-22 16:19:39.729 INFO  org.apache.catalina.core.StandardService - Starting service [Tomcat]
2023-02-22 16:19:39.729 INFO  org.apache.catalina.core.StandardEngine - Starting Servlet engine: [Apache Tomcat/9.0.39]
2023-02-22 16:19:39.968 INFO  org.apache.jasper.servlet.TldScanner - At least one JAR was scanned for TLDs yet contained no TLDs. Enable debug logging for this logger for a complete list of JARs that were scanned but no TLDs were found in them. Skipping unneeded JARs during scanning can improve startup time and JSP compilation time.
2023-02-22 16:19:39.971 INFO  o.a.c.core.ContainerBase.[Tomcat].[localhost].[/] - Initializing Spring embedded WebApplicationContext
2023-02-22 16:19:39.972 INFO  o.s.b.w.s.c.ServletWebServerApplicationContext - Root WebApplicationContext: initialization completed in 2025 ms
2023-02-22 16:19:40.458 INFO  o.s.scheduling.concurrent.ThreadPoolTaskExecutor - Initializing ExecutorService 'applicationTaskExecutor'
2023-02-22 16:19:41.268 INFO  o.s.b.d.autoconfigure.OptionalLiveReloadServer - LiveReload server is running on port 35729
2023-02-22 16:19:41.289 INFO  org.apache.coyote.http11.Http11NioProtocol - Starting ProtocolHandler ["http-nio-8086"]
2023-02-22 16:19:41.315 INFO  o.s.boot.web.embedded.tomcat.TomcatWebServer - Tomcat started on port(s): 8086 (http) with context path ''
2023-02-22 16:19:41.329 INFO  com.zestfulYoghurt.zy.ZyApplication - Started ZyApplication in 3.9 seconds (JVM running for 4.949)
2023-02-22 16:19:50.166 INFO  o.a.c.core.ContainerBase.[Tomcat].[localhost].[/] - Initializing Spring DispatcherServlet 'dispatcherServlet'
2023-02-22 16:19:50.166 INFO  org.springframework.web.servlet.DispatcherServlet - Initializing Servlet 'dispatcherServlet'
2023-02-22 16:19:50.175 INFO  org.springframework.web.servlet.DispatcherServlet - Completed initialization in 9 ms
2023-02-22 16:19:50.270 INFO  c.zestfulYoghurt.zy.aop.loggerAop.LoggerAopAround - 
start====
全路径名：com.zestfulYoghurt.zy.controllers.login.LoginController@6aaee028
方 法 名：loginCheckOut
====start
end====
全路径名：com.zestfulYoghurt.zy.controllers.login.LoginController@6aaee028
方 法 名：loginCheckOut
====end


2023-02-22 16:19:50.288 INFO  com.zaxxer.hikari.HikariDataSource - HikariPool-1 - Starting...
2023-02-22 16:19:55.408 INFO  com.zestfulYoghurt.zy.shiro.LoginRealm - org.mybatis.spring.MyBatisSystemException: nested exception is org.apache.ibatis.exceptions.PersistenceException: 
### Error querying database.  Cause: org.springframework.jdbc.CannotGetJdbcConnectionException: Failed to obtain JDBC Connection; nested exception is com.mysql.jdbc.exceptions.jdbc4.CommunicationsException: Communications link failure

Last packet sent to the server was 0 ms ago.
### The error may exist in file [C:\Users\860619007\Desktop\work\blogs-master\web-app-serve\web-app-serve\target\classes\mappers\userMapper.xml]
### The error may involve com.zestfulYoghurt.zy.mappers.UserMapper.select
### The error occurred while executing a query
### Cause: org.springframework.jdbc.CannotGetJdbcConnectionException: Failed to obtain JDBC Connection; nested exception is com.mysql.jdbc.exceptions.jdbc4.CommunicationsException: Communications link failure

Last packet sent to the server was 0 ms ago.
2023-02-22 16:19:55.410 INFO  c.zestfulYoghurt.zy.aop.loggerAop.LoggerAopAround - 

2023-02-22 16:20:27.075 INFO  c.zestfulYoghurt.zy.aop.loggerAop.LoggerAopAround - 
start====
全路径名：com.zestfulYoghurt.zy.controllers.login.LoginController@6aaee028
方 法 名：loginCheckOut
====start
end====
全路径名：com.zestfulYoghurt.zy.controllers.login.LoginController@6aaee028
方 法 名：loginCheckOut
====end


2023-02-22 16:20:27.077 INFO  com.zaxxer.hikari.HikariDataSource - HikariPool-1 - Starting...
2023-02-22 16:20:32.184 INFO  com.zestfulYoghurt.zy.shiro.LoginRealm - org.mybatis.spring.MyBatisSystemException: nested exception is org.apache.ibatis.exceptions.PersistenceException: 
### Error querying database.  Cause: org.springframework.jdbc.CannotGetJdbcConnectionException: Failed to obtain JDBC Connection; nested exception is com.mysql.jdbc.exceptions.jdbc4.CommunicationsException: Communications link failure

Last packet sent to the server was 0 ms ago.
### The error may exist in file [C:\Users\860619007\Desktop\work\blogs-master\web-app-serve\web-app-serve\target\classes\mappers\userMapper.xml]
### The error may involve com.zestfulYoghurt.zy.mappers.UserMapper.select
### The error occurred while executing a query
### Cause: org.springframework.jdbc.CannotGetJdbcConnectionException: Failed to obtain JDBC Connection; nested exception is com.mysql.jdbc.exceptions.jdbc4.CommunicationsException: Communications link failure

Last packet sent to the server was 0 ms ago.
2023-02-22 16:20:32.185 INFO  c.zestfulYoghurt.zy.aop.loggerAop.LoggerAopAround - 

2023-02-22 16:21:11.881 INFO  c.zestfulYoghurt.zy.aop.loggerAop.LoggerAopAround - 
start====
全路径名：com.zestfulYoghurt.zy.controllers.login.LoginController@6aaee028
方 法 名：loginCheckOut
====start
end====
全路径名：com.zestfulYoghurt.zy.controllers.login.LoginController@6aaee028
方 法 名：loginCheckOut
====end


2023-02-22 16:21:18.169 INFO  com.zaxxer.hikari.HikariDataSource - HikariPool-1 - Starting...
2023-02-22 16:21:23.261 INFO  com.zestfulYoghurt.zy.shiro.LoginRealm - org.mybatis.spring.MyBatisSystemException: nested exception is org.apache.ibatis.exceptions.PersistenceException: 
### Error querying database.  Cause: org.springframework.jdbc.CannotGetJdbcConnectionException: Failed to obtain JDBC Connection; nested exception is com.mysql.jdbc.exceptions.jdbc4.CommunicationsException: Communications link failure

Last packet sent to the server was 0 ms ago.
### The error may exist in file [C:\Users\860619007\Desktop\work\blogs-master\web-app-serve\web-app-serve\target\classes\mappers\userMapper.xml]
### The error may involve com.zestfulYoghurt.zy.mappers.UserMapper.select
### The error occurred while executing a query
### Cause: org.springframework.jdbc.CannotGetJdbcConnectionException: Failed to obtain JDBC Connection; nested exception is com.mysql.jdbc.exceptions.jdbc4.CommunicationsException: Communications link failure

Last packet sent to the server was 0 ms ago.
2023-02-22 16:21:23.261 INFO  c.zestfulYoghurt.zy.aop.loggerAop.LoggerAopAround - 

2023-02-22 16:22:24.278 INFO  c.zestfulYoghurt.zy.aop.loggerAop.LoggerAopAround - 
start====
全路径名：com.zestfulYoghurt.zy.controllers.login.LoginController@6aaee028
方 法 名：loginCheckOut
====start
end====
全路径名：com.zestfulYoghurt.zy.controllers.login.LoginController@6aaee028
方 法 名：loginCheckOut
====end


2023-02-22 16:22:27.949 INFO  com.zaxxer.hikari.HikariDataSource - HikariPool-1 - Starting...
2023-02-22 16:22:33.047 INFO  com.zestfulYoghurt.zy.shiro.LoginRealm - org.mybatis.spring.MyBatisSystemException: nested exception is org.apache.ibatis.exceptions.PersistenceException: 
### Error querying database.  Cause: org.springframework.jdbc.CannotGetJdbcConnectionException: Failed to obtain JDBC Connection; nested exception is com.mysql.jdbc.exceptions.jdbc4.CommunicationsException: Communications link failure

Last packet sent to the server was 0 ms ago.
### The error may exist in file [C:\Users\860619007\Desktop\work\blogs-master\web-app-serve\web-app-serve\target\classes\mappers\userMapper.xml]
### The error may involve com.zestfulYoghurt.zy.mappers.UserMapper.select
### The error occurred while executing a query
### Cause: org.springframework.jdbc.CannotGetJdbcConnectionException: Failed to obtain JDBC Connection; nested exception is com.mysql.jdbc.exceptions.jdbc4.CommunicationsException: Communications link failure

Last packet sent to the server was 0 ms ago.
2023-02-22 16:22:58.200 INFO  c.zestfulYoghurt.zy.aop.loggerAop.LoggerAopAround - 

2023-02-22 16:32:32.620 INFO  o.s.scheduling.concurrent.ThreadPoolTaskExecutor - Shutting down ExecutorService 'applicationTaskExecutor'
