2021-12-29 10:34:39.817 INFO  com.zestfulYoghurt.zy.ZyApplication - Starting ZyApplication on zhangyi211123 with PID 10528 (C:\Users\860120017\Desktop\project\web-app-serve\web-app-serve\target\classes started by 860120017 in C:\Users\860120017\Desktop\project\web-app-serve\web-app-serve)
2021-12-29 10:34:39.831 INFO  com.zestfulYoghurt.zy.ZyApplication - The following profiles are active: logger,mail,mybatisDev,mysql,redis
2021-12-29 10:34:39.874 INFO  o.s.b.d.env.DevToolsPropertyDefaultsPostProcessor - Devtools property defaults active! Set 'spring.devtools.add-properties' to 'false' to disable
2021-12-29 10:34:39.874 INFO  o.s.b.d.env.DevToolsPropertyDefaultsPostProcessor - For additional web related logging consider setting the 'logging.level.web' property to 'DEBUG'
2021-12-29 10:34:40.481 INFO  o.s.d.r.config.RepositoryConfigurationDelegate - Multiple Spring Data modules found, entering strict repository configuration mode!
2021-12-29 10:34:40.484 INFO  o.s.d.r.config.RepositoryConfigurationDelegate - Bootstrapping Spring Data Redis repositories in DEFAULT mode.
2021-12-29 10:34:40.518 INFO  o.s.d.r.config.RepositoryConfigurationDelegate - Finished Spring Data repository scanning in 11ms. Found 0 Redis repository interfaces.
2021-12-29 10:34:40.681 INFO  o.s.c.s.PostProcessorRegistrationDelegate$BeanPostProcessorChecker - Bean 'shiroConfiguration' of type [com.zestfulYoghurt.zy.configuration.ShiroConfiguration$$EnhancerBySpringCGLIB$$f9da433e] is not eligible for getting processed by all BeanPostProcessors (for example: not eligible for auto-proxying)
2021-12-29 10:34:40.991 INFO  o.s.c.s.PostProcessorRegistrationDelegate$BeanPostProcessorChecker - Bean 'mybatis-org.mybatis.spring.boot.autoconfigure.MybatisProperties' of type [org.mybatis.spring.boot.autoconfigure.MybatisProperties] is not eligible for getting processed by all BeanPostProcessors (for example: not eligible for auto-proxying)
2021-12-29 10:34:40.996 INFO  o.s.c.s.PostProcessorRegistrationDelegate$BeanPostProcessorChecker - Bean 'org.mybatis.spring.boot.autoconfigure.MybatisAutoConfiguration' of type [org.mybatis.spring.boot.autoconfigure.MybatisAutoConfiguration$$EnhancerBySpringCGLIB$$b5fcda0f] is not eligible for getting processed by all BeanPostProcessors (for example: not eligible for auto-proxying)
2021-12-29 10:34:40.997 INFO  o.s.c.s.PostProcessorRegistrationDelegate$BeanPostProcessorChecker - Bean 'org.springframework.boot.autoconfigure.jdbc.DataSourceConfiguration$Hikari' of type [org.springframework.boot.autoconfigure.jdbc.DataSourceConfiguration$Hikari] is not eligible for getting processed by all BeanPostProcessors (for example: not eligible for auto-proxying)
2021-12-29 10:34:41.004 INFO  o.s.c.s.PostProcessorRegistrationDelegate$BeanPostProcessorChecker - Bean 'spring.datasource-org.springframework.boot.autoconfigure.jdbc.DataSourceProperties' of type [org.springframework.boot.autoconfigure.jdbc.DataSourceProperties] is not eligible for getting processed by all BeanPostProcessors (for example: not eligible for auto-proxying)
2021-12-29 10:34:41.017 INFO  o.s.c.s.PostProcessorRegistrationDelegate$BeanPostProcessorChecker - Bean 'dataSource' of type [com.zaxxer.hikari.HikariDataSource] is not eligible for getting processed by all BeanPostProcessors (for example: not eligible for auto-proxying)
2021-12-29 10:34:41.127 INFO  o.s.c.s.PostProcessorRegistrationDelegate$BeanPostProcessorChecker - Bean 'sqlSessionFactory' of type [org.apache.ibatis.session.defaults.DefaultSqlSessionFactory] is not eligible for getting processed by all BeanPostProcessors (for example: not eligible for auto-proxying)
2021-12-29 10:34:41.130 INFO  o.s.c.s.PostProcessorRegistrationDelegate$BeanPostProcessorChecker - Bean 'sqlSessionTemplate' of type [org.mybatis.spring.SqlSessionTemplate] is not eligible for getting processed by all BeanPostProcessors (for example: not eligible for auto-proxying)
2021-12-29 10:34:41.131 INFO  o.s.c.s.PostProcessorRegistrationDelegate$BeanPostProcessorChecker - Bean 'userMapper' of type [org.mybatis.spring.mapper.MapperFactoryBean] is not eligible for getting processed by all BeanPostProcessors (for example: not eligible for auto-proxying)
2021-12-29 10:34:41.132 INFO  o.s.c.s.PostProcessorRegistrationDelegate$BeanPostProcessorChecker - Bean 'userMapper' of type [com.sun.proxy.$Proxy50] is not eligible for getting processed by all BeanPostProcessors (for example: not eligible for auto-proxying)
2021-12-29 10:34:41.133 INFO  o.s.c.s.PostProcessorRegistrationDelegate$BeanPostProcessorChecker - Bean 'myShiroRealm' of type [com.zestfulYoghurt.zy.shiro.LoginRealm] is not eligible for getting processed by all BeanPostProcessors (for example: not eligible for auto-proxying)
2021-12-29 10:34:41.134 INFO  o.s.c.s.PostProcessorRegistrationDelegate$BeanPostProcessorChecker - Bean 'securityManager' of type [org.apache.shiro.web.mgt.DefaultWebSecurityManager] is not eligible for getting processed by all BeanPostProcessors (for example: not eligible for auto-proxying)
2021-12-29 10:34:41.169 INFO  o.s.c.s.PostProcessorRegistrationDelegate$BeanPostProcessorChecker - Bean 'authorizationAttributeSourceAdvisor' of type [org.apache.shiro.spring.security.interceptor.AuthorizationAttributeSourceAdvisor] is not eligible for getting processed by all BeanPostProcessors (for example: not eligible for auto-proxying)
2021-12-29 10:34:41.626 INFO  o.s.boot.web.embedded.tomcat.TomcatWebServer - Tomcat initialized with port(s): 8086 (http)
2021-12-29 10:34:41.634 INFO  org.apache.coyote.http11.Http11NioProtocol - Initializing ProtocolHandler ["http-nio-8086"]
2021-12-29 10:34:41.635 INFO  org.apache.catalina.core.StandardService - Starting service [Tomcat]
2021-12-29 10:34:41.635 INFO  org.apache.catalina.core.StandardEngine - Starting Servlet engine: [Apache Tomcat/9.0.39]
2021-12-29 10:34:41.874 INFO  org.apache.jasper.servlet.TldScanner - At least one JAR was scanned for TLDs yet contained no TLDs. Enable debug logging for this logger for a complete list of JARs that were scanned but no TLDs were found in them. Skipping unneeded JARs during scanning can improve startup time and JSP compilation time.
2021-12-29 10:34:41.878 INFO  o.a.c.core.ContainerBase.[Tomcat].[localhost].[/] - Initializing Spring embedded WebApplicationContext
2021-12-29 10:34:41.878 INFO  o.s.b.w.s.c.ServletWebServerApplicationContext - Root WebApplicationContext: initialization completed in 2003 ms
2021-12-29 10:34:42.260 INFO  o.s.scheduling.concurrent.ThreadPoolTaskExecutor - Initializing ExecutorService 'applicationTaskExecutor'
2021-12-29 10:34:42.373 INFO  o.s.b.a.web.servlet.WelcomePageHandlerMapping - Adding welcome page template: index
2021-12-29 10:34:43.115 INFO  o.s.b.d.autoconfigure.OptionalLiveReloadServer - LiveReload server is running on port 35729
2021-12-29 10:34:43.131 INFO  org.apache.coyote.http11.Http11NioProtocol - Starting ProtocolHandler ["http-nio-8086"]
2021-12-29 10:34:43.152 INFO  o.s.boot.web.embedded.tomcat.TomcatWebServer - Tomcat started on port(s): 8086 (http) with context path ''
2021-12-29 10:34:43.166 INFO  com.zestfulYoghurt.zy.ZyApplication - Started ZyApplication in 3.754 seconds (JVM running for 5.214)
2021-12-29 10:36:00.739 INFO  o.a.c.core.ContainerBase.[Tomcat].[localhost].[/] - Initializing Spring DispatcherServlet 'dispatcherServlet'
2021-12-29 10:36:00.739 INFO  org.springframework.web.servlet.DispatcherServlet - Initializing Servlet 'dispatcherServlet'
2021-12-29 10:36:00.750 INFO  org.springframework.web.servlet.DispatcherServlet - Completed initialization in 11 ms
2021-12-29 10:36:00.796 INFO  c.zestfulYoghurt.zy.aop.LoggerAop.LoggerAopAround - 
start====
全路径名：com.zestfulYoghurt.zy.controllers.testController.Test1@3aa8b24e
方 法 名：getServerPort
====start
end====
全路径名：com.zestfulYoghurt.zy.controllers.testController.Test1@3aa8b24e
方 法 名：getServerPort
====end


2021-12-29 10:36:00.798 INFO  c.zestfulYoghurt.zy.aop.LoggerAop.LoggerAopAround - 

2021-12-29 10:36:00.812 INFO  c.zestfulYoghurt.zy.aop.LoggerAop.LoggerAopAround - 
start====
全路径名：com.zestfulYoghurt.zy.controllers.testController.Test1@3aa8b24e
方 法 名：getServerPort
====start
end====
全路径名：com.zestfulYoghurt.zy.controllers.testController.Test1@3aa8b24e
方 法 名：getServerPort
====end


2021-12-29 10:36:00.813 INFO  c.zestfulYoghurt.zy.aop.LoggerAop.LoggerAopAround - 

2021-12-29 10:36:42.436 INFO  c.zestfulYoghurt.zy.aop.LoggerAop.LoggerAopAround - 
start====
全路径名：com.zestfulYoghurt.zy.controllers.testController.Test1@3aa8b24e
方 法 名：getServerPort
====start
end====
全路径名：com.zestfulYoghurt.zy.controllers.testController.Test1@3aa8b24e
方 法 名：getServerPort
====end


2021-12-29 10:36:42.436 INFO  c.zestfulYoghurt.zy.aop.LoggerAop.LoggerAopAround - 

2021-12-29 10:36:42.439 INFO  c.zestfulYoghurt.zy.aop.LoggerAop.LoggerAopAround - 
start====
全路径名：com.zestfulYoghurt.zy.controllers.testController.Test1@3aa8b24e
方 法 名：getServerPort
====start
end====
全路径名：com.zestfulYoghurt.zy.controllers.testController.Test1@3aa8b24e
方 法 名：getServerPort
====end


2021-12-29 10:36:42.439 INFO  c.zestfulYoghurt.zy.aop.LoggerAop.LoggerAopAround - 

2021-12-29 10:39:38.740 INFO  c.zestfulYoghurt.zy.aop.LoggerAop.LoggerAopAround - 
start====
全路径名：com.zestfulYoghurt.zy.controllers.testController.Test1@3aa8b24e
方 法 名：getServerPort
====start
end====
全路径名：com.zestfulYoghurt.zy.controllers.testController.Test1@3aa8b24e
方 法 名：getServerPort
====end


2021-12-29 10:39:38.740 INFO  c.zestfulYoghurt.zy.aop.LoggerAop.LoggerAopAround - 

2021-12-29 10:39:56.683 INFO  c.zestfulYoghurt.zy.aop.LoggerAop.LoggerAopAround - 
start====
全路径名：com.zestfulYoghurt.zy.controllers.testController.Test1@3aa8b24e
方 法 名：getServerPort
====start
end====
全路径名：com.zestfulYoghurt.zy.controllers.testController.Test1@3aa8b24e
方 法 名：getServerPort
====end


2021-12-29 10:39:56.683 INFO  c.zestfulYoghurt.zy.aop.LoggerAop.LoggerAopAround - 

2021-12-29 10:39:56.685 INFO  c.zestfulYoghurt.zy.aop.LoggerAop.LoggerAopAround - 
start====
全路径名：com.zestfulYoghurt.zy.controllers.testController.Test1@3aa8b24e
方 法 名：getServerPort
====start
end====
全路径名：com.zestfulYoghurt.zy.controllers.testController.Test1@3aa8b24e
方 法 名：getServerPort
====end


2021-12-29 10:39:56.685 INFO  c.zestfulYoghurt.zy.aop.LoggerAop.LoggerAopAround - 

2021-12-29 10:39:56.687 INFO  c.zestfulYoghurt.zy.aop.LoggerAop.LoggerAopAround - 
start====
全路径名：com.zestfulYoghurt.zy.controllers.testController.Test1@3aa8b24e
方 法 名：getServerPort
====start
end====
全路径名：com.zestfulYoghurt.zy.controllers.testController.Test1@3aa8b24e
方 法 名：getServerPort
====end


2021-12-29 10:39:56.687 INFO  c.zestfulYoghurt.zy.aop.LoggerAop.LoggerAopAround - 

2021-12-29 10:40:26.911 INFO  c.zestfulYoghurt.zy.aop.LoggerAop.LoggerAopAround - 
start====
全路径名：com.zestfulYoghurt.zy.controllers.testController.Test1@3aa8b24e
方 法 名：getServerPort
====start
end====
全路径名：com.zestfulYoghurt.zy.controllers.testController.Test1@3aa8b24e
方 法 名：getServerPort
====end


2021-12-29 10:40:26.911 INFO  c.zestfulYoghurt.zy.aop.LoggerAop.LoggerAopAround - 

2021-12-29 10:40:26.914 INFO  c.zestfulYoghurt.zy.aop.LoggerAop.LoggerAopAround - 
start====
全路径名：com.zestfulYoghurt.zy.controllers.testController.Test1@3aa8b24e
方 法 名：getServerPort
====start
end====
全路径名：com.zestfulYoghurt.zy.controllers.testController.Test1@3aa8b24e
方 法 名：getServerPort
====end


2021-12-29 10:40:26.914 INFO  c.zestfulYoghurt.zy.aop.LoggerAop.LoggerAopAround - 

2021-12-29 10:40:26.916 INFO  c.zestfulYoghurt.zy.aop.LoggerAop.LoggerAopAround - 
start====
全路径名：com.zestfulYoghurt.zy.controllers.testController.Test1@3aa8b24e
方 法 名：getServerPort
====start
end====
全路径名：com.zestfulYoghurt.zy.controllers.testController.Test1@3aa8b24e
方 法 名：getServerPort
====end


2021-12-29 10:40:26.916 INFO  c.zestfulYoghurt.zy.aop.LoggerAop.LoggerAopAround - 

2021-12-29 10:40:40.352 INFO  c.zestfulYoghurt.zy.aop.LoggerAop.LoggerAopAround - 
start====
全路径名：com.zestfulYoghurt.zy.controllers.testController.Test1@3aa8b24e
方 法 名：getServerPort
====start
end====
全路径名：com.zestfulYoghurt.zy.controllers.testController.Test1@3aa8b24e
方 法 名：getServerPort
====end


2021-12-29 10:40:40.352 INFO  c.zestfulYoghurt.zy.aop.LoggerAop.LoggerAopAround - 

2021-12-29 10:40:40.354 INFO  c.zestfulYoghurt.zy.aop.LoggerAop.LoggerAopAround - 
start====
全路径名：com.zestfulYoghurt.zy.controllers.testController.Test1@3aa8b24e
方 法 名：getServerPort
====start
end====
全路径名：com.zestfulYoghurt.zy.controllers.testController.Test1@3aa8b24e
方 法 名：getServerPort
====end


2021-12-29 10:40:40.354 INFO  c.zestfulYoghurt.zy.aop.LoggerAop.LoggerAopAround - 

2021-12-29 10:40:40.356 INFO  c.zestfulYoghurt.zy.aop.LoggerAop.LoggerAopAround - 
start====
全路径名：com.zestfulYoghurt.zy.controllers.testController.Test1@3aa8b24e
方 法 名：getServerPort
====start
end====
全路径名：com.zestfulYoghurt.zy.controllers.testController.Test1@3aa8b24e
方 法 名：getServerPort
====end


2021-12-29 10:40:40.356 INFO  c.zestfulYoghurt.zy.aop.LoggerAop.LoggerAopAround - 

2021-12-29 10:41:32.296 INFO  c.zestfulYoghurt.zy.aop.LoggerAop.LoggerAopAround - 
start====
全路径名：com.zestfulYoghurt.zy.controllers.testController.Test1@3aa8b24e
方 法 名：getServerPort
====start
end====
全路径名：com.zestfulYoghurt.zy.controllers.testController.Test1@3aa8b24e
方 法 名：getServerPort
====end


2021-12-29 10:41:32.296 INFO  c.zestfulYoghurt.zy.aop.LoggerAop.LoggerAopAround - 

2021-12-29 10:41:32.299 INFO  c.zestfulYoghurt.zy.aop.LoggerAop.LoggerAopAround - 
start====
全路径名：com.zestfulYoghurt.zy.controllers.testController.Test1@3aa8b24e
方 法 名：getServerPort
====start
end====
全路径名：com.zestfulYoghurt.zy.controllers.testController.Test1@3aa8b24e
方 法 名：getServerPort
====end


2021-12-29 10:41:32.299 INFO  c.zestfulYoghurt.zy.aop.LoggerAop.LoggerAopAround - 

2021-12-29 10:41:32.300 INFO  c.zestfulYoghurt.zy.aop.LoggerAop.LoggerAopAround - 
start====
全路径名：com.zestfulYoghurt.zy.controllers.testController.Test1@3aa8b24e
方 法 名：getServerPort
====start
end====
全路径名：com.zestfulYoghurt.zy.controllers.testController.Test1@3aa8b24e
方 法 名：getServerPort
====end


2021-12-29 10:41:32.301 INFO  c.zestfulYoghurt.zy.aop.LoggerAop.LoggerAopAround - 

2021-12-29 10:42:50.530 INFO  c.zestfulYoghurt.zy.aop.LoggerAop.LoggerAopAround - 
start====
全路径名：com.zestfulYoghurt.zy.controllers.testController.Test1@3aa8b24e
方 法 名：getServerPort
====start
end====
全路径名：com.zestfulYoghurt.zy.controllers.testController.Test1@3aa8b24e
方 法 名：getServerPort
====end


2021-12-29 10:42:50.530 INFO  c.zestfulYoghurt.zy.aop.LoggerAop.LoggerAopAround - 

2021-12-29 10:42:50.532 INFO  c.zestfulYoghurt.zy.aop.LoggerAop.LoggerAopAround - 
start====
全路径名：com.zestfulYoghurt.zy.controllers.testController.Test1@3aa8b24e
方 法 名：getServerPort
====start
end====
全路径名：com.zestfulYoghurt.zy.controllers.testController.Test1@3aa8b24e
方 法 名：getServerPort
====end


2021-12-29 10:42:50.532 INFO  c.zestfulYoghurt.zy.aop.LoggerAop.LoggerAopAround - 

2021-12-29 10:42:50.534 INFO  c.zestfulYoghurt.zy.aop.LoggerAop.LoggerAopAround - 
start====
全路径名：com.zestfulYoghurt.zy.controllers.testController.Test1@3aa8b24e
方 法 名：getServerPort
====start
end====
全路径名：com.zestfulYoghurt.zy.controllers.testController.Test1@3aa8b24e
方 法 名：getServerPort
====end


2021-12-29 10:42:50.534 INFO  c.zestfulYoghurt.zy.aop.LoggerAop.LoggerAopAround - 

2021-12-29 10:42:56.862 INFO  c.zestfulYoghurt.zy.aop.LoggerAop.LoggerAopAround - 
start====
全路径名：com.zestfulYoghurt.zy.controllers.testController.Test1@3aa8b24e
方 法 名：getServerPort
====start
end====
全路径名：com.zestfulYoghurt.zy.controllers.testController.Test1@3aa8b24e
方 法 名：getServerPort
====end


2021-12-29 10:42:56.862 INFO  c.zestfulYoghurt.zy.aop.LoggerAop.LoggerAopAround - 

2021-12-29 10:42:56.865 INFO  c.zestfulYoghurt.zy.aop.LoggerAop.LoggerAopAround - 
start====
全路径名：com.zestfulYoghurt.zy.controllers.testController.Test1@3aa8b24e
方 法 名：getServerPort
====start
end====
全路径名：com.zestfulYoghurt.zy.controllers.testController.Test1@3aa8b24e
方 法 名：getServerPort
====end


2021-12-29 10:42:56.865 INFO  c.zestfulYoghurt.zy.aop.LoggerAop.LoggerAopAround - 

2021-12-29 10:42:56.867 INFO  c.zestfulYoghurt.zy.aop.LoggerAop.LoggerAopAround - 
start====
全路径名：com.zestfulYoghurt.zy.controllers.testController.Test1@3aa8b24e
方 法 名：getServerPort
====start
end====
全路径名：com.zestfulYoghurt.zy.controllers.testController.Test1@3aa8b24e
方 法 名：getServerPort
====end


2021-12-29 10:42:56.867 INFO  c.zestfulYoghurt.zy.aop.LoggerAop.LoggerAopAround - 

2021-12-29 10:43:27.981 INFO  c.zestfulYoghurt.zy.aop.LoggerAop.LoggerAopAround - 
start====
全路径名：com.zestfulYoghurt.zy.controllers.testController.Test1@3aa8b24e
方 法 名：getServerPort
====start
end====
全路径名：com.zestfulYoghurt.zy.controllers.testController.Test1@3aa8b24e
方 法 名：getServerPort
====end


2021-12-29 10:43:27.981 INFO  c.zestfulYoghurt.zy.aop.LoggerAop.LoggerAopAround - 

2021-12-29 10:43:27.983 INFO  c.zestfulYoghurt.zy.aop.LoggerAop.LoggerAopAround - 
start====
全路径名：com.zestfulYoghurt.zy.controllers.testController.Test1@3aa8b24e
方 法 名：getServerPort
====start
end====
全路径名：com.zestfulYoghurt.zy.controllers.testController.Test1@3aa8b24e
方 法 名：getServerPort
====end


2021-12-29 10:43:27.983 INFO  c.zestfulYoghurt.zy.aop.LoggerAop.LoggerAopAround - 

2021-12-29 10:43:27.985 INFO  c.zestfulYoghurt.zy.aop.LoggerAop.LoggerAopAround - 
start====
全路径名：com.zestfulYoghurt.zy.controllers.testController.Test1@3aa8b24e
方 法 名：getServerPort
====start
end====
全路径名：com.zestfulYoghurt.zy.controllers.testController.Test1@3aa8b24e
方 法 名：getServerPort
====end


2021-12-29 10:43:27.985 INFO  c.zestfulYoghurt.zy.aop.LoggerAop.LoggerAopAround - 

2021-12-29 10:44:16.158 INFO  c.zestfulYoghurt.zy.aop.LoggerAop.LoggerAopAround - 
start====
全路径名：com.zestfulYoghurt.zy.controllers.testController.Test1@3aa8b24e
方 法 名：getServerPort
====start
end====
全路径名：com.zestfulYoghurt.zy.controllers.testController.Test1@3aa8b24e
方 法 名：getServerPort
====end


2021-12-29 10:44:16.159 INFO  c.zestfulYoghurt.zy.aop.LoggerAop.LoggerAopAround - 

2021-12-29 10:45:20.675 INFO  c.zestfulYoghurt.zy.aop.LoggerAop.LoggerAopAround - 
start====
全路径名：com.zestfulYoghurt.zy.controllers.testController.Test1@3aa8b24e
方 法 名：getServerPort
====start
end====
全路径名：com.zestfulYoghurt.zy.controllers.testController.Test1@3aa8b24e
方 法 名：getServerPort
====end


2021-12-29 10:45:20.675 INFO  c.zestfulYoghurt.zy.aop.LoggerAop.LoggerAopAround - 

2021-12-29 10:45:54.093 INFO  com.zaxxer.hikari.HikariDataSource - HikariPool-1 - Starting...
2021-12-29 10:45:55.202 INFO  com.zestfulYoghurt.zy.shiro.LoginRealm - org.mybatis.spring.MyBatisSystemException: nested exception is org.apache.ibatis.exceptions.PersistenceException: 
### Error querying database.  Cause: org.springframework.jdbc.CannotGetJdbcConnectionException: Failed to obtain JDBC Connection; nested exception is com.mysql.jdbc.exceptions.jdbc4.MySQLSyntaxErrorException: Unknown database 'blogs'
### The error may exist in file [C:\Users\860120017\Desktop\project\web-app-serve\web-app-serve\target\classes\mappers\userMapper.xml]
### The error may involve com.zestfulYoghurt.zy.mappers.UserMapper.select
### The error occurred while executing a query
### Cause: org.springframework.jdbc.CannotGetJdbcConnectionException: Failed to obtain JDBC Connection; nested exception is com.mysql.jdbc.exceptions.jdbc4.MySQLSyntaxErrorException: Unknown database 'blogs'
2021-12-29 10:45:55.218 INFO  c.zestfulYoghurt.zy.aop.LoggerAop.LoggerAopAround - 
start====
全路径名：com.zestfulYoghurt.zy.controllers.login.LoginController@5f988ed8
方 法 名：loginCheckOut
====start
end====
全路径名：com.zestfulYoghurt.zy.controllers.login.LoginController@5f988ed8
方 法 名：loginCheckOut
====end


2021-12-29 10:46:31.399 INFO  com.zaxxer.hikari.HikariDataSource - HikariPool-1 - Starting...
2021-12-29 10:46:36.007 INFO  com.zestfulYoghurt.zy.shiro.LoginRealm - org.mybatis.spring.MyBatisSystemException: nested exception is org.apache.ibatis.exceptions.PersistenceException: 
### Error querying database.  Cause: org.springframework.jdbc.CannotGetJdbcConnectionException: Failed to obtain JDBC Connection; nested exception is com.mysql.jdbc.exceptions.jdbc4.MySQLSyntaxErrorException: Unknown database 'blogs'
### The error may exist in file [C:\Users\860120017\Desktop\project\web-app-serve\web-app-serve\target\classes\mappers\userMapper.xml]
### The error may involve com.zestfulYoghurt.zy.mappers.UserMapper.select
### The error occurred while executing a query
### Cause: org.springframework.jdbc.CannotGetJdbcConnectionException: Failed to obtain JDBC Connection; nested exception is com.mysql.jdbc.exceptions.jdbc4.MySQLSyntaxErrorException: Unknown database 'blogs'
2021-12-29 10:46:36.007 INFO  c.zestfulYoghurt.zy.aop.LoggerAop.LoggerAopAround - 
start====
全路径名：com.zestfulYoghurt.zy.controllers.login.LoginController@5f988ed8
方 法 名：loginCheckOut
====start
end====
全路径名：com.zestfulYoghurt.zy.controllers.login.LoginController@5f988ed8
方 法 名：loginCheckOut
====end


2021-12-29 10:47:43.515 INFO  o.s.scheduling.concurrent.ThreadPoolTaskExecutor - Shutting down ExecutorService 'applicationTaskExecutor'
2021-12-29 10:47:54.361 INFO  com.zestfulYoghurt.zy.ZyApplication - Starting ZyApplication on zhangyi211123 with PID 8624 (C:\Users\860120017\Desktop\project\web-app-serve\web-app-serve\target\classes started by 860120017 in C:\Users\860120017\Desktop\project\web-app-serve\web-app-serve)
2021-12-29 10:47:54.362 INFO  com.zestfulYoghurt.zy.ZyApplication - The following profiles are active: logger,mail,mybatisDev,mysql,redis
2021-12-29 10:47:54.398 INFO  o.s.b.d.env.DevToolsPropertyDefaultsPostProcessor - Devtools property defaults active! Set 'spring.devtools.add-properties' to 'false' to disable
2021-12-29 10:47:54.398 INFO  o.s.b.d.env.DevToolsPropertyDefaultsPostProcessor - For additional web related logging consider setting the 'logging.level.web' property to 'DEBUG'
2021-12-29 10:47:54.911 INFO  o.s.d.r.config.RepositoryConfigurationDelegate - Multiple Spring Data modules found, entering strict repository configuration mode!
2021-12-29 10:47:54.912 INFO  o.s.d.r.config.RepositoryConfigurationDelegate - Bootstrapping Spring Data Redis repositories in DEFAULT mode.
2021-12-29 10:47:54.942 INFO  o.s.d.r.config.RepositoryConfigurationDelegate - Finished Spring Data repository scanning in 12ms. Found 0 Redis repository interfaces.
2021-12-29 10:47:55.086 INFO  o.s.c.s.PostProcessorRegistrationDelegate$BeanPostProcessorChecker - Bean 'shiroConfiguration' of type [com.zestfulYoghurt.zy.configuration.ShiroConfiguration$$EnhancerBySpringCGLIB$$cd765b97] is not eligible for getting processed by all BeanPostProcessors (for example: not eligible for auto-proxying)
2021-12-29 10:47:55.253 INFO  o.s.c.s.PostProcessorRegistrationDelegate$BeanPostProcessorChecker - Bean 'mybatis-org.mybatis.spring.boot.autoconfigure.MybatisProperties' of type [org.mybatis.spring.boot.autoconfigure.MybatisProperties] is not eligible for getting processed by all BeanPostProcessors (for example: not eligible for auto-proxying)
2021-12-29 10:47:55.258 INFO  o.s.c.s.PostProcessorRegistrationDelegate$BeanPostProcessorChecker - Bean 'org.mybatis.spring.boot.autoconfigure.MybatisAutoConfiguration' of type [org.mybatis.spring.boot.autoconfigure.MybatisAutoConfiguration$$EnhancerBySpringCGLIB$$8998f268] is not eligible for getting processed by all BeanPostProcessors (for example: not eligible for auto-proxying)
2021-12-29 10:47:55.259 INFO  o.s.c.s.PostProcessorRegistrationDelegate$BeanPostProcessorChecker - Bean 'org.springframework.boot.autoconfigure.jdbc.DataSourceConfiguration$Hikari' of type [org.springframework.boot.autoconfigure.jdbc.DataSourceConfiguration$Hikari] is not eligible for getting processed by all BeanPostProcessors (for example: not eligible for auto-proxying)
2021-12-29 10:47:55.266 INFO  o.s.c.s.PostProcessorRegistrationDelegate$BeanPostProcessorChecker - Bean 'spring.datasource-org.springframework.boot.autoconfigure.jdbc.DataSourceProperties' of type [org.springframework.boot.autoconfigure.jdbc.DataSourceProperties] is not eligible for getting processed by all BeanPostProcessors (for example: not eligible for auto-proxying)
2021-12-29 10:47:55.281 INFO  o.s.c.s.PostProcessorRegistrationDelegate$BeanPostProcessorChecker - Bean 'dataSource' of type [com.zaxxer.hikari.HikariDataSource] is not eligible for getting processed by all BeanPostProcessors (for example: not eligible for auto-proxying)
2021-12-29 10:47:55.361 INFO  o.s.c.s.PostProcessorRegistrationDelegate$BeanPostProcessorChecker - Bean 'sqlSessionFactory' of type [org.apache.ibatis.session.defaults.DefaultSqlSessionFactory] is not eligible for getting processed by all BeanPostProcessors (for example: not eligible for auto-proxying)
2021-12-29 10:47:55.364 INFO  o.s.c.s.PostProcessorRegistrationDelegate$BeanPostProcessorChecker - Bean 'sqlSessionTemplate' of type [org.mybatis.spring.SqlSessionTemplate] is not eligible for getting processed by all BeanPostProcessors (for example: not eligible for auto-proxying)
2021-12-29 10:47:55.364 INFO  o.s.c.s.PostProcessorRegistrationDelegate$BeanPostProcessorChecker - Bean 'userMapper' of type [org.mybatis.spring.mapper.MapperFactoryBean] is not eligible for getting processed by all BeanPostProcessors (for example: not eligible for auto-proxying)
2021-12-29 10:47:55.365 INFO  o.s.c.s.PostProcessorRegistrationDelegate$BeanPostProcessorChecker - Bean 'userMapper' of type [com.sun.proxy.$Proxy50] is not eligible for getting processed by all BeanPostProcessors (for example: not eligible for auto-proxying)
2021-12-29 10:47:55.366 INFO  o.s.c.s.PostProcessorRegistrationDelegate$BeanPostProcessorChecker - Bean 'myShiroRealm' of type [com.zestfulYoghurt.zy.shiro.LoginRealm] is not eligible for getting processed by all BeanPostProcessors (for example: not eligible for auto-proxying)
2021-12-29 10:47:55.368 INFO  o.s.c.s.PostProcessorRegistrationDelegate$BeanPostProcessorChecker - Bean 'securityManager' of type [org.apache.shiro.web.mgt.DefaultWebSecurityManager] is not eligible for getting processed by all BeanPostProcessors (for example: not eligible for auto-proxying)
2021-12-29 10:47:55.397 INFO  o.s.c.s.PostProcessorRegistrationDelegate$BeanPostProcessorChecker - Bean 'authorizationAttributeSourceAdvisor' of type [org.apache.shiro.spring.security.interceptor.AuthorizationAttributeSourceAdvisor] is not eligible for getting processed by all BeanPostProcessors (for example: not eligible for auto-proxying)
2021-12-29 10:47:55.769 INFO  o.s.boot.web.embedded.tomcat.TomcatWebServer - Tomcat initialized with port(s): 8086 (http)
2021-12-29 10:47:55.769 INFO  org.apache.coyote.http11.Http11NioProtocol - Initializing ProtocolHandler ["http-nio-8086"]
2021-12-29 10:47:55.769 INFO  org.apache.catalina.core.StandardService - Starting service [Tomcat]
2021-12-29 10:47:55.769 INFO  org.apache.catalina.core.StandardEngine - Starting Servlet engine: [Apache Tomcat/9.0.39]
2021-12-29 10:47:55.972 INFO  org.apache.jasper.servlet.TldScanner - At least one JAR was scanned for TLDs yet contained no TLDs. Enable debug logging for this logger for a complete list of JARs that were scanned but no TLDs were found in them. Skipping unneeded JARs during scanning can improve startup time and JSP compilation time.
2021-12-29 10:47:55.972 INFO  o.a.c.core.ContainerBase.[Tomcat].[localhost].[/] - Initializing Spring embedded WebApplicationContext
2021-12-29 10:47:55.972 INFO  o.s.b.w.s.c.ServletWebServerApplicationContext - Root WebApplicationContext: initialization completed in 1574 ms
2021-12-29 10:47:56.301 INFO  o.s.scheduling.concurrent.ThreadPoolTaskExecutor - Initializing ExecutorService 'applicationTaskExecutor'
2021-12-29 10:47:56.394 INFO  o.s.b.a.web.servlet.WelcomePageHandlerMapping - Adding welcome page template: index
2021-12-29 10:47:56.911 INFO  o.s.b.d.autoconfigure.OptionalLiveReloadServer - LiveReload server is running on port 35729
2021-12-29 10:47:56.927 INFO  org.apache.coyote.http11.Http11NioProtocol - Starting ProtocolHandler ["http-nio-8086"]
2021-12-29 10:47:56.942 INFO  o.s.boot.web.embedded.tomcat.TomcatWebServer - Tomcat started on port(s): 8086 (http) with context path ''
2021-12-29 10:47:56.958 INFO  com.zestfulYoghurt.zy.ZyApplication - Started ZyApplication in 2.952 seconds (JVM running for 3.495)
2021-12-29 10:48:02.537 INFO  o.a.c.core.ContainerBase.[Tomcat].[localhost].[/] - Initializing Spring DispatcherServlet 'dispatcherServlet'
2021-12-29 10:48:02.537 INFO  org.springframework.web.servlet.DispatcherServlet - Initializing Servlet 'dispatcherServlet'
2021-12-29 10:48:02.545 INFO  org.springframework.web.servlet.DispatcherServlet - Completed initialization in 8 ms
2021-12-29 10:48:02.581 INFO  c.zestfulYoghurt.zy.aop.LoggerAop.LoggerAopAround - 
start====
全路径名：com.zestfulYoghurt.zy.controllers.testController.Test1@5cb33562
方 法 名：getServerPort
====start
end====
全路径名：com.zestfulYoghurt.zy.controllers.testController.Test1@5cb33562
方 法 名：getServerPort
====end


2021-12-29 10:48:02.583 INFO  c.zestfulYoghurt.zy.aop.LoggerAop.LoggerAopAround - 

2021-12-29 10:48:02.600 INFO  c.zestfulYoghurt.zy.aop.LoggerAop.LoggerAopAround - 
start====
全路径名：com.zestfulYoghurt.zy.controllers.testController.Test1@5cb33562
方 法 名：getServerPort
====start
end====
全路径名：com.zestfulYoghurt.zy.controllers.testController.Test1@5cb33562
方 法 名：getServerPort
====end


2021-12-29 10:48:02.601 INFO  c.zestfulYoghurt.zy.aop.LoggerAop.LoggerAopAround - 

2021-12-29 10:48:02.603 INFO  c.zestfulYoghurt.zy.aop.LoggerAop.LoggerAopAround - 
start====
全路径名：com.zestfulYoghurt.zy.controllers.testController.Test1@5cb33562
方 法 名：getServerPort
====start
end====
全路径名：com.zestfulYoghurt.zy.controllers.testController.Test1@5cb33562
方 法 名：getServerPort
====end


2021-12-29 10:48:02.603 INFO  c.zestfulYoghurt.zy.aop.LoggerAop.LoggerAopAround - 

2021-12-29 10:48:19.228 INFO  com.zaxxer.hikari.HikariDataSource - HikariPool-1 - Starting...
2021-12-29 10:48:20.322 INFO  com.zestfulYoghurt.zy.shiro.LoginRealm - org.mybatis.spring.MyBatisSystemException: nested exception is org.apache.ibatis.exceptions.PersistenceException: 
### Error querying database.  Cause: org.springframework.jdbc.CannotGetJdbcConnectionException: Failed to obtain JDBC Connection; nested exception is com.mysql.jdbc.exceptions.jdbc4.MySQLSyntaxErrorException: Unknown database 'blogs'
### The error may exist in file [C:\Users\860120017\Desktop\project\web-app-serve\web-app-serve\target\classes\mappers\userMapper.xml]
### The error may involve com.zestfulYoghurt.zy.mappers.UserMapper.select
### The error occurred while executing a query
### Cause: org.springframework.jdbc.CannotGetJdbcConnectionException: Failed to obtain JDBC Connection; nested exception is com.mysql.jdbc.exceptions.jdbc4.MySQLSyntaxErrorException: Unknown database 'blogs'
2021-12-29 10:48:20.369 INFO  c.zestfulYoghurt.zy.aop.LoggerAop.LoggerAopAround - 
start====
全路径名：com.zestfulYoghurt.zy.controllers.login.LoginController@7f368008
方 法 名：loginCheckOut
====start
end====
全路径名：com.zestfulYoghurt.zy.controllers.login.LoginController@7f368008
方 法 名：loginCheckOut
====end


2021-12-29 10:48:20.369 INFO  c.zestfulYoghurt.zy.aop.LoggerAop.LoggerAopAround - 
start====
全路径名：com.zestfulYoghurt.zy.services.loginService.LoginServiceImp@45aef09e
方 法 名：loginCheckOut
====start
end====
全路径名：com.zestfulYoghurt.zy.services.loginService.LoginServiceImp@45aef09e
方 法 名：loginCheckOut
====end


2021-12-29 10:49:39.182 INFO  com.zaxxer.hikari.HikariDataSource - HikariPool-1 - Starting...
2021-12-29 10:49:40.213 INFO  com.zestfulYoghurt.zy.shiro.LoginRealm - org.mybatis.spring.MyBatisSystemException: nested exception is org.apache.ibatis.exceptions.PersistenceException: 
### Error querying database.  Cause: org.springframework.jdbc.CannotGetJdbcConnectionException: Failed to obtain JDBC Connection; nested exception is com.mysql.jdbc.exceptions.jdbc4.MySQLSyntaxErrorException: Unknown database 'blogs'
### The error may exist in file [C:\Users\860120017\Desktop\project\web-app-serve\web-app-serve\target\classes\mappers\userMapper.xml]
### The error may involve com.zestfulYoghurt.zy.mappers.UserMapper.select
### The error occurred while executing a query
### Cause: org.springframework.jdbc.CannotGetJdbcConnectionException: Failed to obtain JDBC Connection; nested exception is com.mysql.jdbc.exceptions.jdbc4.MySQLSyntaxErrorException: Unknown database 'blogs'
2021-12-29 10:49:40.213 INFO  c.zestfulYoghurt.zy.aop.LoggerAop.LoggerAopAround - 

2021-12-29 10:49:40.213 INFO  c.zestfulYoghurt.zy.aop.LoggerAop.LoggerAopAround - 

2021-12-29 10:49:40.352 INFO  o.s.scheduling.concurrent.ThreadPoolTaskExecutor - Shutting down ExecutorService 'applicationTaskExecutor'
2021-12-29 10:49:50.988 INFO  com.zestfulYoghurt.zy.ZyApplication - Starting ZyApplication on zhangyi211123 with PID 16692 (C:\Users\860120017\Desktop\project\web-app-serve\web-app-serve\target\classes started by 860120017 in C:\Users\860120017\Desktop\project\web-app-serve\web-app-serve)
2021-12-29 10:49:50.988 INFO  com.zestfulYoghurt.zy.ZyApplication - The following profiles are active: logger,mail,mybatisDev,mysql,redis
2021-12-29 10:49:51.020 INFO  o.s.b.d.env.DevToolsPropertyDefaultsPostProcessor - Devtools property defaults active! Set 'spring.devtools.add-properties' to 'false' to disable
2021-12-29 10:49:51.020 INFO  o.s.b.d.env.DevToolsPropertyDefaultsPostProcessor - For additional web related logging consider setting the 'logging.level.web' property to 'DEBUG'
2021-12-29 10:49:51.488 INFO  o.s.d.r.config.RepositoryConfigurationDelegate - Multiple Spring Data modules found, entering strict repository configuration mode!
2021-12-29 10:49:51.488 INFO  o.s.d.r.config.RepositoryConfigurationDelegate - Bootstrapping Spring Data Redis repositories in DEFAULT mode.
2021-12-29 10:49:51.520 INFO  o.s.d.r.config.RepositoryConfigurationDelegate - Finished Spring Data repository scanning in 10ms. Found 0 Redis repository interfaces.
2021-12-29 10:49:51.645 INFO  o.s.c.s.PostProcessorRegistrationDelegate$BeanPostProcessorChecker - Bean 'shiroConfiguration' of type [com.zestfulYoghurt.zy.configuration.ShiroConfiguration$$EnhancerBySpringCGLIB$$4e502333] is not eligible for getting processed by all BeanPostProcessors (for example: not eligible for auto-proxying)
2021-12-29 10:49:51.801 INFO  o.s.c.s.PostProcessorRegistrationDelegate$BeanPostProcessorChecker - Bean 'mybatis-org.mybatis.spring.boot.autoconfigure.MybatisProperties' of type [org.mybatis.spring.boot.autoconfigure.MybatisProperties] is not eligible for getting processed by all BeanPostProcessors (for example: not eligible for auto-proxying)
2021-12-29 10:49:51.801 INFO  o.s.c.s.PostProcessorRegistrationDelegate$BeanPostProcessorChecker - Bean 'org.mybatis.spring.boot.autoconfigure.MybatisAutoConfiguration' of type [org.mybatis.spring.boot.autoconfigure.MybatisAutoConfiguration$$EnhancerBySpringCGLIB$$a72ba04] is not eligible for getting processed by all BeanPostProcessors (for example: not eligible for auto-proxying)
2021-12-29 10:49:51.801 INFO  o.s.c.s.PostProcessorRegistrationDelegate$BeanPostProcessorChecker - Bean 'org.springframework.boot.autoconfigure.jdbc.DataSourceConfiguration$Hikari' of type [org.springframework.boot.autoconfigure.jdbc.DataSourceConfiguration$Hikari] is not eligible for getting processed by all BeanPostProcessors (for example: not eligible for auto-proxying)
2021-12-29 10:49:51.816 INFO  o.s.c.s.PostProcessorRegistrationDelegate$BeanPostProcessorChecker - Bean 'spring.datasource-org.springframework.boot.autoconfigure.jdbc.DataSourceProperties' of type [org.springframework.boot.autoconfigure.jdbc.DataSourceProperties] is not eligible for getting processed by all BeanPostProcessors (for example: not eligible for auto-proxying)
2021-12-29 10:49:51.816 INFO  o.s.c.s.PostProcessorRegistrationDelegate$BeanPostProcessorChecker - Bean 'dataSource' of type [com.zaxxer.hikari.HikariDataSource] is not eligible for getting processed by all BeanPostProcessors (for example: not eligible for auto-proxying)
2021-12-29 10:49:51.894 INFO  o.s.c.s.PostProcessorRegistrationDelegate$BeanPostProcessorChecker - Bean 'sqlSessionFactory' of type [org.apache.ibatis.session.defaults.DefaultSqlSessionFactory] is not eligible for getting processed by all BeanPostProcessors (for example: not eligible for auto-proxying)
2021-12-29 10:49:51.894 INFO  o.s.c.s.PostProcessorRegistrationDelegate$BeanPostProcessorChecker - Bean 'sqlSessionTemplate' of type [org.mybatis.spring.SqlSessionTemplate] is not eligible for getting processed by all BeanPostProcessors (for example: not eligible for auto-proxying)
2021-12-29 10:49:51.894 INFO  o.s.c.s.PostProcessorRegistrationDelegate$BeanPostProcessorChecker - Bean 'userMapper' of type [org.mybatis.spring.mapper.MapperFactoryBean] is not eligible for getting processed by all BeanPostProcessors (for example: not eligible for auto-proxying)
2021-12-29 10:49:51.894 INFO  o.s.c.s.PostProcessorRegistrationDelegate$BeanPostProcessorChecker - Bean 'userMapper' of type [com.sun.proxy.$Proxy50] is not eligible for getting processed by all BeanPostProcessors (for example: not eligible for auto-proxying)
2021-12-29 10:49:51.894 INFO  o.s.c.s.PostProcessorRegistrationDelegate$BeanPostProcessorChecker - Bean 'myShiroRealm' of type [com.zestfulYoghurt.zy.shiro.LoginRealm] is not eligible for getting processed by all BeanPostProcessors (for example: not eligible for auto-proxying)
2021-12-29 10:49:51.910 INFO  o.s.c.s.PostProcessorRegistrationDelegate$BeanPostProcessorChecker - Bean 'securityManager' of type [org.apache.shiro.web.mgt.DefaultWebSecurityManager] is not eligible for getting processed by all BeanPostProcessors (for example: not eligible for auto-proxying)
2021-12-29 10:49:51.926 INFO  o.s.c.s.PostProcessorRegistrationDelegate$BeanPostProcessorChecker - Bean 'authorizationAttributeSourceAdvisor' of type [org.apache.shiro.spring.security.interceptor.AuthorizationAttributeSourceAdvisor] is not eligible for getting processed by all BeanPostProcessors (for example: not eligible for auto-proxying)
2021-12-29 10:49:52.285 INFO  o.s.boot.web.embedded.tomcat.TomcatWebServer - Tomcat initialized with port(s): 8086 (http)
2021-12-29 10:49:52.285 INFO  org.apache.coyote.http11.Http11NioProtocol - Initializing ProtocolHandler ["http-nio-8086"]
2021-12-29 10:49:52.285 INFO  org.apache.catalina.core.StandardService - Starting service [Tomcat]
2021-12-29 10:49:52.285 INFO  org.apache.catalina.core.StandardEngine - Starting Servlet engine: [Apache Tomcat/9.0.39]
2021-12-29 10:49:52.457 INFO  org.apache.jasper.servlet.TldScanner - At least one JAR was scanned for TLDs yet contained no TLDs. Enable debug logging for this logger for a complete list of JARs that were scanned but no TLDs were found in them. Skipping unneeded JARs during scanning can improve startup time and JSP compilation time.
2021-12-29 10:49:52.457 INFO  o.a.c.core.ContainerBase.[Tomcat].[localhost].[/] - Initializing Spring embedded WebApplicationContext
2021-12-29 10:49:52.457 INFO  o.s.b.w.s.c.ServletWebServerApplicationContext - Root WebApplicationContext: initialization completed in 1437 ms
2021-12-29 10:49:52.801 INFO  o.s.scheduling.concurrent.ThreadPoolTaskExecutor - Initializing ExecutorService 'applicationTaskExecutor'
2021-12-29 10:49:52.879 INFO  o.s.b.a.web.servlet.WelcomePageHandlerMapping - Adding welcome page template: index
2021-12-29 10:49:53.394 INFO  o.s.b.d.autoconfigure.OptionalLiveReloadServer - LiveReload server is running on port 35729
2021-12-29 10:49:53.410 INFO  org.apache.coyote.http11.Http11NioProtocol - Starting ProtocolHandler ["http-nio-8086"]
2021-12-29 10:49:53.425 INFO  o.s.boot.web.embedded.tomcat.TomcatWebServer - Tomcat started on port(s): 8086 (http) with context path ''
2021-12-29 10:49:53.441 INFO  com.zestfulYoghurt.zy.ZyApplication - Started ZyApplication in 2.806 seconds (JVM running for 3.295)
2021-12-29 10:51:49.598 INFO  o.s.scheduling.concurrent.ThreadPoolTaskExecutor - Shutting down ExecutorService 'applicationTaskExecutor'
2021-12-29 10:51:56.369 INFO  com.zestfulYoghurt.zy.ZyApplication - Starting ZyApplication on zhangyi211123 with PID 13660 (C:\Users\860120017\Desktop\project\web-app-serve\web-app-serve\target\classes started by 860120017 in C:\Users\860120017\Desktop\project\web-app-serve\web-app-serve)
2021-12-29 10:51:56.369 INFO  com.zestfulYoghurt.zy.ZyApplication - The following profiles are active: logger,mail,mybatisDev,mysql,redis
2021-12-29 10:51:56.400 INFO  o.s.b.d.env.DevToolsPropertyDefaultsPostProcessor - Devtools property defaults active! Set 'spring.devtools.add-properties' to 'false' to disable
2021-12-29 10:51:56.400 INFO  o.s.b.d.env.DevToolsPropertyDefaultsPostProcessor - For additional web related logging consider setting the 'logging.level.web' property to 'DEBUG'
2021-12-29 10:51:56.853 INFO  o.s.d.r.config.RepositoryConfigurationDelegate - Multiple Spring Data modules found, entering strict repository configuration mode!
2021-12-29 10:51:56.853 INFO  o.s.d.r.config.RepositoryConfigurationDelegate - Bootstrapping Spring Data Redis repositories in DEFAULT mode.
2021-12-29 10:51:56.884 INFO  o.s.d.r.config.RepositoryConfigurationDelegate - Finished Spring Data repository scanning in 10ms. Found 0 Redis repository interfaces.
2021-12-29 10:51:57.009 INFO  o.s.c.s.PostProcessorRegistrationDelegate$BeanPostProcessorChecker - Bean 'shiroConfiguration' of type [com.zestfulYoghurt.zy.configuration.ShiroConfiguration$$EnhancerBySpringCGLIB$$56c9c384] is not eligible for getting processed by all BeanPostProcessors (for example: not eligible for auto-proxying)
2021-12-29 10:51:57.166 INFO  o.s.c.s.PostProcessorRegistrationDelegate$BeanPostProcessorChecker - Bean 'mybatis-org.mybatis.spring.boot.autoconfigure.MybatisProperties' of type [org.mybatis.spring.boot.autoconfigure.MybatisProperties] is not eligible for getting processed by all BeanPostProcessors (for example: not eligible for auto-proxying)
2021-12-29 10:51:57.166 INFO  o.s.c.s.PostProcessorRegistrationDelegate$BeanPostProcessorChecker - Bean 'org.mybatis.spring.boot.autoconfigure.MybatisAutoConfiguration' of type [org.mybatis.spring.boot.autoconfigure.MybatisAutoConfiguration$$EnhancerBySpringCGLIB$$12ec5a55] is not eligible for getting processed by all BeanPostProcessors (for example: not eligible for auto-proxying)
2021-12-29 10:51:57.166 INFO  o.s.c.s.PostProcessorRegistrationDelegate$BeanPostProcessorChecker - Bean 'org.springframework.boot.autoconfigure.jdbc.DataSourceConfiguration$Hikari' of type [org.springframework.boot.autoconfigure.jdbc.DataSourceConfiguration$Hikari] is not eligible for getting processed by all BeanPostProcessors (for example: not eligible for auto-proxying)
2021-12-29 10:51:57.166 INFO  o.s.c.s.PostProcessorRegistrationDelegate$BeanPostProcessorChecker - Bean 'spring.datasource-org.springframework.boot.autoconfigure.jdbc.DataSourceProperties' of type [org.springframework.boot.autoconfigure.jdbc.DataSourceProperties] is not eligible for getting processed by all BeanPostProcessors (for example: not eligible for auto-proxying)
2021-12-29 10:51:57.181 INFO  o.s.c.s.PostProcessorRegistrationDelegate$BeanPostProcessorChecker - Bean 'dataSource' of type [com.zaxxer.hikari.HikariDataSource] is not eligible for getting processed by all BeanPostProcessors (for example: not eligible for auto-proxying)
2021-12-29 10:51:57.275 INFO  o.s.c.s.PostProcessorRegistrationDelegate$BeanPostProcessorChecker - Bean 'sqlSessionFactory' of type [org.apache.ibatis.session.defaults.DefaultSqlSessionFactory] is not eligible for getting processed by all BeanPostProcessors (for example: not eligible for auto-proxying)
2021-12-29 10:51:57.275 INFO  o.s.c.s.PostProcessorRegistrationDelegate$BeanPostProcessorChecker - Bean 'sqlSessionTemplate' of type [org.mybatis.spring.SqlSessionTemplate] is not eligible for getting processed by all BeanPostProcessors (for example: not eligible for auto-proxying)
2021-12-29 10:51:57.275 INFO  o.s.c.s.PostProcessorRegistrationDelegate$BeanPostProcessorChecker - Bean 'userMapper' of type [org.mybatis.spring.mapper.MapperFactoryBean] is not eligible for getting processed by all BeanPostProcessors (for example: not eligible for auto-proxying)
2021-12-29 10:51:57.275 INFO  o.s.c.s.PostProcessorRegistrationDelegate$BeanPostProcessorChecker - Bean 'userMapper' of type [com.sun.proxy.$Proxy50] is not eligible for getting processed by all BeanPostProcessors (for example: not eligible for auto-proxying)
2021-12-29 10:51:57.275 INFO  o.s.c.s.PostProcessorRegistrationDelegate$BeanPostProcessorChecker - Bean 'myShiroRealm' of type [com.zestfulYoghurt.zy.shiro.LoginRealm] is not eligible for getting processed by all BeanPostProcessors (for example: not eligible for auto-proxying)
2021-12-29 10:51:57.275 INFO  o.s.c.s.PostProcessorRegistrationDelegate$BeanPostProcessorChecker - Bean 'securityManager' of type [org.apache.shiro.web.mgt.DefaultWebSecurityManager] is not eligible for getting processed by all BeanPostProcessors (for example: not eligible for auto-proxying)
2021-12-29 10:51:57.306 INFO  o.s.c.s.PostProcessorRegistrationDelegate$BeanPostProcessorChecker - Bean 'authorizationAttributeSourceAdvisor' of type [org.apache.shiro.spring.security.interceptor.AuthorizationAttributeSourceAdvisor] is not eligible for getting processed by all BeanPostProcessors (for example: not eligible for auto-proxying)
2021-12-29 10:51:57.665 INFO  o.s.boot.web.embedded.tomcat.TomcatWebServer - Tomcat initialized with port(s): 8086 (http)
2021-12-29 10:51:57.665 INFO  org.apache.coyote.http11.Http11NioProtocol - Initializing ProtocolHandler ["http-nio-8086"]
2021-12-29 10:51:57.665 INFO  org.apache.catalina.core.StandardService - Starting service [Tomcat]
2021-12-29 10:51:57.665 INFO  org.apache.catalina.core.StandardEngine - Starting Servlet engine: [Apache Tomcat/9.0.39]
2021-12-29 10:51:57.853 INFO  org.apache.jasper.servlet.TldScanner - At least one JAR was scanned for TLDs yet contained no TLDs. Enable debug logging for this logger for a complete list of JARs that were scanned but no TLDs were found in them. Skipping unneeded JARs during scanning can improve startup time and JSP compilation time.
2021-12-29 10:51:57.853 INFO  o.a.c.core.ContainerBase.[Tomcat].[localhost].[/] - Initializing Spring embedded WebApplicationContext
2021-12-29 10:51:57.853 INFO  o.s.b.w.s.c.ServletWebServerApplicationContext - Root WebApplicationContext: initialization completed in 1453 ms
2021-12-29 10:51:58.212 INFO  o.s.scheduling.concurrent.ThreadPoolTaskExecutor - Initializing ExecutorService 'applicationTaskExecutor'
2021-12-29 10:51:58.306 INFO  o.s.b.a.web.servlet.WelcomePageHandlerMapping - Adding welcome page template: index
2021-12-29 10:51:58.868 INFO  o.s.b.d.autoconfigure.OptionalLiveReloadServer - LiveReload server is running on port 35729
2021-12-29 10:51:58.868 INFO  org.apache.coyote.http11.Http11NioProtocol - Starting ProtocolHandler ["http-nio-8086"]
2021-12-29 10:51:58.899 INFO  o.s.boot.web.embedded.tomcat.TomcatWebServer - Tomcat started on port(s): 8086 (http) with context path ''
2021-12-29 10:51:58.899 INFO  com.zestfulYoghurt.zy.ZyApplication - Started ZyApplication in 2.887 seconds (JVM running for 3.359)
2021-12-29 10:52:10.974 INFO  o.a.c.core.ContainerBase.[Tomcat].[localhost].[/] - Initializing Spring DispatcherServlet 'dispatcherServlet'
2021-12-29 10:52:10.974 INFO  org.springframework.web.servlet.DispatcherServlet - Initializing Servlet 'dispatcherServlet'
2021-12-29 10:52:10.983 INFO  org.springframework.web.servlet.DispatcherServlet - Completed initialization in 8 ms
2021-12-29 10:52:11.018 INFO  c.zestfulYoghurt.zy.aop.LoggerAop.LoggerAopAround - 
start====
全路径名：com.zestfulYoghurt.zy.controllers.testController.Test1@4ec007ee
方 法 名：getServerPort
====start
end====
全路径名：com.zestfulYoghurt.zy.controllers.testController.Test1@4ec007ee
方 法 名：getServerPort
====end


2021-12-29 10:52:11.021 INFO  c.zestfulYoghurt.zy.aop.LoggerAop.LoggerAopAround - 

2021-12-29 10:52:11.037 INFO  c.zestfulYoghurt.zy.aop.LoggerAop.LoggerAopAround - 
start====
全路径名：com.zestfulYoghurt.zy.controllers.testController.Test1@4ec007ee
方 法 名：getServerPort
====start
end====
全路径名：com.zestfulYoghurt.zy.controllers.testController.Test1@4ec007ee
方 法 名：getServerPort
====end


2021-12-29 10:52:11.037 INFO  c.zestfulYoghurt.zy.aop.LoggerAop.LoggerAopAround - 

2021-12-29 10:52:11.039 INFO  c.zestfulYoghurt.zy.aop.LoggerAop.LoggerAopAround - 
start====
全路径名：com.zestfulYoghurt.zy.controllers.testController.Test1@4ec007ee
方 法 名：getServerPort
====start
end====
全路径名：com.zestfulYoghurt.zy.controllers.testController.Test1@4ec007ee
方 法 名：getServerPort
====end


2021-12-29 10:52:11.039 INFO  c.zestfulYoghurt.zy.aop.LoggerAop.LoggerAopAround - 

2021-12-29 10:52:20.990 INFO  c.zestfulYoghurt.zy.aop.LoggerAop.LoggerAopAround - 
start====
全路径名：com.zestfulYoghurt.zy.controllers.login.LoginController@48590d3d
方 法 名：loginCheckOut
====start
end====
全路径名：com.zestfulYoghurt.zy.controllers.login.LoginController@48590d3d
方 法 名：loginCheckOut
====end


2021-12-29 10:52:20.990 INFO  c.zestfulYoghurt.zy.aop.LoggerAop.LoggerAopAround - 
start====
全路径名：com.zestfulYoghurt.zy.services.loginService.LoginServiceImp@b027717
方 法 名：loginCheckOut
====start
end====
全路径名：com.zestfulYoghurt.zy.services.loginService.LoginServiceImp@b027717
方 法 名：loginCheckOut
====end


2021-12-29 10:54:24.587 INFO  com.zaxxer.hikari.HikariDataSource - HikariPool-1 - Starting...
2021-12-29 10:54:25.665 INFO  com.zestfulYoghurt.zy.shiro.LoginRealm - org.mybatis.spring.MyBatisSystemException: nested exception is org.apache.ibatis.exceptions.PersistenceException: 
### Error querying database.  Cause: org.springframework.jdbc.CannotGetJdbcConnectionException: Failed to obtain JDBC Connection; nested exception is com.mysql.jdbc.exceptions.jdbc4.MySQLSyntaxErrorException: Unknown database 'blogs'
### The error may exist in file [C:\Users\860120017\Desktop\project\web-app-serve\web-app-serve\target\classes\mappers\userMapper.xml]
### The error may involve com.zestfulYoghurt.zy.mappers.UserMapper.select
### The error occurred while executing a query
### Cause: org.springframework.jdbc.CannotGetJdbcConnectionException: Failed to obtain JDBC Connection; nested exception is com.mysql.jdbc.exceptions.jdbc4.MySQLSyntaxErrorException: Unknown database 'blogs'
2021-12-29 10:54:47.409 INFO  c.zestfulYoghurt.zy.aop.LoggerAop.LoggerAopAround - 

2021-12-29 10:54:47.409 INFO  c.zestfulYoghurt.zy.aop.LoggerAop.LoggerAopAround - 

2021-12-29 11:08:44.704 INFO  c.zestfulYoghurt.zy.aop.LoggerAop.LoggerAopAround - 
start====
全路径名：com.zestfulYoghurt.zy.controllers.testController.Test1@4ec007ee
方 法 名：getServerPort
====start
end====
全路径名：com.zestfulYoghurt.zy.controllers.testController.Test1@4ec007ee
方 法 名：getServerPort
====end


2021-12-29 11:08:44.704 INFO  c.zestfulYoghurt.zy.aop.LoggerAop.LoggerAopAround - 

2021-12-29 11:08:44.708 INFO  c.zestfulYoghurt.zy.aop.LoggerAop.LoggerAopAround - 
start====
全路径名：com.zestfulYoghurt.zy.controllers.testController.Test1@4ec007ee
方 法 名：getServerPort
====start
end====
全路径名：com.zestfulYoghurt.zy.controllers.testController.Test1@4ec007ee
方 法 名：getServerPort
====end


2021-12-29 11:08:44.708 INFO  c.zestfulYoghurt.zy.aop.LoggerAop.LoggerAopAround - 

2021-12-29 11:08:44.710 INFO  c.zestfulYoghurt.zy.aop.LoggerAop.LoggerAopAround - 
start====
全路径名：com.zestfulYoghurt.zy.controllers.testController.Test1@4ec007ee
方 法 名：getServerPort
====start
end====
全路径名：com.zestfulYoghurt.zy.controllers.testController.Test1@4ec007ee
方 法 名：getServerPort
====end


2021-12-29 11:08:44.710 INFO  c.zestfulYoghurt.zy.aop.LoggerAop.LoggerAopAround - 

2021-12-29 16:05:32.826 INFO  com.zestfulYoghurt.zy.ZyApplication - Starting ZyApplication on zhangyi211123 with PID 2708 (C:\Users\860120017\Desktop\project\web-app-serve\web-app-serve\target\classes started by 860120017 in C:\Users\860120017\Desktop\project\web-app-serve\web-app-serve)
2021-12-29 16:05:32.828 INFO  com.zestfulYoghurt.zy.ZyApplication - The following profiles are active: logger,mail,mybatisDev,mysql,redis
2021-12-29 16:05:32.863 INFO  o.s.b.d.env.DevToolsPropertyDefaultsPostProcessor - Devtools property defaults active! Set 'spring.devtools.add-properties' to 'false' to disable
2021-12-29 16:05:32.863 INFO  o.s.b.d.env.DevToolsPropertyDefaultsPostProcessor - For additional web related logging consider setting the 'logging.level.web' property to 'DEBUG'
2021-12-29 16:05:33.501 INFO  o.s.d.r.config.RepositoryConfigurationDelegate - Multiple Spring Data modules found, entering strict repository configuration mode!
2021-12-29 16:05:33.517 INFO  o.s.d.r.config.RepositoryConfigurationDelegate - Bootstrapping Spring Data Redis repositories in DEFAULT mode.
2021-12-29 16:05:33.539 INFO  o.s.d.r.config.RepositoryConfigurationDelegate - Finished Spring Data repository scanning in 11ms. Found 0 Redis repository interfaces.
2021-12-29 16:05:33.724 INFO  o.s.c.s.PostProcessorRegistrationDelegate$BeanPostProcessorChecker - Bean 'shiroConfiguration' of type [com.zestfulYoghurt.zy.configuration.ShiroConfiguration$$EnhancerBySpringCGLIB$$3789982f] is not eligible for getting processed by all BeanPostProcessors (for example: not eligible for auto-proxying)
2021-12-29 16:05:34.040 INFO  o.s.c.s.PostProcessorRegistrationDelegate$BeanPostProcessorChecker - Bean 'mybatis-org.mybatis.spring.boot.autoconfigure.MybatisProperties' of type [org.mybatis.spring.boot.autoconfigure.MybatisProperties] is not eligible for getting processed by all BeanPostProcessors (for example: not eligible for auto-proxying)
2021-12-29 16:05:34.040 INFO  o.s.c.s.PostProcessorRegistrationDelegate$BeanPostProcessorChecker - Bean 'org.mybatis.spring.boot.autoconfigure.MybatisAutoConfiguration' of type [org.mybatis.spring.boot.autoconfigure.MybatisAutoConfiguration$$EnhancerBySpringCGLIB$$f3ac2f00] is not eligible for getting processed by all BeanPostProcessors (for example: not eligible for auto-proxying)
2021-12-29 16:05:34.040 INFO  o.s.c.s.PostProcessorRegistrationDelegate$BeanPostProcessorChecker - Bean 'org.springframework.boot.autoconfigure.jdbc.DataSourceConfiguration$Hikari' of type [org.springframework.boot.autoconfigure.jdbc.DataSourceConfiguration$Hikari] is not eligible for getting processed by all BeanPostProcessors (for example: not eligible for auto-proxying)
2021-12-29 16:05:34.056 INFO  o.s.c.s.PostProcessorRegistrationDelegate$BeanPostProcessorChecker - Bean 'spring.datasource-org.springframework.boot.autoconfigure.jdbc.DataSourceProperties' of type [org.springframework.boot.autoconfigure.jdbc.DataSourceProperties] is not eligible for getting processed by all BeanPostProcessors (for example: not eligible for auto-proxying)
2021-12-29 16:05:34.071 INFO  o.s.c.s.PostProcessorRegistrationDelegate$BeanPostProcessorChecker - Bean 'dataSource' of type [com.zaxxer.hikari.HikariDataSource] is not eligible for getting processed by all BeanPostProcessors (for example: not eligible for auto-proxying)
2021-12-29 16:05:34.156 INFO  o.s.c.s.PostProcessorRegistrationDelegate$BeanPostProcessorChecker - Bean 'sqlSessionFactory' of type [org.apache.ibatis.session.defaults.DefaultSqlSessionFactory] is not eligible for getting processed by all BeanPostProcessors (for example: not eligible for auto-proxying)
2021-12-29 16:05:34.172 INFO  o.s.c.s.PostProcessorRegistrationDelegate$BeanPostProcessorChecker - Bean 'sqlSessionTemplate' of type [org.mybatis.spring.SqlSessionTemplate] is not eligible for getting processed by all BeanPostProcessors (for example: not eligible for auto-proxying)
2021-12-29 16:05:34.172 INFO  o.s.c.s.PostProcessorRegistrationDelegate$BeanPostProcessorChecker - Bean 'userMapper' of type [org.mybatis.spring.mapper.MapperFactoryBean] is not eligible for getting processed by all BeanPostProcessors (for example: not eligible for auto-proxying)
2021-12-29 16:05:34.172 INFO  o.s.c.s.PostProcessorRegistrationDelegate$BeanPostProcessorChecker - Bean 'userMapper' of type [com.sun.proxy.$Proxy50] is not eligible for getting processed by all BeanPostProcessors (for example: not eligible for auto-proxying)
2021-12-29 16:05:34.172 INFO  o.s.c.s.PostProcessorRegistrationDelegate$BeanPostProcessorChecker - Bean 'myShiroRealm' of type [com.zestfulYoghurt.zy.shiro.LoginRealm] is not eligible for getting processed by all BeanPostProcessors (for example: not eligible for auto-proxying)
2021-12-29 16:05:34.172 INFO  o.s.c.s.PostProcessorRegistrationDelegate$BeanPostProcessorChecker - Bean 'securityManager' of type [org.apache.shiro.web.mgt.DefaultWebSecurityManager] is not eligible for getting processed by all BeanPostProcessors (for example: not eligible for auto-proxying)
2021-12-29 16:05:34.203 INFO  o.s.c.s.PostProcessorRegistrationDelegate$BeanPostProcessorChecker - Bean 'authorizationAttributeSourceAdvisor' of type [org.apache.shiro.spring.security.interceptor.AuthorizationAttributeSourceAdvisor] is not eligible for getting processed by all BeanPostProcessors (for example: not eligible for auto-proxying)
2021-12-29 16:05:34.690 INFO  o.s.boot.web.embedded.tomcat.TomcatWebServer - Tomcat initialized with port(s): 8086 (http)
2021-12-29 16:05:34.700 INFO  org.apache.coyote.http11.Http11NioProtocol - Initializing ProtocolHandler ["http-nio-8086"]
2021-12-29 16:05:34.700 INFO  org.apache.catalina.core.StandardService - Starting service [Tomcat]
2021-12-29 16:05:34.700 INFO  org.apache.catalina.core.StandardEngine - Starting Servlet engine: [Apache Tomcat/9.0.39]
2021-12-29 16:05:34.905 INFO  org.apache.jasper.servlet.TldScanner - At least one JAR was scanned for TLDs yet contained no TLDs. Enable debug logging for this logger for a complete list of JARs that were scanned but no TLDs were found in them. Skipping unneeded JARs during scanning can improve startup time and JSP compilation time.
2021-12-29 16:05:34.905 INFO  o.a.c.core.ContainerBase.[Tomcat].[localhost].[/] - Initializing Spring embedded WebApplicationContext
2021-12-29 16:05:34.905 INFO  o.s.b.w.s.c.ServletWebServerApplicationContext - Root WebApplicationContext: initialization completed in 2042 ms
2021-12-29 16:05:35.271 INFO  o.s.scheduling.concurrent.ThreadPoolTaskExecutor - Initializing ExecutorService 'applicationTaskExecutor'
2021-12-29 16:05:35.359 INFO  o.s.b.a.web.servlet.WelcomePageHandlerMapping - Adding welcome page template: index
2021-12-29 16:05:36.007 INFO  o.s.b.d.autoconfigure.OptionalLiveReloadServer - LiveReload server is running on port 35729
2021-12-29 16:05:36.023 INFO  org.apache.coyote.http11.Http11NioProtocol - Starting ProtocolHandler ["http-nio-8086"]
2021-12-29 16:05:36.038 INFO  o.s.boot.web.embedded.tomcat.TomcatWebServer - Tomcat started on port(s): 8086 (http) with context path ''
2021-12-29 16:05:36.061 INFO  com.zestfulYoghurt.zy.ZyApplication - Started ZyApplication in 3.637 seconds (JVM running for 5.169)
2021-12-29 16:06:41.156 INFO  o.a.c.core.ContainerBase.[Tomcat].[localhost].[/] - Initializing Spring DispatcherServlet 'dispatcherServlet'
2021-12-29 16:06:41.156 INFO  org.springframework.web.servlet.DispatcherServlet - Initializing Servlet 'dispatcherServlet'
2021-12-29 16:06:41.164 INFO  org.springframework.web.servlet.DispatcherServlet - Completed initialization in 8 ms
2021-12-29 16:07:37.358 INFO  c.zestfulYoghurt.zy.aop.LoggerAop.LoggerAopAround - 
start====
全路径名：com.zestfulYoghurt.zy.controllers.testController.Test1@19072a45
方 法 名：getServerPort
====start
end====
全路径名：com.zestfulYoghurt.zy.controllers.testController.Test1@19072a45
方 法 名：getServerPort
====end


2021-12-29 16:07:37.361 INFO  c.zestfulYoghurt.zy.aop.LoggerAop.LoggerAopAround - 

2021-12-29 16:08:16.722 INFO  c.zestfulYoghurt.zy.aop.LoggerAop.LoggerAopAround - 
start====
全路径名：com.zestfulYoghurt.zy.controllers.testController.Test1@19072a45
方 法 名：getServerPort
====start
end====
全路径名：com.zestfulYoghurt.zy.controllers.testController.Test1@19072a45
方 法 名：getServerPort
====end


2021-12-29 16:08:16.722 INFO  c.zestfulYoghurt.zy.aop.LoggerAop.LoggerAopAround - 

2021-12-29 16:18:01.410 INFO  c.zestfulYoghurt.zy.aop.LoggerAop.LoggerAopAround - 
start====
全路径名：com.zestfulYoghurt.zy.controllers.login.LoginController@169696f9
方 法 名：loginCheckOut
====start
end====
全路径名：com.zestfulYoghurt.zy.controllers.login.LoginController@169696f9
方 法 名：loginCheckOut
====end


2021-12-29 16:18:35.726 INFO  c.zestfulYoghurt.zy.aop.LoggerAop.LoggerAopAround - 

2021-12-29 16:18:42.696 INFO  c.zestfulYoghurt.zy.aop.LoggerAop.LoggerAopAround - 
start====
全路径名：com.zestfulYoghurt.zy.controllers.login.LoginController@169696f9
方 法 名：loginCheckOut
====start
end====
全路径名：com.zestfulYoghurt.zy.controllers.login.LoginController@169696f9
方 法 名：loginCheckOut
====end


2021-12-29 16:18:46.961 INFO  c.zestfulYoghurt.zy.aop.LoggerAop.LoggerAopAround - 
start====
全路径名：com.zestfulYoghurt.zy.services.loginService.LoginServiceImp@2329fdd7
方 法 名：loginCheckOut
====start
end====
全路径名：com.zestfulYoghurt.zy.services.loginService.LoginServiceImp@2329fdd7
方 法 名：loginCheckOut
====end


2021-12-29 16:18:49.569 INFO  com.zestfulYoghurt.zy.shiro.LoginRealm - org.mybatis.spring.MyBatisSystemException: nested exception is org.apache.ibatis.reflection.ReflectionException: There is no getter for property named 'name' in 'class com.zestfulYoghurt.zy.pojos.basePojo.User'
2021-12-29 16:18:50.851 INFO  c.zestfulYoghurt.zy.aop.LoggerAop.LoggerAopAround - 

2021-12-29 16:18:50.851 INFO  c.zestfulYoghurt.zy.aop.LoggerAop.LoggerAopAround - 

2021-12-29 17:39:21.503 INFO  o.s.scheduling.concurrent.ThreadPoolTaskExecutor - Shutting down ExecutorService 'applicationTaskExecutor'
